[2025-12-31 13:03:10] xcloner_api.INFO: Processing ajax request ID _kwz1ouk0a [] []
[2025-12-31 13:03:10] xcloner_api.INFO: Processing ajax request ID _5h4dlvysb [] []
[2025-12-31 13:04:56] xcloner_api.INFO: Processing ajax request ID _gho64khcb [] []
[2025-12-31 13:04:57] xcloner_api.INFO: Processing ajax request ID _efx5wmmw1 [] []
[2025-12-31 13:06:07] xcloner_file_system.INFO: Cleaning the backup storage LOCAL on matching rules [] []
[2025-12-31 13:11:33] xcloner_api.INFO: Processing ajax request ID _vrmxolemo [] []
[2025-12-31 13:11:34] xcloner_api.INFO: Processing ajax request ID _99ki1lxid [] []
[2025-12-31 13:11:40] xcloner_api.INFO: Processing ajax request ID _oihmt1zu5 [] []
[2025-12-31 13:11:40] xcloner_api.INFO: Processing ajax request ID _iptnqw05l [] []
[2025-12-31 13:11:40] xcloner_api.INFO: Processing ajax request ID _c781iubej [] []
[2025-12-31 13:11:40] xcloner_api.INFO: Processing ajax request ID _x795e4db5 [] []
[2025-12-31 13:11:57] xcloner_api.INFO: Processing ajax request ID _fkhgbkbhr [] []
[2025-12-31 13:11:57] xcloner_api.INFO: Processing ajax request ID _mquyuc07a [] []
[2025-12-31 13:11:57] xcloner_api.INFO: Processing ajax request ID _fvxukjz1x [] []
[2025-12-31 13:11:57] xcloner_api.INFO: Processing ajax request ID _qommcormj [] []
[2025-12-31 13:30:56] xcloner_api.INFO: Processing ajax request ID _hvqipha1p [] []
[2025-12-31 13:30:56] xcloner_api.INFO: Processing ajax request ID _w7ae0xr66 [] []
[2025-12-31 15:50:14] xcloner_file_system.INFO: Cleaning the backup storage LOCAL on matching rules [] []
[2025-12-31 15:50:41] xcloner_api.INFO: Processing ajax request ID _j5cxhvrcu [] []
[2025-12-31 15:50:41] xcloner_file_system.INFO: Starting the filesystem scanner on root folder /var/www/vhosts/veroniquegru.ieslossauces.es/httpdocs/VGDWESProyectoWordpress [] []
[2025-12-31 15:50:41] xcloner_file_system.INFO: Excluding .htaccess from the filesystem list, matching pattern / ["FILESYSTEM SCAN","EXCLUDE"] []
[2025-12-31 15:50:41] xcloner_file_system.INFO: Excluding blogs from the filesystem list, matching pattern / ["FILESYSTEM SCAN","EXCLUDE"] []
[2025-12-31 15:50:41] xcloner_file_system.INFO: Excluding index.php from the filesystem list, matching pattern / ["FILESYSTEM SCAN","EXCLUDE"] []
[2025-12-31 15:50:41] xcloner_file_system.INFO: Excluding license.txt from the filesystem list, matching pattern / ["FILESYSTEM SCAN","EXCLUDE"] []
[2025-12-31 15:50:41] xcloner_file_system.INFO: Excluding readme.html from the filesystem list, matching pattern / ["FILESYSTEM SCAN","EXCLUDE"] []
[2025-12-31 15:50:41] xcloner_file_system.INFO: Excluding tmp from the filesystem list, matching pattern / ["FILESYSTEM SCAN","EXCLUDE"] []
[2025-12-31 15:50:41] xcloner_file_system.INFO: Excluding wp-activate.php from the filesystem list, matching pattern / ["FILESYSTEM SCAN","EXCLUDE"] []
[2025-12-31 15:50:41] xcloner_file_system.INFO: Excluding wp-admin from the filesystem list, matching pattern / ["FILESYSTEM SCAN","EXCLUDE"] []
[2025-12-31 15:50:41] xcloner_file_system.INFO: Excluding wp-blog-header.php from the filesystem list, matching pattern / ["FILESYSTEM SCAN","EXCLUDE"] []
[2025-12-31 15:50:41] xcloner_file_system.INFO: Excluding wp-comments-post.php from the filesystem list, matching pattern / ["FILESYSTEM SCAN","EXCLUDE"] []
[2025-12-31 15:50:41] xcloner_file_system.INFO: Excluding wp-config-sample.php from the filesystem list, matching pattern / ["FILESYSTEM SCAN","EXCLUDE"] []
[2025-12-31 15:50:41] xcloner_file_system.INFO: Excluding wp-config.php from the filesystem list, matching pattern / ["FILESYSTEM SCAN","EXCLUDE"] []
[2025-12-31 15:50:41] xcloner_file_system.INFO: Excluding wp-content from the filesystem list, matching pattern / ["FILESYSTEM SCAN","EXCLUDE"] []
[2025-12-31 15:50:41] xcloner_file_system.INFO: Excluding wp-cron.php from the filesystem list, matching pattern / ["FILESYSTEM SCAN","EXCLUDE"] []
[2025-12-31 15:50:41] xcloner_file_system.INFO: Excluding wp-includes from the filesystem list, matching pattern / ["FILESYSTEM SCAN","EXCLUDE"] []
[2025-12-31 15:50:41] xcloner_file_system.INFO: Excluding wp-links-opml.php from the filesystem list, matching pattern / ["FILESYSTEM SCAN","EXCLUDE"] []
[2025-12-31 15:50:41] xcloner_file_system.INFO: Excluding wp-load.php from the filesystem list, matching pattern / ["FILESYSTEM SCAN","EXCLUDE"] []
[2025-12-31 15:50:41] xcloner_file_system.INFO: Excluding wp-login.php from the filesystem list, matching pattern / ["FILESYSTEM SCAN","EXCLUDE"] []
[2025-12-31 15:50:41] xcloner_file_system.INFO: Excluding wp-mail.php from the filesystem list, matching pattern / ["FILESYSTEM SCAN","EXCLUDE"] []
[2025-12-31 15:50:41] xcloner_file_system.INFO: Excluding wp-settings.php from the filesystem list, matching pattern / ["FILESYSTEM SCAN","EXCLUDE"] []
[2025-12-31 15:50:41] xcloner_file_system.INFO: Excluding wp-signup.php from the filesystem list, matching pattern / ["FILESYSTEM SCAN","EXCLUDE"] []
[2025-12-31 15:50:41] xcloner_file_system.INFO: Excluding wp-trackback.php from the filesystem list, matching pattern / ["FILESYSTEM SCAN","EXCLUDE"] []
[2025-12-31 15:50:41] xcloner_file_system.INFO: Excluding xmlrpc.php from the filesystem list, matching pattern / ["FILESYSTEM SCAN","EXCLUDE"] []
[2025-12-31 15:50:42] xcloner_api.INFO: Processing ajax request ID _0x58vex7h [] []
[2025-12-31 15:50:42] xcloner_database.INFO: Preparing the database recursion file [""] []
[2025-12-31 15:50:42] xcloner_database.INFO: Preparing the database recursion file [""] []
[2025-12-31 15:50:42] xcloner_database.ERROR: Access denied; you need (at least one of) the PROCESS privilege(s) for this operation [""] []
[2025-12-31 15:50:42] xcloner_database.ERROR: Access denied; you need (at least one of) the PROCESS privilege(s) for this operation [""] []
[2025-12-31 15:50:42] xcloner_database.ERROR: Access denied; you need (at least one of) the PROCESS privilege(s) for this operation [""] []
[2025-12-31 15:50:42] xcloner_database.ERROR: Access denied; you need (at least one of) the PROCESS privilege(s) for this operation [""] []
[2025-12-31 15:50:42] xcloner_database.ERROR: Access denied; you need (at least one of) the PROCESS privilege(s) for this operation [""] []
[2025-12-31 15:50:42] xcloner_database.ERROR: Access denied; you need (at least one of) the PROCESS privilege(s) for this operation [""] []
[2025-12-31 15:50:42] xcloner_database.ERROR: Access denied; you need (at least one of) the PROCESS privilege(s) for this operation [""] []
[2025-12-31 15:50:42] xcloner_database.ERROR: Access denied; you need (at least one of) the PROCESS privilege(s) for this operation [""] []
[2025-12-31 15:50:42] xcloner_database.ERROR: Access denied; you need (at least one of) the PROCESS privilege(s) for this operation [""] []
[2025-12-31 15:50:42] xcloner_database.ERROR: Access denied; you need (at least one of) the PROCESS privilege(s) for this operation [""] []
[2025-12-31 15:50:42] xcloner_database.ERROR: Access denied; you need (at least one of) the PROCESS privilege(s) for this operation [""] []
[2025-12-31 15:50:42] xcloner_database.ERROR: Access denied; you need (at least one of) the PROCESS privilege(s) for this operation [""] []
[2025-12-31 15:50:42] xcloner_database.ERROR: Access denied; you need (at least one of) the PROCESS privilege(s) for this operation [""] []
[2025-12-31 15:50:42] xcloner_database.ERROR: Access denied; you need (at least one of) the PROCESS privilege(s) for this operation [""] []
[2025-12-31 15:50:42] xcloner_database.ERROR: Access denied; you need (at least one of) the PROCESS privilege(s) for this operation [""] []
[2025-12-31 15:50:42] xcloner_database.ERROR: Access denied; you need (at least one of) the PROCESS privilege(s) for this operation [""] []
[2025-12-31 15:50:42] xcloner_database.ERROR: Access denied; you need (at least one of) the PROCESS privilege(s) for this operation [""] []
[2025-12-31 15:50:42] xcloner_database.ERROR: Access denied; you need (at least one of) the PROCESS privilege(s) for this operation [""] []
[2025-12-31 15:50:42] xcloner_database.ERROR: Access denied; you need (at least one of) the PROCESS privilege(s) for this operation [""] []
[2025-12-31 15:50:42] xcloner_database.ERROR: Access denied; you need (at least one of) the PROCESS privilege(s) for this operation [""] []
[2025-12-31 15:50:42] xcloner_database.ERROR: Access denied; you need (at least one of) the PROCESS privilege(s) for this operation [""] []
[2025-12-31 15:50:42] xcloner_database.ERROR: Access denied; you need (at least one of) the PROCESS privilege(s) for this operation [""] []
[2025-12-31 15:50:42] xcloner_database.ERROR: Access denied; you need (at least one of) the PROCESS privilege(s) for this operation [""] []
[2025-12-31 15:50:42] xcloner_database.ERROR: Access denied; you need (at least one of) the PROCESS privilege(s) for this operation [""] []
[2025-12-31 15:50:42] xcloner_database.ERROR: Access denied; you need (at least one of) the PROCESS privilege(s) for this operation [""] []
[2025-12-31 15:50:42] xcloner_database.ERROR: Access denied; you need (at least one of) the PROCESS privilege(s) for this operation [""] []
[2025-12-31 15:50:42] xcloner_database.ERROR: Access denied; you need (at least one of) the PROCESS privilege(s) for this operation [""] []
[2025-12-31 15:50:42] xcloner_database.ERROR: Access denied; you need (at least one of) the PROCESS privilege(s) for this operation [""] []
[2025-12-31 15:50:42] xcloner_api.INFO: Processing ajax request ID _a677n2k5i [] []
[2025-12-31 15:50:43] xcloner_database.INFO: Starting new backup dump to file database-backup.sql [""] []
[2025-12-31 15:50:43] xcloner_database.INFO: Writing wordpress_db database dump headers [""] []
[2025-12-31 15:50:43] xcloner_database.INFO: Dumping the structure for wordpress_db.VG46Bc_commentmeta table [""] []
[2025-12-31 15:50:43] xcloner_database.INFO: Dumping 0 records starting position 0 from wordpress_db.VG46Bc_commentmeta table [""] []
[2025-12-31 15:50:43] xcloner_api.INFO: Processing ajax request ID _b8o5bic5q [] []
[2025-12-31 15:50:44] xcloner_database.INFO: Dumping the structure for wordpress_db.VG46Bc_comments table [""] []
[2025-12-31 15:50:44] xcloner_database.INFO: Dumping 1 records starting position 0 from wordpress_db.VG46Bc_comments table [""] []
[2025-12-31 15:50:44] xcloner_api.INFO: Processing ajax request ID _i1lcu28pe [] []
[2025-12-31 15:50:44] xcloner_database.INFO: Dumping the structure for wordpress_db.VG46Bc_links table [""] []
[2025-12-31 15:50:44] xcloner_database.INFO: Dumping 0 records starting position 0 from wordpress_db.VG46Bc_links table [""] []
[2025-12-31 15:50:44] xcloner_api.INFO: Processing ajax request ID _pecbtmebe [] []
[2025-12-31 15:50:45] xcloner_database.INFO: Dumping the structure for wordpress_db.VG46Bc_options table [""] []
[2025-12-31 15:50:45] xcloner_database.INFO: Dumping 175 records starting position 0 from wordpress_db.VG46Bc_options table [""] []
[2025-12-31 15:50:45] xcloner_api.INFO: Processing ajax request ID _g6p3r2778 [] []
[2025-12-31 15:50:46] xcloner_database.INFO: Dumping the structure for wordpress_db.VG46Bc_postmeta table [""] []
[2025-12-31 15:50:46] xcloner_database.INFO: Dumping 2 records starting position 0 from wordpress_db.VG46Bc_postmeta table [""] []
[2025-12-31 15:50:46] xcloner_api.INFO: Processing ajax request ID _8llyrfagp [] []
[2025-12-31 15:50:46] xcloner_database.INFO: Dumping the structure for wordpress_db.VG46Bc_posts table [""] []
[2025-12-31 15:50:46] xcloner_database.INFO: Dumping 5 records starting position 0 from wordpress_db.VG46Bc_posts table [""] []
[2025-12-31 15:50:46] xcloner_api.INFO: Processing ajax request ID _ckarctwhq [] []
[2025-12-31 15:50:47] xcloner_database.INFO: Dumping the structure for wordpress_db.VG46Bc_term_relationships table [""] []
[2025-12-31 15:50:47] xcloner_database.INFO: Dumping 1 records starting position 0 from wordpress_db.VG46Bc_term_relationships table [""] []
[2025-12-31 15:50:47] xcloner_api.INFO: Processing ajax request ID _sxt96gw7k [] []
[2025-12-31 15:50:48] xcloner_database.INFO: Dumping the structure for wordpress_db.VG46Bc_term_taxonomy table [""] []
[2025-12-31 15:50:48] xcloner_database.INFO: Dumping 1 records starting position 0 from wordpress_db.VG46Bc_term_taxonomy table [""] []
[2025-12-31 15:50:48] xcloner_api.INFO: Processing ajax request ID _cmkn0u06d [] []
[2025-12-31 15:50:48] xcloner_database.INFO: Dumping the structure for wordpress_db.VG46Bc_termmeta table [""] []
[2025-12-31 15:50:48] xcloner_database.INFO: Dumping 0 records starting position 0 from wordpress_db.VG46Bc_termmeta table [""] []
[2025-12-31 15:50:48] xcloner_api.INFO: Processing ajax request ID _0n4fwvbpg [] []
[2025-12-31 15:50:49] xcloner_database.INFO: Dumping the structure for wordpress_db.VG46Bc_terms table [""] []
[2025-12-31 15:50:49] xcloner_database.INFO: Dumping 1 records starting position 0 from wordpress_db.VG46Bc_terms table [""] []
[2025-12-31 15:50:49] xcloner_api.INFO: Processing ajax request ID _uhi2cqohw [] []
[2025-12-31 15:50:50] xcloner_database.INFO: Dumping the structure for wordpress_db.VG46Bc_usermeta table [""] []
[2025-12-31 15:50:50] xcloner_database.INFO: Dumping 20 records starting position 0 from wordpress_db.VG46Bc_usermeta table [""] []
[2025-12-31 15:50:50] xcloner_api.INFO: Processing ajax request ID _bxgu2kz3b [] []
[2025-12-31 15:50:50] xcloner_database.INFO: Dumping the structure for wordpress_db.VG46Bc_users table [""] []
[2025-12-31 15:50:50] xcloner_database.INFO: Dumping 1 records starting position 0 from wordpress_db.VG46Bc_users table [""] []
[2025-12-31 15:50:50] xcloner_api.INFO: Processing ajax request ID _ytn6dsxfw [] []
[2025-12-31 15:50:51] xcloner_database.INFO: Dumping the structure for wordpress_db.VG46Bc_xcloner_scheduler table [""] []
[2025-12-31 15:50:51] xcloner_database.INFO: Dumping 0 records starting position 0 from wordpress_db.VG46Bc_xcloner_scheduler table [""] []
[2025-12-31 15:50:51] xcloner_api.INFO: Processing ajax request ID _bz6j291fm [] []
[2025-12-31 15:50:52] xcloner_database.INFO: Dumping the structure for wordpress_db.wp_actionscheduler_actions table [""] []
[2025-12-31 15:50:52] xcloner_database.INFO: Dumping 119 records starting position 0 from wordpress_db.wp_actionscheduler_actions table [""] []
[2025-12-31 15:50:52] xcloner_api.INFO: Processing ajax request ID _jplbgtuk3 [] []
[2025-12-31 15:50:52] xcloner_database.INFO: Dumping the structure for wordpress_db.wp_actionscheduler_claims table [""] []
[2025-12-31 15:50:52] xcloner_database.INFO: Dumping 0 records starting position 0 from wordpress_db.wp_actionscheduler_claims table [""] []
[2025-12-31 15:50:52] xcloner_api.INFO: Processing ajax request ID _puhx7zbl3 [] []
[2025-12-31 15:50:53] xcloner_database.INFO: Dumping the structure for wordpress_db.wp_actionscheduler_groups table [""] []
[2025-12-31 15:50:53] xcloner_database.INFO: Dumping 9 records starting position 0 from wordpress_db.wp_actionscheduler_groups table [""] []
[2025-12-31 15:50:53] xcloner_api.INFO: Processing ajax request ID _jtufl9uc8 [] []
[2025-12-31 15:50:54] xcloner_database.INFO: Dumping the structure for wordpress_db.wp_actionscheduler_logs table [""] []
[2025-12-31 15:50:54] xcloner_database.INFO: Dumping 336 records starting position 0 from wordpress_db.wp_actionscheduler_logs table [""] []
[2025-12-31 15:50:54] xcloner_api.INFO: Processing ajax request ID _ildnee1gy [] []
[2025-12-31 15:50:54] xcloner_database.INFO: Dumping the structure for wordpress_db.wp_commentmeta table [""] []
[2025-12-31 15:50:54] xcloner_database.INFO: Dumping 2 records starting position 0 from wordpress_db.wp_commentmeta table [""] []
[2025-12-31 15:50:55] xcloner_api.INFO: Processing ajax request ID _qfq93xpa9 [] []
[2025-12-31 15:50:55] xcloner_database.INFO: Dumping the structure for wordpress_db.wp_comments table [""] []
[2025-12-31 15:50:55] xcloner_database.INFO: Dumping 2 records starting position 0 from wordpress_db.wp_comments table [""] []
[2025-12-31 15:50:55] xcloner_api.INFO: Processing ajax request ID _fnl4h1zru [] []
[2025-12-31 15:50:56] xcloner_database.INFO: Dumping the structure for wordpress_db.wp_e_events table [""] []
[2025-12-31 15:50:56] xcloner_database.INFO: Dumping 16 records starting position 0 from wordpress_db.wp_e_events table [""] []
[2025-12-31 15:50:56] xcloner_api.INFO: Processing ajax request ID _335lfhefo [] []
[2025-12-31 15:50:56] xcloner_database.INFO: Dumping the structure for wordpress_db.wp_easywpsmtp_debug_events table [""] []
[2025-12-31 15:50:56] xcloner_database.INFO: Dumping 0 records starting position 0 from wordpress_db.wp_easywpsmtp_debug_events table [""] []
[2025-12-31 15:50:57] xcloner_api.INFO: Processing ajax request ID _02q7vt0c4 [] []
[2025-12-31 15:50:57] xcloner_database.INFO: Dumping the structure for wordpress_db.wp_easywpsmtp_tasks_meta table [""] []
[2025-12-31 15:50:57] xcloner_database.INFO: Dumping 0 records starting position 0 from wordpress_db.wp_easywpsmtp_tasks_meta table [""] []
[2025-12-31 15:50:57] xcloner_api.INFO: Processing ajax request ID _tp7m1uz4y [] []
[2025-12-31 15:50:58] xcloner_database.INFO: Dumping the structure for wordpress_db.wp_links table [""] []
[2025-12-31 15:50:58] xcloner_database.INFO: Dumping 0 records starting position 0 from wordpress_db.wp_links table [""] []
[2025-12-31 15:50:58] xcloner_api.INFO: Processing ajax request ID _n7l3aivol [] []
[2025-12-31 15:50:58] xcloner_database.INFO: Dumping the structure for wordpress_db.wp_login_redirects table [""] []
[2025-12-31 15:50:58] xcloner_database.INFO: Dumping 2 records starting position 0 from wordpress_db.wp_login_redirects table [""] []
[2025-12-31 15:50:59] xcloner_api.INFO: Processing ajax request ID _lw3skxsem [] []
[2025-12-31 15:50:59] xcloner_database.INFO: Dumping the structure for wordpress_db.wp_options table [""] []
[2025-12-31 15:50:59] xcloner_database.INFO: Dumping 383 records starting position 0 from wordpress_db.wp_options table [""] []
[2025-12-31 15:51:00] xcloner_api.INFO: Processing ajax request ID _qu9ab1yjg [] []
[2025-12-31 15:51:00] xcloner_database.INFO: Dumping the structure for wordpress_db.wp_postmeta table [""] []
[2025-12-31 15:51:00] xcloner_database.INFO: Dumping 1500 records starting position 0 from wordpress_db.wp_postmeta table [""] []
[2025-12-31 15:51:01] xcloner_api.INFO: Processing ajax request ID _syvidu5bn [] []
[2025-12-31 15:51:01] xcloner_database.INFO: Dumping the structure for wordpress_db.wp_posts table [""] []
[2025-12-31 15:51:01] xcloner_database.INFO: Dumping 302 records starting position 0 from wordpress_db.wp_posts table [""] []
[2025-12-31 15:51:01] xcloner_api.INFO: Processing ajax request ID _26sdgseg6 [] []
[2025-12-31 15:51:02] xcloner_database.INFO: Dumping the structure for wordpress_db.wp_say_what_strings table [""] []
[2025-12-31 15:51:02] xcloner_database.INFO: Dumping 1 records starting position 0 from wordpress_db.wp_say_what_strings table [""] []
[2025-12-31 15:51:02] xcloner_api.INFO: Processing ajax request ID _vgiingzfd [] []
[2025-12-31 15:51:03] xcloner_database.INFO: Dumping the structure for wordpress_db.wp_shepherd_tec_task_logs table [""] []
[2025-12-31 15:51:03] xcloner_database.INFO: Dumping 0 records starting position 0 from wordpress_db.wp_shepherd_tec_task_logs table [""] []
[2025-12-31 15:51:03] xcloner_api.INFO: Processing ajax request ID _lewewizhb [] []
[2025-12-31 15:51:03] xcloner_database.INFO: Dumping the structure for wordpress_db.wp_shepherd_tec_tasks table [""] []
[2025-12-31 15:51:03] xcloner_database.INFO: Dumping 1 records starting position 0 from wordpress_db.wp_shepherd_tec_tasks table [""] []
[2025-12-31 15:51:04] xcloner_api.INFO: Processing ajax request ID _bhiinvisb [] []
[2025-12-31 15:51:04] xcloner_database.INFO: Dumping the structure for wordpress_db.wp_tec_events table [""] []
[2025-12-31 15:51:04] xcloner_database.INFO: Dumping 4 records starting position 0 from wordpress_db.wp_tec_events table [""] []
[2025-12-31 15:51:04] xcloner_api.INFO: Processing ajax request ID _29ay0iyx8 [] []
[2025-12-31 15:51:05] xcloner_database.INFO: Dumping the structure for wordpress_db.wp_tec_kv_cache table [""] []
[2025-12-31 15:51:05] xcloner_database.INFO: Dumping 0 records starting position 0 from wordpress_db.wp_tec_kv_cache table [""] []
[2025-12-31 15:51:05] xcloner_api.INFO: Processing ajax request ID _7p5yu11b2 [] []
[2025-12-31 15:51:06] xcloner_database.INFO: Dumping the structure for wordpress_db.wp_tec_occurrences table [""] []
[2025-12-31 15:51:06] xcloner_database.INFO: Dumping 4 records starting position 0 from wordpress_db.wp_tec_occurrences table [""] []
[2025-12-31 15:51:06] xcloner_api.INFO: Processing ajax request ID _1u1wzhx8e [] []
[2025-12-31 15:51:06] xcloner_database.INFO: Dumping the structure for wordpress_db.wp_tec_order_modifier_relationships table [""] []
[2025-12-31 15:51:06] xcloner_database.INFO: Dumping 0 records starting position 0 from wordpress_db.wp_tec_order_modifier_relationships table [""] []
[2025-12-31 15:51:07] xcloner_api.INFO: Processing ajax request ID _sh6jxc9u9 [] []
[2025-12-31 15:51:07] xcloner_database.INFO: Dumping the structure for wordpress_db.wp_tec_order_modifiers table [""] []
[2025-12-31 15:51:07] xcloner_database.INFO: Dumping 0 records starting position 0 from wordpress_db.wp_tec_order_modifiers table [""] []
[2025-12-31 15:51:07] xcloner_api.INFO: Processing ajax request ID _g0httl9xs [] []
[2025-12-31 15:51:08] xcloner_database.INFO: Dumping the structure for wordpress_db.wp_tec_order_modifiers_meta table [""] []
[2025-12-31 15:51:08] xcloner_database.INFO: Dumping 0 records starting position 0 from wordpress_db.wp_tec_order_modifiers_meta table [""] []
[2025-12-31 15:51:08] xcloner_api.INFO: Processing ajax request ID _r5w0wk8vk [] []
[2025-12-31 15:51:08] xcloner_database.INFO: Dumping the structure for wordpress_db.wp_tec_slr_layouts table [""] []
[2025-12-31 15:51:08] xcloner_database.INFO: Dumping 0 records starting position 0 from wordpress_db.wp_tec_slr_layouts table [""] []
[2025-12-31 15:51:09] xcloner_api.INFO: Processing ajax request ID _maynqzl1f [] []
[2025-12-31 15:51:09] xcloner_database.INFO: Dumping the structure for wordpress_db.wp_tec_slr_maps table [""] []
[2025-12-31 15:51:09] xcloner_database.INFO: Dumping 0 records starting position 0 from wordpress_db.wp_tec_slr_maps table [""] []
[2025-12-31 15:51:09] xcloner_api.INFO: Processing ajax request ID _8oatrwzrn [] []
[2025-12-31 15:51:10] xcloner_database.INFO: Dumping the structure for wordpress_db.wp_tec_slr_seat_types table [""] []
[2025-12-31 15:51:10] xcloner_database.INFO: Dumping 0 records starting position 0 from wordpress_db.wp_tec_slr_seat_types table [""] []
[2025-12-31 15:51:10] xcloner_api.INFO: Processing ajax request ID _cbd1v7fdc [] []
[2025-12-31 15:51:10] xcloner_database.INFO: Dumping the structure for wordpress_db.wp_tec_slr_sessions table [""] []
[2025-12-31 15:51:10] xcloner_database.INFO: Dumping 0 records starting position 0 from wordpress_db.wp_tec_slr_sessions table [""] []
[2025-12-31 15:51:11] xcloner_api.INFO: Processing ajax request ID _git5oawd0 [] []
[2025-12-31 15:51:11] xcloner_database.INFO: Dumping the structure for wordpress_db.wp_tec_tickets_commerce_webhooks table [""] []
[2025-12-31 15:51:11] xcloner_database.INFO: Dumping 0 records starting position 0 from wordpress_db.wp_tec_tickets_commerce_webhooks table [""] []
[2025-12-31 15:51:11] xcloner_api.INFO: Processing ajax request ID _5qta42de4 [] []
[2025-12-31 15:51:12] xcloner_database.INFO: Dumping the structure for wordpress_db.wp_term_relationships table [""] []
[2025-12-31 15:51:12] xcloner_database.INFO: Dumping 24 records starting position 0 from wordpress_db.wp_term_relationships table [""] []
[2025-12-31 15:51:12] xcloner_api.INFO: Processing ajax request ID _r7rbnvz1n [] []
[2025-12-31 15:51:12] xcloner_database.INFO: Dumping the structure for wordpress_db.wp_term_taxonomy table [""] []
[2025-12-31 15:51:12] xcloner_database.INFO: Dumping 8 records starting position 0 from wordpress_db.wp_term_taxonomy table [""] []
[2025-12-31 15:51:13] xcloner_api.INFO: Processing ajax request ID _lgn3a3xgx [] []
[2025-12-31 15:51:13] xcloner_database.INFO: Dumping the structure for wordpress_db.wp_termmeta table [""] []
[2025-12-31 15:51:13] xcloner_database.INFO: Dumping 6 records starting position 0 from wordpress_db.wp_termmeta table [""] []
[2025-12-31 15:51:13] xcloner_api.INFO: Processing ajax request ID _tusfym9zh [] []
[2025-12-31 15:51:14] xcloner_database.INFO: Dumping the structure for wordpress_db.wp_terms table [""] []
[2025-12-31 15:51:14] xcloner_database.INFO: Dumping 8 records starting position 0 from wordpress_db.wp_terms table [""] []
[2025-12-31 15:51:14] xcloner_api.INFO: Processing ajax request ID _n56uogk88 [] []
[2025-12-31 15:51:14] xcloner_database.INFO: Dumping the structure for wordpress_db.wp_um_metadata table [""] []
[2025-12-31 15:51:14] xcloner_database.INFO: Dumping 0 records starting position 0 from wordpress_db.wp_um_metadata table [""] []
[2025-12-31 15:51:14] xcloner_api.INFO: Processing ajax request ID _73ammh8dx [] []
[2025-12-31 15:51:15] xcloner_database.INFO: Dumping the structure for wordpress_db.wp_usermeta table [""] []
[2025-12-31 15:51:15] xcloner_database.INFO: Dumping 306 records starting position 0 from wordpress_db.wp_usermeta table [""] []
[2025-12-31 15:51:15] xcloner_api.INFO: Processing ajax request ID _wv13kh5zu [] []
[2025-12-31 15:51:16] xcloner_database.INFO: Dumping the structure for wordpress_db.wp_users table [""] []
[2025-12-31 15:51:16] xcloner_database.INFO: Dumping 14 records starting position 0 from wordpress_db.wp_users table [""] []
[2025-12-31 15:51:16] xcloner_api.INFO: Processing ajax request ID _kh1eepqot [] []
[2025-12-31 15:51:16] xcloner_database.INFO: Dumping the structure for wordpress_db.wp_wc_comments_subscription table [""] []
[2025-12-31 15:51:16] xcloner_database.INFO: Dumping 0 records starting position 0 from wordpress_db.wp_wc_comments_subscription table [""] []
[2025-12-31 15:51:17] xcloner_api.INFO: Processing ajax request ID _v5sch7f2a [] []
[2025-12-31 15:51:17] xcloner_database.INFO: Dumping the structure for wordpress_db.wp_wc_feedback_forms table [""] []
[2025-12-31 15:51:17] xcloner_database.INFO: Dumping 0 records starting position 0 from wordpress_db.wp_wc_feedback_forms table [""] []
[2025-12-31 15:51:17] xcloner_api.INFO: Processing ajax request ID _9ornt7t6m [] []
[2025-12-31 15:51:18] xcloner_database.INFO: Dumping the structure for wordpress_db.wp_wc_follow_users table [""] []
[2025-12-31 15:51:18] xcloner_database.INFO: Dumping 0 records starting position 0 from wordpress_db.wp_wc_follow_users table [""] []
[2025-12-31 15:51:18] xcloner_api.INFO: Processing ajax request ID _i6epsbpw2 [] []
[2025-12-31 15:51:18] xcloner_database.INFO: Dumping the structure for wordpress_db.wp_wc_phrases table [""] []
[2025-12-31 15:51:18] xcloner_database.INFO: Dumping 206 records starting position 0 from wordpress_db.wp_wc_phrases table [""] []
[2025-12-31 15:51:19] xcloner_api.INFO: Processing ajax request ID _swgagr3nl [] []
[2025-12-31 15:51:19] xcloner_database.INFO: Dumping the structure for wordpress_db.wp_wc_users_rated table [""] []
[2025-12-31 15:51:19] xcloner_database.INFO: Dumping 0 records starting position 0 from wordpress_db.wp_wc_users_rated table [""] []
[2025-12-31 15:51:19] xcloner_api.INFO: Processing ajax request ID _iw66zgoln [] []
[2025-12-31 15:51:20] xcloner_database.INFO: Dumping the structure for wordpress_db.wp_wc_users_voted table [""] []
[2025-12-31 15:51:20] xcloner_database.INFO: Dumping 2 records starting position 0 from wordpress_db.wp_wc_users_voted table [""] []
[2025-12-31 15:51:20] xcloner_api.INFO: Processing ajax request ID _fivmyi8vx [] []
[2025-12-31 15:51:20] xcloner_database.INFO: Dumping the structure for wordpress_db.wp_wpforms_db table [""] []
[2025-12-31 15:51:20] xcloner_database.INFO: Dumping 3 records starting position 0 from wordpress_db.wp_wpforms_db table [""] []
[2025-12-31 15:51:21] xcloner_api.INFO: Processing ajax request ID _yn4rsjhwi [] []
[2025-12-31 15:51:21] xcloner_database.INFO: Dumping the structure for wordpress_db.wp_wpforms_logs table [""] []
[2025-12-31 15:51:21] xcloner_database.INFO: Dumping 0 records starting position 0 from wordpress_db.wp_wpforms_logs table [""] []
[2025-12-31 15:51:21] xcloner_api.INFO: Processing ajax request ID _uiazvhvop [] []
[2025-12-31 15:51:22] xcloner_database.INFO: Dumping the structure for wordpress_db.wp_wpforms_payment_meta table [""] []
[2025-12-31 15:51:22] xcloner_database.INFO: Dumping 0 records starting position 0 from wordpress_db.wp_wpforms_payment_meta table [""] []
[2025-12-31 15:51:22] xcloner_api.INFO: Processing ajax request ID _idr5n0wm7 [] []
[2025-12-31 15:51:22] xcloner_database.INFO: Dumping the structure for wordpress_db.wp_wpforms_payments table [""] []
[2025-12-31 15:51:22] xcloner_database.INFO: Dumping 0 records starting position 0 from wordpress_db.wp_wpforms_payments table [""] []
[2025-12-31 15:51:23] xcloner_api.INFO: Processing ajax request ID _00ucwiorr [] []
[2025-12-31 15:51:23] xcloner_database.INFO: Dumping the structure for wordpress_db.wp_wpforms_tasks_meta table [""] []
[2025-12-31 15:51:23] xcloner_database.INFO: Dumping 5 records starting position 0 from wordpress_db.wp_wpforms_tasks_meta table [""] []
[2025-12-31 15:51:23] xcloner_api.INFO: Processing ajax request ID _nk5jsssma [] []
[2025-12-31 15:51:24] xcloner_database.INFO: Dumping the structure for wordpress_db.wp_xcloner_scheduler table [""] []
[2025-12-31 15:51:24] xcloner_database.INFO: Dumping 0 records starting position 0 from wordpress_db.wp_xcloner_scheduler table [""] []
[2025-12-31 15:51:24] xcloner_api.INFO: Processing ajax request ID _pwe0boc8c [] []
[2025-12-31 15:51:24] xcloner_database.INFO: Starting new backup dump to file information_schema-backup.sql [""] []
[2025-12-31 15:51:24] xcloner_database.INFO: Writing information_schema database dump headers [""] []
[2025-12-31 15:51:24] xcloner_database.INFO: Dumping the structure for information_schema.ALL_PLUGINS table [""] []
[2025-12-31 15:51:24] xcloner_database.INFO: Dumping 92 records starting position 0 from information_schema.ALL_PLUGINS table [""] []
[2025-12-31 15:51:25] xcloner_api.INFO: Processing ajax request ID _fih6mq1tu [] []
[2025-12-31 15:51:25] xcloner_database.INFO: Dumping the structure for information_schema.ALL_PLUGINS table [""] []
[2025-12-31 15:51:25] xcloner_database.INFO: Dumping 92 records starting position 0 from information_schema.ALL_PLUGINS table [""] []
[2025-12-31 15:51:25] xcloner_api.INFO: Processing ajax request ID _ch0j1rmki [] []
[2025-12-31 15:51:26] xcloner_database.INFO: Dumping the structure for information_schema.APPLICABLE_ROLES table [""] []
[2025-12-31 15:51:26] xcloner_database.INFO: Dumping 0 records starting position 0 from information_schema.APPLICABLE_ROLES table [""] []
[2025-12-31 15:51:26] xcloner_api.INFO: Processing ajax request ID _1yaislfuy [] []
[2025-12-31 15:51:26] xcloner_database.INFO: Dumping the structure for information_schema.CHARACTER_SETS table [""] []
[2025-12-31 15:51:26] xcloner_database.INFO: Dumping 40 records starting position 0 from information_schema.CHARACTER_SETS table [""] []
[2025-12-31 15:51:27] xcloner_api.INFO: Processing ajax request ID _3qiy3pswy [] []
[2025-12-31 15:51:27] xcloner_database.INFO: Dumping the structure for information_schema.CHECK_CONSTRAINTS table [""] []
[2025-12-31 15:51:27] xcloner_database.INFO: Dumping 0 records starting position 0 from information_schema.CHECK_CONSTRAINTS table [""] []
[2025-12-31 15:51:27] xcloner_api.INFO: Processing ajax request ID _wxzf6mqr4 [] []
[2025-12-31 15:51:28] xcloner_database.INFO: Dumping the structure for information_schema.COLLATIONS table [""] []
[2025-12-31 15:51:28] xcloner_database.INFO: Dumping 506 records starting position 0 from information_schema.COLLATIONS table [""] []
[2025-12-31 15:51:28] xcloner_api.INFO: Processing ajax request ID _e4iwubb6i [] []
[2025-12-31 15:51:29] xcloner_database.INFO: Dumping the structure for information_schema.COLLATION_CHARACTER_SET_APPLICABILITY table [""] []
[2025-12-31 15:51:29] xcloner_database.INFO: Dumping 1242 records starting position 0 from information_schema.COLLATION_CHARACTER_SET_APPLICABILITY table [""] []
[2025-12-31 15:51:29] xcloner_api.INFO: Processing ajax request ID _hg6isax9s [] []
[2025-12-31 15:51:30] xcloner_database.INFO: Dumping the structure for information_schema.COLUMNS table [""] []
[2025-12-31 15:51:30] xcloner_database.INFO: Dumping 1204 records starting position 0 from information_schema.COLUMNS table [""] []
[2025-12-31 15:51:30] xcloner_api.INFO: Processing ajax request ID _21vrd9jq4 [] []
[2025-12-31 15:51:31] xcloner_database.INFO: Dumping the structure for information_schema.COLUMN_PRIVILEGES table [""] []
[2025-12-31 15:51:31] xcloner_database.INFO: Dumping 0 records starting position 0 from information_schema.COLUMN_PRIVILEGES table [""] []
[2025-12-31 15:51:31] xcloner_api.INFO: Processing ajax request ID _ich1f5g5o [] []
[2025-12-31 15:51:31] xcloner_database.INFO: Dumping the structure for information_schema.ENABLED_ROLES table [""] []
[2025-12-31 15:51:31] xcloner_database.INFO: Dumping 1 records starting position 0 from information_schema.ENABLED_ROLES table [""] []
[2025-12-31 15:51:31] xcloner_api.INFO: Processing ajax request ID _9oo30kfre [] []
[2025-12-31 15:51:32] xcloner_database.INFO: Dumping the structure for information_schema.ENGINES table [""] []
[2025-12-31 15:51:32] xcloner_database.INFO: Dumping 8 records starting position 0 from information_schema.ENGINES table [""] []
[2025-12-31 15:51:32] xcloner_api.INFO: Processing ajax request ID _1wcl9mnnn [] []
[2025-12-31 15:51:33] xcloner_database.INFO: Dumping the structure for information_schema.EVENTS table [""] []
[2025-12-31 15:51:33] xcloner_database.INFO: Dumping 0 records starting position 0 from information_schema.EVENTS table [""] []
[2025-12-31 15:51:33] xcloner_api.INFO: Processing ajax request ID _08pfs7n41 [] []
[2025-12-31 15:51:33] xcloner_database.INFO: Dumping the structure for information_schema.FILES table [""] []
[2025-12-31 15:51:33] xcloner_database.INFO: Dumping 0 records starting position 0 from information_schema.FILES table [""] []
[2025-12-31 15:51:33] xcloner_api.INFO: Processing ajax request ID _usjkyhhse [] []
[2025-12-31 15:51:34] xcloner_database.INFO: Dumping the structure for information_schema.GLOBAL_STATUS table [""] []
[2025-12-31 15:51:34] xcloner_database.INFO: Dumping 562 records starting position 0 from information_schema.GLOBAL_STATUS table [""] []
[2025-12-31 15:51:34] xcloner_api.INFO: Processing ajax request ID _9pzmwwfr6 [] []
[2025-12-31 15:51:35] xcloner_database.INFO: Dumping the structure for information_schema.GLOBAL_VARIABLES table [""] []
[2025-12-31 15:51:35] xcloner_database.INFO: Dumping 653 records starting position 0 from information_schema.GLOBAL_VARIABLES table [""] []
[2025-12-31 15:51:35] xcloner_api.INFO: Processing ajax request ID _003ego2p7 [] []
[2025-12-31 15:51:36] xcloner_database.INFO: Dumping the structure for information_schema.KEYWORDS table [""] []
[2025-12-31 15:51:36] xcloner_database.INFO: Dumping 696 records starting position 0 from information_schema.KEYWORDS table [""] []
[2025-12-31 15:51:36] xcloner_api.INFO: Processing ajax request ID _lmgb24yrj [] []
[2025-12-31 15:51:36] xcloner_database.INFO: Dumping the structure for information_schema.KEY_CACHES table [""] []
[2025-12-31 15:51:36] xcloner_database.INFO: Dumping 1 records starting position 0 from information_schema.KEY_CACHES table [""] []
[2025-12-31 15:51:37] xcloner_api.INFO: Processing ajax request ID _qphc94bab [] []
[2025-12-31 15:51:37] xcloner_database.INFO: Dumping the structure for information_schema.KEY_COLUMN_USAGE table [""] []
[2025-12-31 15:51:37] xcloner_database.INFO: Dumping 76 records starting position 0 from information_schema.KEY_COLUMN_USAGE table [""] []
[2025-12-31 15:51:37] xcloner_api.INFO: Processing ajax request ID _rcziyop78 [] []
[2025-12-31 15:51:38] xcloner_database.INFO: Dumping the structure for information_schema.OPTIMIZER_TRACE table [""] []
[2025-12-31 15:51:38] xcloner_database.INFO: Dumping 0 records starting position 0 from information_schema.OPTIMIZER_TRACE table [""] []
[2025-12-31 15:51:38] xcloner_api.INFO: Processing ajax request ID _h1wsdivyv [] []
[2025-12-31 15:51:38] xcloner_database.INFO: Dumping the structure for information_schema.PARAMETERS table [""] []
[2025-12-31 15:51:38] xcloner_database.INFO: Dumping 0 records starting position 0 from information_schema.PARAMETERS table [""] []
[2025-12-31 15:51:39] xcloner_api.INFO: Processing ajax request ID _wmexy4gyu [] []
[2025-12-31 15:51:39] xcloner_database.INFO: Dumping the structure for information_schema.PARTITIONS table [""] []
[2025-12-31 15:51:39] xcloner_database.INFO: Dumping 142 records starting position 0 from information_schema.PARTITIONS table [""] []
[2025-12-31 15:51:39] xcloner_api.INFO: Processing ajax request ID _8qzg5b48y [] []
[2025-12-31 15:51:40] xcloner_database.INFO: Dumping the structure for information_schema.PLUGINS table [""] []
[2025-12-31 15:51:40] xcloner_database.INFO: Dumping 69 records starting position 0 from information_schema.PLUGINS table [""] []
[2025-12-31 15:51:40] xcloner_api.INFO: Processing ajax request ID _fl9pkes0e [] []
[2025-12-31 15:51:40] xcloner_database.INFO: Dumping the structure for information_schema.PROCESSLIST table [""] []
[2025-12-31 15:51:40] xcloner_database.INFO: Dumping 2 records starting position 0 from information_schema.PROCESSLIST table [""] []
[2025-12-31 15:51:41] xcloner_api.INFO: Processing ajax request ID _91ehv2uwv [] []
[2025-12-31 15:51:41] xcloner_database.INFO: Dumping the structure for information_schema.PROFILING table [""] []
[2025-12-31 15:51:41] xcloner_database.INFO: Dumping 0 records starting position 0 from information_schema.PROFILING table [""] []
[2025-12-31 15:51:41] xcloner_api.INFO: Processing ajax request ID _o5d02nsfw [] []
[2025-12-31 15:51:42] xcloner_database.INFO: Dumping the structure for information_schema.REFERENTIAL_CONSTRAINTS table [""] []
[2025-12-31 15:51:42] xcloner_database.INFO: Dumping 0 records starting position 0 from information_schema.REFERENTIAL_CONSTRAINTS table [""] []
[2025-12-31 15:51:42] xcloner_api.INFO: Processing ajax request ID _paprvz4o8 [] []
[2025-12-31 15:51:42] xcloner_database.INFO: Dumping the structure for information_schema.ROUTINES table [""] []
[2025-12-31 15:51:42] xcloner_database.INFO: Dumping 0 records starting position 0 from information_schema.ROUTINES table [""] []
[2025-12-31 15:51:43] xcloner_api.INFO: Processing ajax request ID _ivm34tu7d [] []
[2025-12-31 15:51:43] xcloner_database.INFO: Dumping the structure for information_schema.SCHEMATA table [""] []
[2025-12-31 15:51:43] xcloner_database.INFO: Dumping 2 records starting position 0 from information_schema.SCHEMATA table [""] []
[2025-12-31 15:51:43] xcloner_api.INFO: Processing ajax request ID _wqfgx0c6e [] []
[2025-12-31 15:51:44] xcloner_database.INFO: Dumping the structure for information_schema.SCHEMA_PRIVILEGES table [""] []
[2025-12-31 15:51:44] xcloner_database.INFO: Dumping 18 records starting position 0 from information_schema.SCHEMA_PRIVILEGES table [""] []
[2025-12-31 15:51:44] xcloner_api.INFO: Processing ajax request ID _th7d54k5w [] []
[2025-12-31 15:51:44] xcloner_database.INFO: Dumping the structure for information_schema.SESSION_STATUS table [""] []
[2025-12-31 15:51:45] xcloner_database.INFO: Dumping 562 records starting position 0 from information_schema.SESSION_STATUS table [""] []
[2025-12-31 15:51:45] xcloner_api.INFO: Processing ajax request ID _ku3krz1x4 [] []
[2025-12-31 15:51:45] xcloner_database.INFO: Dumping the structure for information_schema.SESSION_VARIABLES table [""] []
[2025-12-31 15:51:45] xcloner_database.INFO: Dumping 672 records starting position 0 from information_schema.SESSION_VARIABLES table [""] []
[2025-12-31 15:51:46] xcloner_api.INFO: Processing ajax request ID _ng8yfufiy [] []
[2025-12-31 15:51:46] xcloner_database.INFO: Dumping the structure for information_schema.STATISTICS table [""] []
[2025-12-31 15:51:46] xcloner_database.INFO: Dumping 220 records starting position 0 from information_schema.STATISTICS table [""] []
[2025-12-31 15:51:46] xcloner_api.INFO: Processing ajax request ID _rkak20qs1 [] []
[2025-12-31 15:51:47] xcloner_database.INFO: Dumping the structure for information_schema.SQL_FUNCTIONS table [""] []
[2025-12-31 15:51:47] xcloner_database.INFO: Dumping 261 records starting position 0 from information_schema.SQL_FUNCTIONS table [""] []
[2025-12-31 15:51:47] xcloner_api.INFO: Processing ajax request ID _vnkzgozlv [] []
[2025-12-31 15:51:48] xcloner_database.INFO: Dumping the structure for information_schema.SYSTEM_VARIABLES table [""] []
[2025-12-31 15:51:48] xcloner_database.INFO: Dumping 672 records starting position 0 from information_schema.SYSTEM_VARIABLES table [""] []
[2025-12-31 15:51:48] xcloner_api.INFO: Processing ajax request ID _xtw3skv6u [] []
[2025-12-31 15:51:48] xcloner_database.INFO: Dumping the structure for information_schema.TABLES table [""] []
[2025-12-31 15:51:48] xcloner_database.INFO: Dumping 142 records starting position 0 from information_schema.TABLES table [""] []
[2025-12-31 15:51:49] xcloner_api.INFO: Processing ajax request ID _tr32scvfe [] []
[2025-12-31 15:51:49] xcloner_database.INFO: Dumping the structure for information_schema.TABLESPACES table [""] []
[2025-12-31 15:51:49] xcloner_database.INFO: Dumping 0 records starting position 0 from information_schema.TABLESPACES table [""] []
[2025-12-31 15:51:49] xcloner_api.INFO: Processing ajax request ID _7pyyc2bsa [] []
[2025-12-31 15:51:50] xcloner_database.INFO: Dumping the structure for information_schema.TABLE_CONSTRAINTS table [""] []
[2025-12-31 15:51:50] xcloner_database.INFO: Dumping 69 records starting position 0 from information_schema.TABLE_CONSTRAINTS table [""] []
[2025-12-31 15:51:50] xcloner_api.INFO: Processing ajax request ID _8ahma9i9f [] []
[2025-12-31 15:51:50] xcloner_database.INFO: Dumping the structure for information_schema.TABLE_PRIVILEGES table [""] []
[2025-12-31 15:51:50] xcloner_database.INFO: Dumping 0 records starting position 0 from information_schema.TABLE_PRIVILEGES table [""] []
[2025-12-31 15:51:51] xcloner_api.INFO: Processing ajax request ID _dutg0tfkh [] []
[2025-12-31 15:51:51] xcloner_database.INFO: Dumping the structure for information_schema.TRIGGERS table [""] []
[2025-12-31 15:51:51] xcloner_database.INFO: Dumping 0 records starting position 0 from information_schema.TRIGGERS table [""] []
[2025-12-31 15:51:51] xcloner_api.INFO: Processing ajax request ID _azbi9mna9 [] []
[2025-12-31 15:51:52] xcloner_database.INFO: Dumping the structure for information_schema.USER_PRIVILEGES table [""] []
[2025-12-31 15:51:52] xcloner_database.INFO: Dumping 1 records starting position 0 from information_schema.USER_PRIVILEGES table [""] []
[2025-12-31 15:51:52] xcloner_api.INFO: Processing ajax request ID _0gg19xnc7 [] []
[2025-12-31 15:51:52] xcloner_database.INFO: Dumping the structure for information_schema.VIEWS table [""] []
[2025-12-31 15:51:52] xcloner_database.INFO: Dumping 0 records starting position 0 from information_schema.VIEWS table [""] []
[2025-12-31 15:51:53] xcloner_api.INFO: Processing ajax request ID _r6rispqdj [] []
[2025-12-31 15:51:53] xcloner_database.INFO: Dumping the structure for information_schema.CLIENT_STATISTICS table [""] []
[2025-12-31 15:51:53] xcloner_database.INFO: Dumping 0 records starting position 0 from information_schema.CLIENT_STATISTICS table [""] []
[2025-12-31 15:51:53] xcloner_api.INFO: Processing ajax request ID _39eye9egx [] []
[2025-12-31 15:51:54] xcloner_database.INFO: Dumping the structure for information_schema.INDEX_STATISTICS table [""] []
[2025-12-31 15:51:54] xcloner_database.INFO: Dumping 0 records starting position 0 from information_schema.INDEX_STATISTICS table [""] []
[2025-12-31 15:51:54] xcloner_api.INFO: Processing ajax request ID _n9qbmiivf [] []
[2025-12-31 15:51:54] xcloner_database.INFO: Dumping the structure for information_schema.INNODB_FT_CONFIG table [""] []
[2025-12-31 15:51:54] xcloner_database.INFO: Dumping 0 records starting position 0 from information_schema.INNODB_FT_CONFIG table [""] []
[2025-12-31 15:51:55] xcloner_api.INFO: Processing ajax request ID _7hay5lbce [] []
[2025-12-31 15:51:55] xcloner_database.INFO: Dumping the structure for information_schema.GEOMETRY_COLUMNS table [""] []
[2025-12-31 15:51:55] xcloner_database.INFO: Dumping 0 records starting position 0 from information_schema.GEOMETRY_COLUMNS table [""] []
[2025-12-31 15:51:55] xcloner_api.INFO: Processing ajax request ID _0n7h8mok4 [] []
[2025-12-31 15:51:56] xcloner_database.INFO: Dumping the structure for information_schema.INNODB_SYS_TABLESTATS table [""] []
[2025-12-31 15:51:56] xcloner_database.INFO: Dumping 0 records starting position 0 from information_schema.INNODB_SYS_TABLESTATS table [""] []
[2025-12-31 15:51:56] xcloner_api.INFO: Processing ajax request ID _8pb96r3dw [] []
[2025-12-31 15:51:56] xcloner_database.INFO: Dumping the structure for information_schema.SPATIAL_REF_SYS table [""] []
[2025-12-31 15:51:56] xcloner_database.INFO: Dumping 2 records starting position 0 from information_schema.SPATIAL_REF_SYS table [""] []
[2025-12-31 15:51:57] xcloner_api.INFO: Processing ajax request ID _bbbanwr9k [] []
[2025-12-31 15:51:57] xcloner_database.INFO: Dumping the structure for information_schema.USER_STATISTICS table [""] []
[2025-12-31 15:51:57] xcloner_database.INFO: Dumping 0 records starting position 0 from information_schema.USER_STATISTICS table [""] []
[2025-12-31 15:51:57] xcloner_api.INFO: Processing ajax request ID _264vafmyu [] []
[2025-12-31 15:51:58] xcloner_database.INFO: Dumping the structure for information_schema.INNODB_TRX table [""] []
[2025-12-31 15:51:58] xcloner_database.INFO: Dumping 0 records starting position 0 from information_schema.INNODB_TRX table [""] []
[2025-12-31 15:51:58] xcloner_api.INFO: Processing ajax request ID _ckrv8k7a7 [] []
[2025-12-31 15:51:58] xcloner_database.INFO: Dumping the structure for information_schema.INNODB_CMP_PER_INDEX table [""] []
[2025-12-31 15:51:58] xcloner_database.INFO: Dumping 0 records starting position 0 from information_schema.INNODB_CMP_PER_INDEX table [""] []
[2025-12-31 15:51:59] xcloner_api.INFO: Processing ajax request ID _m8x3a6frc [] []
[2025-12-31 15:51:59] xcloner_database.INFO: Dumping the structure for information_schema.INNODB_METRICS table [""] []
[2025-12-31 15:51:59] xcloner_database.INFO: Dumping 0 records starting position 0 from information_schema.INNODB_METRICS table [""] []
[2025-12-31 15:51:59] xcloner_api.INFO: Processing ajax request ID _6h8mbc74a [] []
[2025-12-31 15:52:00] xcloner_database.INFO: Dumping the structure for information_schema.INNODB_FT_DELETED table [""] []
[2025-12-31 15:52:00] xcloner_database.INFO: Dumping 0 records starting position 0 from information_schema.INNODB_FT_DELETED table [""] []
[2025-12-31 15:52:00] xcloner_api.INFO: Processing ajax request ID _rtz0axhv8 [] []
[2025-12-31 15:52:00] xcloner_database.INFO: Dumping the structure for information_schema.INNODB_CMP table [""] []
[2025-12-31 15:52:00] xcloner_database.INFO: Dumping 0 records starting position 0 from information_schema.INNODB_CMP table [""] []
[2025-12-31 15:52:01] xcloner_api.INFO: Processing ajax request ID _xsh0z391a [] []
[2025-12-31 15:52:01] xcloner_database.INFO: Dumping the structure for information_schema.THREAD_POOL_WAITS table [""] []
[2025-12-31 15:52:01] xcloner_database.INFO: Dumping 0 records starting position 0 from information_schema.THREAD_POOL_WAITS table [""] []
[2025-12-31 15:52:01] xcloner_api.INFO: Processing ajax request ID _u4av4rqe1 [] []
[2025-12-31 15:52:02] xcloner_database.INFO: Dumping the structure for information_schema.INNODB_CMP_RESET table [""] []
[2025-12-31 15:52:02] xcloner_database.INFO: Dumping 0 records starting position 0 from information_schema.INNODB_CMP_RESET table [""] []
[2025-12-31 15:52:02] xcloner_api.INFO: Processing ajax request ID _xkqcsm1kk [] []
[2025-12-31 15:52:03] xcloner_database.INFO: Dumping the structure for information_schema.THREAD_POOL_QUEUES table [""] []
[2025-12-31 15:52:03] xcloner_database.INFO: Dumping 0 records starting position 0 from information_schema.THREAD_POOL_QUEUES table [""] []
[2025-12-31 15:52:03] xcloner_api.INFO: Processing ajax request ID _n2lb80f3v [] []
[2025-12-31 15:52:04] xcloner_database.INFO: Dumping the structure for information_schema.TABLE_STATISTICS table [""] []
[2025-12-31 15:52:04] xcloner_database.INFO: Dumping 0 records starting position 0 from information_schema.TABLE_STATISTICS table [""] []
[2025-12-31 15:52:04] xcloner_api.INFO: Processing ajax request ID _8vhdae29y [] []
[2025-12-31 15:52:04] xcloner_database.INFO: Dumping the structure for information_schema.INNODB_SYS_FIELDS table [""] []
[2025-12-31 15:52:04] xcloner_database.INFO: Dumping 0 records starting position 0 from information_schema.INNODB_SYS_FIELDS table [""] []
[2025-12-31 15:52:04] xcloner_api.INFO: Processing ajax request ID _bu9og8r5e [] []
[2025-12-31 15:52:05] xcloner_database.INFO: Dumping the structure for information_schema.INNODB_BUFFER_PAGE_LRU table [""] []
[2025-12-31 15:52:05] xcloner_database.INFO: Dumping 0 records starting position 0 from information_schema.INNODB_BUFFER_PAGE_LRU table [""] []
[2025-12-31 15:52:05] xcloner_api.INFO: Processing ajax request ID _pcd3swasl [] []
[2025-12-31 15:52:06] xcloner_database.INFO: Dumping the structure for information_schema.INNODB_LOCKS table [""] []
[2025-12-31 15:52:06] xcloner_database.INFO: Dumping 0 records starting position 0 from information_schema.INNODB_LOCKS table [""] []
[2025-12-31 15:52:06] xcloner_api.INFO: Processing ajax request ID _wmtfgxo11 [] []
[2025-12-31 15:52:06] xcloner_database.INFO: Dumping the structure for information_schema.INNODB_FT_INDEX_TABLE table [""] []
[2025-12-31 15:52:06] xcloner_database.INFO: Dumping 0 records starting position 0 from information_schema.INNODB_FT_INDEX_TABLE table [""] []
[2025-12-31 15:52:07] xcloner_api.INFO: Processing ajax request ID _teqi3f14i [] []
[2025-12-31 15:52:07] xcloner_database.INFO: Dumping the structure for information_schema.INNODB_CMPMEM table [""] []
[2025-12-31 15:52:07] xcloner_database.INFO: Dumping 0 records starting position 0 from information_schema.INNODB_CMPMEM table [""] []
[2025-12-31 15:52:07] xcloner_api.INFO: Processing ajax request ID _c9ng9dijs [] []
[2025-12-31 15:52:08] xcloner_database.INFO: Dumping the structure for information_schema.THREAD_POOL_GROUPS table [""] []
[2025-12-31 15:52:08] xcloner_database.INFO: Dumping 0 records starting position 0 from information_schema.THREAD_POOL_GROUPS table [""] []
[2025-12-31 15:52:08] xcloner_api.INFO: Processing ajax request ID _quomh27ui [] []
[2025-12-31 15:52:09] xcloner_database.INFO: Dumping the structure for information_schema.INNODB_CMP_PER_INDEX_RESET table [""] []
[2025-12-31 15:52:09] xcloner_database.INFO: Dumping 0 records starting position 0 from information_schema.INNODB_CMP_PER_INDEX_RESET table [""] []
[2025-12-31 15:52:09] xcloner_api.INFO: Processing ajax request ID _hez7zi5zt [] []
[2025-12-31 15:52:09] xcloner_database.INFO: Dumping the structure for information_schema.INNODB_SYS_FOREIGN_COLS table [""] []
[2025-12-31 15:52:09] xcloner_database.INFO: Dumping 0 records starting position 0 from information_schema.INNODB_SYS_FOREIGN_COLS table [""] []
[2025-12-31 15:52:09] xcloner_api.INFO: Processing ajax request ID _piigi4zvy [] []
[2025-12-31 15:52:10] xcloner_database.INFO: Dumping the structure for information_schema.INNODB_FT_INDEX_CACHE table [""] []
[2025-12-31 15:52:10] xcloner_database.INFO: Dumping 0 records starting position 0 from information_schema.INNODB_FT_INDEX_CACHE table [""] []
[2025-12-31 15:52:10] xcloner_api.INFO: Processing ajax request ID _rl0j4jggv [] []
[2025-12-31 15:52:11] xcloner_database.INFO: Dumping the structure for information_schema.INNODB_BUFFER_POOL_STATS table [""] []
[2025-12-31 15:52:11] xcloner_database.INFO: Dumping 0 records starting position 0 from information_schema.INNODB_BUFFER_POOL_STATS table [""] []
[2025-12-31 15:52:11] xcloner_api.INFO: Processing ajax request ID _9t1chi3et [] []
[2025-12-31 15:52:11] xcloner_database.INFO: Dumping the structure for information_schema.INNODB_FT_BEING_DELETED table [""] []
[2025-12-31 15:52:11] xcloner_database.INFO: Dumping 0 records starting position 0 from information_schema.INNODB_FT_BEING_DELETED table [""] []
[2025-12-31 15:52:11] xcloner_api.INFO: Processing ajax request ID _dhhfmbhla [] []
[2025-12-31 15:52:12] xcloner_database.INFO: Dumping the structure for information_schema.INNODB_SYS_FOREIGN table [""] []
[2025-12-31 15:52:12] xcloner_database.INFO: Dumping 0 records starting position 0 from information_schema.INNODB_SYS_FOREIGN table [""] []
[2025-12-31 15:52:12] xcloner_api.INFO: Processing ajax request ID _lpq363ex6 [] []
[2025-12-31 15:52:13] xcloner_database.INFO: Dumping the structure for information_schema.INNODB_CMPMEM_RESET table [""] []
[2025-12-31 15:52:13] xcloner_database.INFO: Dumping 0 records starting position 0 from information_schema.INNODB_CMPMEM_RESET table [""] []
[2025-12-31 15:52:13] xcloner_api.INFO: Processing ajax request ID _yxo47xcx5 [] []
[2025-12-31 15:52:13] xcloner_database.INFO: Dumping the structure for information_schema.INNODB_FT_DEFAULT_STOPWORD table [""] []
[2025-12-31 15:52:13] xcloner_database.INFO: Dumping 36 records starting position 0 from information_schema.INNODB_FT_DEFAULT_STOPWORD table [""] []
[2025-12-31 15:52:13] xcloner_api.INFO: Processing ajax request ID _t7thly4en [] []
[2025-12-31 15:52:14] xcloner_database.INFO: Dumping the structure for information_schema.INNODB_SYS_TABLES table [""] []
[2025-12-31 15:52:14] xcloner_database.INFO: Dumping 0 records starting position 0 from information_schema.INNODB_SYS_TABLES table [""] []
[2025-12-31 15:52:14] xcloner_api.INFO: Processing ajax request ID _jha0lo8g6 [] []
[2025-12-31 15:52:15] xcloner_database.INFO: Dumping the structure for information_schema.INNODB_SYS_COLUMNS table [""] []
[2025-12-31 15:52:15] xcloner_database.INFO: Dumping 0 records starting position 0 from information_schema.INNODB_SYS_COLUMNS table [""] []
[2025-12-31 15:52:15] xcloner_api.INFO: Processing ajax request ID _1pl47f3n8 [] []
[2025-12-31 15:52:15] xcloner_database.INFO: Dumping the structure for information_schema.INNODB_SYS_TABLESPACES table [""] []
[2025-12-31 15:52:15] xcloner_database.INFO: Dumping 0 records starting position 0 from information_schema.INNODB_SYS_TABLESPACES table [""] []
[2025-12-31 15:52:15] xcloner_api.INFO: Processing ajax request ID _psglea1m7 [] []
[2025-12-31 15:52:16] xcloner_database.INFO: Dumping the structure for information_schema.INNODB_SYS_INDEXES table [""] []
[2025-12-31 15:52:16] xcloner_database.INFO: Dumping 0 records starting position 0 from information_schema.INNODB_SYS_INDEXES table [""] []
[2025-12-31 15:52:16] xcloner_api.INFO: Processing ajax request ID _b14uhsyyy [] []
[2025-12-31 15:52:17] xcloner_database.INFO: Dumping the structure for information_schema.INNODB_BUFFER_PAGE table [""] []
[2025-12-31 15:52:17] xcloner_database.INFO: Dumping 0 records starting position 0 from information_schema.INNODB_BUFFER_PAGE table [""] []
[2025-12-31 15:52:17] xcloner_api.INFO: Processing ajax request ID _9jgrll14m [] []
[2025-12-31 15:52:17] xcloner_database.INFO: Dumping the structure for information_schema.INNODB_SYS_VIRTUAL table [""] []
[2025-12-31 15:52:17] xcloner_database.INFO: Dumping 0 records starting position 0 from information_schema.INNODB_SYS_VIRTUAL table [""] []
[2025-12-31 15:52:18] xcloner_api.INFO: Processing ajax request ID _syv44ugxl [] []
[2025-12-31 15:52:18] xcloner_database.INFO: Dumping the structure for information_schema.user_variables table [""] []
[2025-12-31 15:52:18] xcloner_database.INFO: Dumping 0 records starting position 0 from information_schema.user_variables table [""] []
[2025-12-31 15:52:18] xcloner_api.INFO: Processing ajax request ID _d0pvwkbfh [] []
[2025-12-31 15:52:19] xcloner_database.INFO: Dumping the structure for information_schema.INNODB_TABLESPACES_ENCRYPTION table [""] []
[2025-12-31 15:52:19] xcloner_database.INFO: Dumping 0 records starting position 0 from information_schema.INNODB_TABLESPACES_ENCRYPTION table [""] []
[2025-12-31 15:52:19] xcloner_api.INFO: Processing ajax request ID _xxial6ejc [] []
[2025-12-31 15:52:19] xcloner_database.INFO: Dumping the structure for information_schema.INNODB_LOCK_WAITS table [""] []
[2025-12-31 15:52:19] xcloner_database.INFO: Dumping 0 records starting position 0 from information_schema.INNODB_LOCK_WAITS table [""] []
[2025-12-31 15:52:19] xcloner_api.INFO: Processing ajax request ID _3in726y6o [] []
[2025-12-31 15:52:20] xcloner_database.INFO: Dumping the structure for information_schema.THREAD_POOL_STATS table [""] []
[2025-12-31 15:52:20] xcloner_database.INFO: Dumping 0 records starting position 0 from information_schema.THREAD_POOL_STATS table [""] []
[2025-12-31 15:52:20] xcloner_api.INFO: Processing ajax request ID _gfm2p7d2c [] []
[2025-12-31 15:52:21] xcloner_api.INFO: Processing ajax request ID _0vbs9y8fs [] []
[2025-12-31 15:52:21] xcloner_archive.INFO: Initializing the backup archive backup_veroniquegru.ieslossauces.es-2025-12-31_15-52-nosql [] []
[2025-12-31 15:52:21] xcloner_archive.INFO: Adding 0 bytes of file xcloner-9fde2/index.html to archive backup_veroniquegru.ieslossauces.es-2025-12-31_15-52-nosql-9fde2.tar  [] []
[2025-12-31 15:52:21] xcloner_archive.INFO: Adding 399 bytes of file xcloner-9fde2/backup_files.csv to archive backup_veroniquegru.ieslossauces.es-2025-12-31_15-52-nosql-9fde2.tar  [] []
[2025-12-31 15:52:21] xcloner_archive.INFO: Adding 56423 bytes of file xcloner-9fde2/xcloner-9fde2.log to archive backup_veroniquegru.ieslossauces.es-2025-12-31_15-52-nosql-9fde2.tar  [] []
[2025-12-31 15:52:21] xcloner_archive.INFO: Adding 5438280 bytes of file xcloner-9fde2/database-backup.sql to archive backup_veroniquegru.ieslossauces.es-2025-12-31_15-52-nosql-9fde2.tar  [] []
[2025-12-31 15:52:21] xcloner_archive.INFO: Adding 1180105 bytes of file xcloner-9fde2/information_schema-backup.sql to archive backup_veroniquegru.ieslossauces.es-2025-12-31_15-52-nosql-9fde2.tar  [] []
[2025-12-31 15:52:21] xcloner_archive.INFO: Closing the backup archive backup_veroniquegru.ieslossauces.es-2025-12-31_15-52-nosql-9fde2.tar with 2*512 zero bytes blocks. [] []
[2025-12-31 15:52:21] xcloner_archive.INFO: Sending backup notification to veronique.gru@educa.jcyl.es [] []
