[2026-01-07 15:37:43] xcloner_api.INFO: Processing ajax request ID _iuayarwm8 [] []
[2026-01-07 15:37:43] xcloner_file_system.INFO: Starting the filesystem scanner on root folder /var/www/vhosts/veroniquegru.ieslossauces.es/httpdocs/VGDWESProyectoWordpress [] []
[2026-01-07 15:37:43] xcloner_file_system.INFO: Excluding .htaccess from the filesystem list, matching pattern / ["FILESYSTEM SCAN","EXCLUDE"] []
[2026-01-07 15:37:43] xcloner_file_system.INFO: Excluding blogs from the filesystem list, matching pattern / ["FILESYSTEM SCAN","EXCLUDE"] []
[2026-01-07 15:37:43] xcloner_file_system.INFO: Excluding index.php from the filesystem list, matching pattern / ["FILESYSTEM SCAN","EXCLUDE"] []
[2026-01-07 15:37:43] xcloner_file_system.INFO: Excluding license.txt from the filesystem list, matching pattern / ["FILESYSTEM SCAN","EXCLUDE"] []
[2026-01-07 15:37:43] xcloner_file_system.INFO: Excluding readme.html from the filesystem list, matching pattern / ["FILESYSTEM SCAN","EXCLUDE"] []
[2026-01-07 15:37:43] xcloner_file_system.INFO: Excluding tmp from the filesystem list, matching pattern / ["FILESYSTEM SCAN","EXCLUDE"] []
[2026-01-07 15:37:43] xcloner_file_system.INFO: Excluding wp-activate.php from the filesystem list, matching pattern / ["FILESYSTEM SCAN","EXCLUDE"] []
[2026-01-07 15:37:43] xcloner_file_system.INFO: Excluding wp-admin from the filesystem list, matching pattern / ["FILESYSTEM SCAN","EXCLUDE"] []
[2026-01-07 15:37:43] xcloner_file_system.INFO: Excluding wp-blog-header.php from the filesystem list, matching pattern / ["FILESYSTEM SCAN","EXCLUDE"] []
[2026-01-07 15:37:43] xcloner_file_system.INFO: Excluding wp-comments-post.php from the filesystem list, matching pattern / ["FILESYSTEM SCAN","EXCLUDE"] []
[2026-01-07 15:37:43] xcloner_file_system.INFO: Excluding wp-config-sample.php from the filesystem list, matching pattern / ["FILESYSTEM SCAN","EXCLUDE"] []
[2026-01-07 15:37:43] xcloner_file_system.INFO: Excluding wp-config.php from the filesystem list, matching pattern / ["FILESYSTEM SCAN","EXCLUDE"] []
[2026-01-07 15:37:43] xcloner_file_system.INFO: Excluding wp-content from the filesystem list, matching pattern / ["FILESYSTEM SCAN","EXCLUDE"] []
[2026-01-07 15:37:43] xcloner_file_system.INFO: Excluding wp-cron.php from the filesystem list, matching pattern / ["FILESYSTEM SCAN","EXCLUDE"] []
[2026-01-07 15:37:43] xcloner_file_system.INFO: Excluding wp-includes from the filesystem list, matching pattern / ["FILESYSTEM SCAN","EXCLUDE"] []
[2026-01-07 15:37:43] xcloner_file_system.INFO: Excluding wp-links-opml.php from the filesystem list, matching pattern / ["FILESYSTEM SCAN","EXCLUDE"] []
[2026-01-07 15:37:43] xcloner_file_system.INFO: Excluding wp-load.php from the filesystem list, matching pattern / ["FILESYSTEM SCAN","EXCLUDE"] []
[2026-01-07 15:37:43] xcloner_file_system.INFO: Excluding wp-login.php from the filesystem list, matching pattern / ["FILESYSTEM SCAN","EXCLUDE"] []
[2026-01-07 15:37:43] xcloner_file_system.INFO: Excluding wp-mail.php from the filesystem list, matching pattern / ["FILESYSTEM SCAN","EXCLUDE"] []
[2026-01-07 15:37:43] xcloner_file_system.INFO: Excluding wp-settings.php from the filesystem list, matching pattern / ["FILESYSTEM SCAN","EXCLUDE"] []
[2026-01-07 15:37:43] xcloner_file_system.INFO: Excluding wp-signup.php from the filesystem list, matching pattern / ["FILESYSTEM SCAN","EXCLUDE"] []
[2026-01-07 15:37:43] xcloner_file_system.INFO: Excluding wp-trackback.php from the filesystem list, matching pattern / ["FILESYSTEM SCAN","EXCLUDE"] []
[2026-01-07 15:37:43] xcloner_file_system.INFO: Excluding xmlrpc.php from the filesystem list, matching pattern / ["FILESYSTEM SCAN","EXCLUDE"] []
[2026-01-07 15:37:43] xcloner_api.INFO: Processing ajax request ID _abl69k4tj [] []
[2026-01-07 15:37:44] xcloner_database.INFO: Preparing the database recursion file [""] []
[2026-01-07 15:37:44] xcloner_database.INFO: Preparing the database recursion file [""] []
[2026-01-07 15:37:44] xcloner_database.ERROR: Access denied; you need (at least one of) the PROCESS privilege(s) for this operation [""] []
[2026-01-07 15:37:44] xcloner_database.ERROR: Access denied; you need (at least one of) the PROCESS privilege(s) for this operation [""] []
[2026-01-07 15:37:44] xcloner_database.ERROR: Access denied; you need (at least one of) the PROCESS privilege(s) for this operation [""] []
[2026-01-07 15:37:44] xcloner_database.ERROR: Access denied; you need (at least one of) the PROCESS privilege(s) for this operation [""] []
[2026-01-07 15:37:44] xcloner_database.ERROR: Access denied; you need (at least one of) the PROCESS privilege(s) for this operation [""] []
[2026-01-07 15:37:44] xcloner_database.ERROR: Access denied; you need (at least one of) the PROCESS privilege(s) for this operation [""] []
[2026-01-07 15:37:44] xcloner_database.ERROR: Access denied; you need (at least one of) the PROCESS privilege(s) for this operation [""] []
[2026-01-07 15:37:44] xcloner_database.ERROR: Access denied; you need (at least one of) the PROCESS privilege(s) for this operation [""] []
[2026-01-07 15:37:44] xcloner_database.ERROR: Access denied; you need (at least one of) the PROCESS privilege(s) for this operation [""] []
[2026-01-07 15:37:44] xcloner_database.ERROR: Access denied; you need (at least one of) the PROCESS privilege(s) for this operation [""] []
[2026-01-07 15:37:44] xcloner_database.ERROR: Access denied; you need (at least one of) the PROCESS privilege(s) for this operation [""] []
[2026-01-07 15:37:44] xcloner_database.ERROR: Access denied; you need (at least one of) the PROCESS privilege(s) for this operation [""] []
[2026-01-07 15:37:44] xcloner_database.ERROR: Access denied; you need (at least one of) the PROCESS privilege(s) for this operation [""] []
[2026-01-07 15:37:44] xcloner_database.ERROR: Access denied; you need (at least one of) the PROCESS privilege(s) for this operation [""] []
[2026-01-07 15:37:44] xcloner_database.ERROR: Access denied; you need (at least one of) the PROCESS privilege(s) for this operation [""] []
[2026-01-07 15:37:44] xcloner_database.ERROR: Access denied; you need (at least one of) the PROCESS privilege(s) for this operation [""] []
[2026-01-07 15:37:44] xcloner_database.ERROR: Access denied; you need (at least one of) the PROCESS privilege(s) for this operation [""] []
[2026-01-07 15:37:44] xcloner_database.ERROR: Access denied; you need (at least one of) the PROCESS privilege(s) for this operation [""] []
[2026-01-07 15:37:44] xcloner_database.ERROR: Access denied; you need (at least one of) the PROCESS privilege(s) for this operation [""] []
[2026-01-07 15:37:44] xcloner_database.ERROR: Access denied; you need (at least one of) the PROCESS privilege(s) for this operation [""] []
[2026-01-07 15:37:44] xcloner_database.ERROR: Access denied; you need (at least one of) the PROCESS privilege(s) for this operation [""] []
[2026-01-07 15:37:44] xcloner_database.ERROR: Access denied; you need (at least one of) the PROCESS privilege(s) for this operation [""] []
[2026-01-07 15:37:44] xcloner_database.ERROR: Access denied; you need (at least one of) the PROCESS privilege(s) for this operation [""] []
[2026-01-07 15:37:44] xcloner_database.ERROR: Access denied; you need (at least one of) the PROCESS privilege(s) for this operation [""] []
[2026-01-07 15:37:44] xcloner_database.ERROR: Access denied; you need (at least one of) the PROCESS privilege(s) for this operation [""] []
[2026-01-07 15:37:44] xcloner_database.ERROR: Access denied; you need (at least one of) the PROCESS privilege(s) for this operation [""] []
[2026-01-07 15:37:44] xcloner_database.ERROR: Access denied; you need (at least one of) the PROCESS privilege(s) for this operation [""] []
[2026-01-07 15:37:44] xcloner_database.ERROR: Access denied; you need (at least one of) the PROCESS privilege(s) for this operation [""] []
[2026-01-07 15:37:44] xcloner_api.INFO: Processing ajax request ID _g6r7s3ozg [] []
[2026-01-07 15:37:45] xcloner_database.INFO: Starting new backup dump to file database-backup.sql [""] []
[2026-01-07 15:37:45] xcloner_database.INFO: Writing wordpress_db database dump headers [""] []
[2026-01-07 15:37:45] xcloner_database.INFO: Dumping the structure for wordpress_db.wp_actionscheduler_actions table [""] []
[2026-01-07 15:37:45] xcloner_database.INFO: Dumping 255 records starting position 0 from wordpress_db.wp_actionscheduler_actions table [""] []
[2026-01-07 15:37:45] xcloner_api.INFO: Processing ajax request ID _2vyykm7eg [] []
[2026-01-07 15:37:45] xcloner_database.INFO: Dumping the structure for wordpress_db.wp_actionscheduler_claims table [""] []
[2026-01-07 15:37:45] xcloner_database.INFO: Dumping 0 records starting position 0 from wordpress_db.wp_actionscheduler_claims table [""] []
[2026-01-07 15:37:46] xcloner_api.INFO: Processing ajax request ID _m9vqhh431 [] []
[2026-01-07 15:37:46] xcloner_database.INFO: Dumping the structure for wordpress_db.wp_actionscheduler_groups table [""] []
[2026-01-07 15:37:46] xcloner_database.INFO: Dumping 10 records starting position 0 from wordpress_db.wp_actionscheduler_groups table [""] []
[2026-01-07 15:37:46] xcloner_api.INFO: Processing ajax request ID _7bua7oiwo [] []
[2026-01-07 15:37:47] xcloner_database.INFO: Dumping the structure for wordpress_db.wp_actionscheduler_logs table [""] []
[2026-01-07 15:37:47] xcloner_database.INFO: Dumping 742 records starting position 0 from wordpress_db.wp_actionscheduler_logs table [""] []
[2026-01-07 15:37:47] xcloner_api.INFO: Processing ajax request ID _35hl1ay5d [] []
[2026-01-07 15:37:48] xcloner_database.INFO: Dumping the structure for wordpress_db.wp_check_email_error_logs table [""] []
[2026-01-07 15:37:48] xcloner_database.INFO: Dumping 11 records starting position 0 from wordpress_db.wp_check_email_error_logs table [""] []
[2026-01-07 15:37:48] xcloner_api.INFO: Processing ajax request ID _9not3v7y1 [] []
[2026-01-07 15:37:48] xcloner_database.INFO: Dumping the structure for wordpress_db.wp_check_email_log table [""] []
[2026-01-07 15:37:48] xcloner_database.INFO: Dumping 90 records starting position 0 from wordpress_db.wp_check_email_log table [""] []
[2026-01-07 15:37:49] xcloner_api.INFO: Processing ajax request ID _z23szmpz3 [] []
[2026-01-07 15:37:49] xcloner_database.INFO: Dumping the structure for wordpress_db.wp_check_email_spam_analyzer table [""] []
[2026-01-07 15:37:49] xcloner_database.INFO: Dumping 0 records starting position 0 from wordpress_db.wp_check_email_spam_analyzer table [""] []
[2026-01-07 15:37:49] xcloner_api.INFO: Processing ajax request ID _2v1lr7gts [] []
[2026-01-07 15:37:50] xcloner_database.INFO: Dumping the structure for wordpress_db.wp_commentmeta table [""] []
[2026-01-07 15:37:50] xcloner_database.INFO: Dumping 14 records starting position 0 from wordpress_db.wp_commentmeta table [""] []
[2026-01-07 15:37:50] xcloner_api.INFO: Processing ajax request ID _yctc3v0n6 [] []
[2026-01-07 15:37:50] xcloner_database.INFO: Dumping the structure for wordpress_db.wp_comments table [""] []
[2026-01-07 15:37:50] xcloner_database.INFO: Dumping 12 records starting position 0 from wordpress_db.wp_comments table [""] []
[2026-01-07 15:37:51] xcloner_api.INFO: Processing ajax request ID _ya425iidn [] []
[2026-01-07 15:37:51] xcloner_database.INFO: Dumping the structure for wordpress_db.wp_e_events table [""] []
[2026-01-07 15:37:51] xcloner_database.INFO: Dumping 16 records starting position 0 from wordpress_db.wp_e_events table [""] []
[2026-01-07 15:37:51] xcloner_api.INFO: Processing ajax request ID _daujeyvrp [] []
[2026-01-07 15:37:52] xcloner_database.INFO: Dumping the structure for wordpress_db.wp_easywpsmtp_debug_events table [""] []
[2026-01-07 15:37:52] xcloner_database.INFO: Dumping 0 records starting position 0 from wordpress_db.wp_easywpsmtp_debug_events table [""] []
[2026-01-07 15:37:52] xcloner_api.INFO: Processing ajax request ID _9o12woxk6 [] []
[2026-01-07 15:37:53] xcloner_database.INFO: Dumping the structure for wordpress_db.wp_easywpsmtp_tasks_meta table [""] []
[2026-01-07 15:37:53] xcloner_database.INFO: Dumping 0 records starting position 0 from wordpress_db.wp_easywpsmtp_tasks_meta table [""] []
[2026-01-07 15:37:53] xcloner_api.INFO: Processing ajax request ID _nq0g2niwq [] []
[2026-01-07 15:37:53] xcloner_database.INFO: Dumping the structure for wordpress_db.wp_links table [""] []
[2026-01-07 15:37:53] xcloner_database.INFO: Dumping 0 records starting position 0 from wordpress_db.wp_links table [""] []
[2026-01-07 15:37:53] xcloner_api.INFO: Processing ajax request ID _hwf2a2kmg [] []
[2026-01-07 15:37:54] xcloner_database.INFO: Dumping the structure for wordpress_db.wp_login_redirects table [""] []
[2026-01-07 15:37:54] xcloner_database.INFO: Dumping 2 records starting position 0 from wordpress_db.wp_login_redirects table [""] []
[2026-01-07 15:37:54] xcloner_api.INFO: Processing ajax request ID _cak0spdox [] []
[2026-01-07 15:37:55] xcloner_database.INFO: Dumping the structure for wordpress_db.wp_options table [""] []
[2026-01-07 15:37:55] xcloner_database.INFO: Dumping 414 records starting position 0 from wordpress_db.wp_options table [""] []
[2026-01-07 15:37:55] xcloner_api.INFO: Processing ajax request ID _tw6thsba4 [] []
[2026-01-07 15:37:55] xcloner_database.INFO: Dumping the structure for wordpress_db.wp_postmeta table [""] []
[2026-01-07 15:37:56] xcloner_database.INFO: Dumping 1525 records starting position 0 from wordpress_db.wp_postmeta table [""] []
[2026-01-07 15:37:56] xcloner_api.INFO: Processing ajax request ID _sb65t5fvr [] []
[2026-01-07 15:37:56] xcloner_database.INFO: Dumping the structure for wordpress_db.wp_posts table [""] []
[2026-01-07 15:37:56] xcloner_database.INFO: Dumping 307 records starting position 0 from wordpress_db.wp_posts table [""] []
[2026-01-07 15:37:57] xcloner_api.INFO: Processing ajax request ID _wlzkuibgc [] []
[2026-01-07 15:37:57] xcloner_database.INFO: Dumping the structure for wordpress_db.wp_say_what_strings table [""] []
[2026-01-07 15:37:57] xcloner_database.INFO: Dumping 1 records starting position 0 from wordpress_db.wp_say_what_strings table [""] []
[2026-01-07 15:37:57] xcloner_api.INFO: Processing ajax request ID _b2lyqgaab [] []
[2026-01-07 15:37:58] xcloner_database.INFO: Dumping the structure for wordpress_db.wp_shepherd_tec_task_logs table [""] []
[2026-01-07 15:37:58] xcloner_database.INFO: Dumping 0 records starting position 0 from wordpress_db.wp_shepherd_tec_task_logs table [""] []
[2026-01-07 15:37:58] xcloner_api.INFO: Processing ajax request ID _ftnsnr6qn [] []
[2026-01-07 15:37:58] xcloner_database.INFO: Dumping the structure for wordpress_db.wp_shepherd_tec_tasks table [""] []
[2026-01-07 15:37:58] xcloner_database.INFO: Dumping 1 records starting position 0 from wordpress_db.wp_shepherd_tec_tasks table [""] []
[2026-01-07 15:37:59] xcloner_api.INFO: Processing ajax request ID _ubu4y9lcw [] []
[2026-01-07 15:37:59] xcloner_database.INFO: Dumping the structure for wordpress_db.wp_tec_events table [""] []
[2026-01-07 15:37:59] xcloner_database.INFO: Dumping 4 records starting position 0 from wordpress_db.wp_tec_events table [""] []
[2026-01-07 15:37:59] xcloner_api.INFO: Processing ajax request ID _f0ixv2s3s [] []
[2026-01-07 15:38:00] xcloner_database.INFO: Dumping the structure for wordpress_db.wp_tec_kv_cache table [""] []
[2026-01-07 15:38:00] xcloner_database.INFO: Dumping 0 records starting position 0 from wordpress_db.wp_tec_kv_cache table [""] []
[2026-01-07 15:38:00] xcloner_api.INFO: Processing ajax request ID _sydqd6z3v [] []
[2026-01-07 15:38:01] xcloner_database.INFO: Dumping the structure for wordpress_db.wp_tec_occurrences table [""] []
[2026-01-07 15:38:01] xcloner_database.INFO: Dumping 4 records starting position 0 from wordpress_db.wp_tec_occurrences table [""] []
[2026-01-07 15:38:01] xcloner_api.INFO: Processing ajax request ID _d7pa55y93 [] []
[2026-01-07 15:38:01] xcloner_database.INFO: Dumping the structure for wordpress_db.wp_tec_order_modifier_relationships table [""] []
[2026-01-07 15:38:01] xcloner_database.INFO: Dumping 0 records starting position 0 from wordpress_db.wp_tec_order_modifier_relationships table [""] []
[2026-01-07 15:38:01] xcloner_api.INFO: Processing ajax request ID _rxvd6f29l [] []
[2026-01-07 15:38:02] xcloner_database.INFO: Dumping the structure for wordpress_db.wp_tec_order_modifiers table [""] []
[2026-01-07 15:38:02] xcloner_database.INFO: Dumping 0 records starting position 0 from wordpress_db.wp_tec_order_modifiers table [""] []
[2026-01-07 15:38:02] xcloner_api.INFO: Processing ajax request ID _5b6ezzcwl [] []
[2026-01-07 15:38:03] xcloner_database.INFO: Dumping the structure for wordpress_db.wp_tec_order_modifiers_meta table [""] []
[2026-01-07 15:38:03] xcloner_database.INFO: Dumping 0 records starting position 0 from wordpress_db.wp_tec_order_modifiers_meta table [""] []
[2026-01-07 15:38:03] xcloner_api.INFO: Processing ajax request ID _grly11qt9 [] []
[2026-01-07 15:38:03] xcloner_database.INFO: Dumping the structure for wordpress_db.wp_tec_slr_layouts table [""] []
[2026-01-07 15:38:03] xcloner_database.INFO: Dumping 0 records starting position 0 from wordpress_db.wp_tec_slr_layouts table [""] []
[2026-01-07 15:38:04] xcloner_api.INFO: Processing ajax request ID _fh36cxo7z [] []
[2026-01-07 15:38:04] xcloner_database.INFO: Dumping the structure for wordpress_db.wp_tec_slr_maps table [""] []
[2026-01-07 15:38:04] xcloner_database.INFO: Dumping 0 records starting position 0 from wordpress_db.wp_tec_slr_maps table [""] []
[2026-01-07 15:38:04] xcloner_api.INFO: Processing ajax request ID _792guemid [] []
[2026-01-07 15:38:05] xcloner_database.INFO: Dumping the structure for wordpress_db.wp_tec_slr_seat_types table [""] []
[2026-01-07 15:38:05] xcloner_database.INFO: Dumping 0 records starting position 0 from wordpress_db.wp_tec_slr_seat_types table [""] []
[2026-01-07 15:38:05] xcloner_api.INFO: Processing ajax request ID _ylhqpfdol [] []
[2026-01-07 15:38:06] xcloner_database.INFO: Dumping the structure for wordpress_db.wp_tec_slr_sessions table [""] []
[2026-01-07 15:38:06] xcloner_database.INFO: Dumping 0 records starting position 0 from wordpress_db.wp_tec_slr_sessions table [""] []
[2026-01-07 15:38:06] xcloner_api.INFO: Processing ajax request ID _salyc9ndw [] []
[2026-01-07 15:38:06] xcloner_database.INFO: Dumping the structure for wordpress_db.wp_tec_tickets_commerce_webhooks table [""] []
[2026-01-07 15:38:06] xcloner_database.INFO: Dumping 0 records starting position 0 from wordpress_db.wp_tec_tickets_commerce_webhooks table [""] []
[2026-01-07 15:38:07] xcloner_api.INFO: Processing ajax request ID _ka0if3bjj [] []
[2026-01-07 15:38:07] xcloner_database.INFO: Dumping the structure for wordpress_db.wp_term_relationships table [""] []
[2026-01-07 15:38:07] xcloner_database.INFO: Dumping 25 records starting position 0 from wordpress_db.wp_term_relationships table [""] []
[2026-01-07 15:38:07] xcloner_api.INFO: Processing ajax request ID _12rdbwyem [] []
[2026-01-07 15:38:08] xcloner_database.INFO: Dumping the structure for wordpress_db.wp_term_taxonomy table [""] []
[2026-01-07 15:38:08] xcloner_database.INFO: Dumping 9 records starting position 0 from wordpress_db.wp_term_taxonomy table [""] []
[2026-01-07 15:38:08] xcloner_api.INFO: Processing ajax request ID _hqcg9qx3n [] []
[2026-01-07 15:38:09] xcloner_database.INFO: Dumping the structure for wordpress_db.wp_termmeta table [""] []
[2026-01-07 15:38:09] xcloner_database.INFO: Dumping 8 records starting position 0 from wordpress_db.wp_termmeta table [""] []
[2026-01-07 15:38:09] xcloner_api.INFO: Processing ajax request ID _rm1xzgyt5 [] []
[2026-01-07 15:38:09] xcloner_database.INFO: Dumping the structure for wordpress_db.wp_terms table [""] []
[2026-01-07 15:38:09] xcloner_database.INFO: Dumping 9 records starting position 0 from wordpress_db.wp_terms table [""] []
[2026-01-07 15:38:09] xcloner_api.INFO: Processing ajax request ID _kwvk4yp1x [] []
[2026-01-07 15:38:10] xcloner_database.INFO: Dumping the structure for wordpress_db.wp_um_metadata table [""] []
[2026-01-07 15:38:10] xcloner_database.INFO: Dumping 0 records starting position 0 from wordpress_db.wp_um_metadata table [""] []
[2026-01-07 15:38:10] xcloner_api.INFO: Processing ajax request ID _kfcq1dmi4 [] []
[2026-01-07 15:38:11] xcloner_database.INFO: Dumping the structure for wordpress_db.wp_usermeta table [""] []
[2026-01-07 15:38:11] xcloner_database.INFO: Dumping 551 records starting position 0 from wordpress_db.wp_usermeta table [""] []
[2026-01-07 15:38:11] xcloner_api.INFO: Processing ajax request ID _ahpck9jfw [] []
[2026-01-07 15:38:11] xcloner_database.INFO: Dumping the structure for wordpress_db.wp_users table [""] []
[2026-01-07 15:38:11] xcloner_database.INFO: Dumping 24 records starting position 0 from wordpress_db.wp_users table [""] []
[2026-01-07 15:38:12] xcloner_api.INFO: Processing ajax request ID _3rc4z6jed [] []
[2026-01-07 15:38:12] xcloner_database.INFO: Dumping the structure for wordpress_db.wp_wc_comments_subscription table [""] []
[2026-01-07 15:38:12] xcloner_database.INFO: Dumping 0 records starting position 0 from wordpress_db.wp_wc_comments_subscription table [""] []
[2026-01-07 15:38:12] xcloner_api.INFO: Processing ajax request ID _iyikf52tx [] []
[2026-01-07 15:38:13] xcloner_database.INFO: Dumping the structure for wordpress_db.wp_wc_feedback_forms table [""] []
[2026-01-07 15:38:13] xcloner_database.INFO: Dumping 0 records starting position 0 from wordpress_db.wp_wc_feedback_forms table [""] []
[2026-01-07 15:38:13] xcloner_api.INFO: Processing ajax request ID _50ay3su8c [] []
[2026-01-07 15:38:14] xcloner_database.INFO: Dumping the structure for wordpress_db.wp_wc_follow_users table [""] []
[2026-01-07 15:38:14] xcloner_database.INFO: Dumping 0 records starting position 0 from wordpress_db.wp_wc_follow_users table [""] []
[2026-01-07 15:38:14] xcloner_api.INFO: Processing ajax request ID _f03nueeoc [] []
[2026-01-07 15:38:14] xcloner_database.INFO: Dumping the structure for wordpress_db.wp_wc_phrases table [""] []
[2026-01-07 15:38:14] xcloner_database.INFO: Dumping 206 records starting position 0 from wordpress_db.wp_wc_phrases table [""] []
[2026-01-07 15:38:15] xcloner_api.INFO: Processing ajax request ID _nc5to8mg5 [] []
[2026-01-07 15:38:15] xcloner_database.INFO: Dumping the structure for wordpress_db.wp_wc_users_rated table [""] []
[2026-01-07 15:38:15] xcloner_database.INFO: Dumping 2 records starting position 0 from wordpress_db.wp_wc_users_rated table [""] []
[2026-01-07 15:38:15] xcloner_api.INFO: Processing ajax request ID _6r3i53qux [] []
[2026-01-07 15:38:16] xcloner_database.INFO: Dumping the structure for wordpress_db.wp_wc_users_voted table [""] []
[2026-01-07 15:38:16] xcloner_database.INFO: Dumping 9 records starting position 0 from wordpress_db.wp_wc_users_voted table [""] []
[2026-01-07 15:38:16] xcloner_api.INFO: Processing ajax request ID _zxyppgvdj [] []
[2026-01-07 15:38:17] xcloner_database.INFO: Dumping the structure for wordpress_db.wp_wpforms_db table [""] []
[2026-01-07 15:38:17] xcloner_database.INFO: Dumping 8 records starting position 0 from wordpress_db.wp_wpforms_db table [""] []
[2026-01-07 15:38:17] xcloner_api.INFO: Processing ajax request ID _8f1vyynvs [] []
[2026-01-07 15:38:17] xcloner_database.INFO: Dumping the structure for wordpress_db.wp_wpforms_logs table [""] []
[2026-01-07 15:38:17] xcloner_database.INFO: Dumping 0 records starting position 0 from wordpress_db.wp_wpforms_logs table [""] []
[2026-01-07 15:38:17] xcloner_api.INFO: Processing ajax request ID _96gd4zu5z [] []
[2026-01-07 15:38:18] xcloner_database.INFO: Dumping the structure for wordpress_db.wp_wpforms_payment_meta table [""] []
[2026-01-07 15:38:18] xcloner_database.INFO: Dumping 0 records starting position 0 from wordpress_db.wp_wpforms_payment_meta table [""] []
[2026-01-07 15:38:18] xcloner_api.INFO: Processing ajax request ID _l1ilvckxz [] []
[2026-01-07 15:38:19] xcloner_database.INFO: Dumping the structure for wordpress_db.wp_wpforms_payments table [""] []
[2026-01-07 15:38:19] xcloner_database.INFO: Dumping 0 records starting position 0 from wordpress_db.wp_wpforms_payments table [""] []
[2026-01-07 15:38:19] xcloner_api.INFO: Processing ajax request ID _c82xkx71a [] []
[2026-01-07 15:38:19] xcloner_database.INFO: Dumping the structure for wordpress_db.wp_wpforms_tasks_meta table [""] []
[2026-01-07 15:38:19] xcloner_database.INFO: Dumping 5 records starting position 0 from wordpress_db.wp_wpforms_tasks_meta table [""] []
[2026-01-07 15:38:19] xcloner_api.INFO: Processing ajax request ID _gmgxjjiyy [] []
[2026-01-07 15:38:20] xcloner_database.INFO: Dumping the structure for wordpress_db.wp_wpmailsmtp_debug_events table [""] []
[2026-01-07 15:38:20] xcloner_database.INFO: Dumping 11 records starting position 0 from wordpress_db.wp_wpmailsmtp_debug_events table [""] []
[2026-01-07 15:38:20] xcloner_api.INFO: Processing ajax request ID _4bbholj1i [] []
[2026-01-07 15:38:21] xcloner_database.INFO: Dumping the structure for wordpress_db.wp_wpmailsmtp_tasks_meta table [""] []
[2026-01-07 15:38:21] xcloner_database.INFO: Dumping 0 records starting position 0 from wordpress_db.wp_wpmailsmtp_tasks_meta table [""] []
[2026-01-07 15:38:21] xcloner_api.INFO: Processing ajax request ID _xt8fsa2pt [] []
[2026-01-07 15:38:21] xcloner_database.INFO: Dumping the structure for wordpress_db.wp_xcloner_scheduler table [""] []
[2026-01-07 15:38:21] xcloner_database.INFO: Dumping 0 records starting position 0 from wordpress_db.wp_xcloner_scheduler table [""] []
[2026-01-07 15:38:22] xcloner_api.INFO: Processing ajax request ID _zbsp8m390 [] []
[2026-01-07 15:38:22] xcloner_database.INFO: Starting new backup dump to file information_schema-backup.sql [""] []
[2026-01-07 15:38:22] xcloner_database.INFO: Writing information_schema database dump headers [""] []
[2026-01-07 15:38:22] xcloner_database.INFO: Dumping the structure for information_schema.ALL_PLUGINS table [""] []
[2026-01-07 15:38:22] xcloner_database.INFO: Dumping 92 records starting position 0 from information_schema.ALL_PLUGINS table [""] []
[2026-01-07 15:38:22] xcloner_api.INFO: Processing ajax request ID _kga5d4m3i [] []
[2026-01-07 15:38:23] xcloner_database.INFO: Dumping the structure for information_schema.ALL_PLUGINS table [""] []
[2026-01-07 15:38:23] xcloner_database.INFO: Dumping 92 records starting position 0 from information_schema.ALL_PLUGINS table [""] []
[2026-01-07 15:38:23] xcloner_api.INFO: Processing ajax request ID _x3f088ejy [] []
[2026-01-07 15:38:24] xcloner_database.INFO: Dumping the structure for information_schema.APPLICABLE_ROLES table [""] []
[2026-01-07 15:38:24] xcloner_database.INFO: Dumping 0 records starting position 0 from information_schema.APPLICABLE_ROLES table [""] []
[2026-01-07 15:38:24] xcloner_api.INFO: Processing ajax request ID _ggovd4z3f [] []
[2026-01-07 15:38:24] xcloner_database.INFO: Dumping the structure for information_schema.CHARACTER_SETS table [""] []
[2026-01-07 15:38:24] xcloner_database.INFO: Dumping 40 records starting position 0 from information_schema.CHARACTER_SETS table [""] []
[2026-01-07 15:38:24] xcloner_api.INFO: Processing ajax request ID _rjeempmth [] []
[2026-01-07 15:38:25] xcloner_database.INFO: Dumping the structure for information_schema.CHECK_CONSTRAINTS table [""] []
[2026-01-07 15:38:25] xcloner_database.INFO: Dumping 0 records starting position 0 from information_schema.CHECK_CONSTRAINTS table [""] []
[2026-01-07 15:38:25] xcloner_api.INFO: Processing ajax request ID _88drc8i9d [] []
[2026-01-07 15:38:26] xcloner_database.INFO: Dumping the structure for information_schema.COLLATIONS table [""] []
[2026-01-07 15:38:26] xcloner_database.INFO: Dumping 506 records starting position 0 from information_schema.COLLATIONS table [""] []
[2026-01-07 15:38:26] xcloner_api.INFO: Processing ajax request ID _tdig88dce [] []
[2026-01-07 15:38:26] xcloner_database.INFO: Dumping the structure for information_schema.COLLATION_CHARACTER_SET_APPLICABILITY table [""] []
[2026-01-07 15:38:27] xcloner_database.INFO: Dumping 1242 records starting position 0 from information_schema.COLLATION_CHARACTER_SET_APPLICABILITY table [""] []
[2026-01-07 15:38:27] xcloner_api.INFO: Processing ajax request ID _416wf8yss [] []
[2026-01-07 15:38:27] xcloner_database.INFO: Dumping the structure for information_schema.COLUMNS table [""] []
[2026-01-07 15:38:28] xcloner_database.INFO: Dumping 1139 records starting position 0 from information_schema.COLUMNS table [""] []
[2026-01-07 15:38:28] xcloner_api.INFO: Processing ajax request ID _h09xblapy [] []
[2026-01-07 15:38:28] xcloner_database.INFO: Dumping the structure for information_schema.COLUMN_PRIVILEGES table [""] []
[2026-01-07 15:38:28] xcloner_database.INFO: Dumping 0 records starting position 0 from information_schema.COLUMN_PRIVILEGES table [""] []
[2026-01-07 15:38:29] xcloner_api.INFO: Processing ajax request ID _sufimwqnh [] []
[2026-01-07 15:38:29] xcloner_database.INFO: Dumping the structure for information_schema.ENABLED_ROLES table [""] []
[2026-01-07 15:38:29] xcloner_database.INFO: Dumping 1 records starting position 0 from information_schema.ENABLED_ROLES table [""] []
[2026-01-07 15:38:29] xcloner_api.INFO: Processing ajax request ID _rv8vyqiat [] []
[2026-01-07 15:38:30] xcloner_database.INFO: Dumping the structure for information_schema.ENGINES table [""] []
[2026-01-07 15:38:30] xcloner_database.INFO: Dumping 8 records starting position 0 from information_schema.ENGINES table [""] []
[2026-01-07 15:38:30] xcloner_api.INFO: Processing ajax request ID _6tw82tp0b [] []
[2026-01-07 15:38:31] xcloner_database.INFO: Dumping the structure for information_schema.EVENTS table [""] []
[2026-01-07 15:38:31] xcloner_database.INFO: Dumping 0 records starting position 0 from information_schema.EVENTS table [""] []
[2026-01-07 15:38:31] xcloner_api.INFO: Processing ajax request ID _7l6vheoft [] []
[2026-01-07 15:38:31] xcloner_database.INFO: Dumping the structure for information_schema.FILES table [""] []
[2026-01-07 15:38:31] xcloner_database.INFO: Dumping 0 records starting position 0 from information_schema.FILES table [""] []
[2026-01-07 15:38:31] xcloner_api.INFO: Processing ajax request ID _wdb9zs8wl [] []
[2026-01-07 15:38:32] xcloner_database.INFO: Dumping the structure for information_schema.GLOBAL_STATUS table [""] []
[2026-01-07 15:38:32] xcloner_database.INFO: Dumping 562 records starting position 0 from information_schema.GLOBAL_STATUS table [""] []
[2026-01-07 15:38:32] xcloner_api.INFO: Processing ajax request ID _axvn1kw8t [] []
[2026-01-07 15:38:33] xcloner_database.INFO: Dumping the structure for information_schema.GLOBAL_VARIABLES table [""] []
[2026-01-07 15:38:33] xcloner_database.INFO: Dumping 653 records starting position 0 from information_schema.GLOBAL_VARIABLES table [""] []
[2026-01-07 15:38:33] xcloner_api.INFO: Processing ajax request ID _5264zn87y [] []
[2026-01-07 15:38:34] xcloner_database.INFO: Dumping the structure for information_schema.KEYWORDS table [""] []
[2026-01-07 15:38:34] xcloner_database.INFO: Dumping 696 records starting position 0 from information_schema.KEYWORDS table [""] []
[2026-01-07 15:38:34] xcloner_api.INFO: Processing ajax request ID _rzidfskh9 [] []
[2026-01-07 15:38:34] xcloner_database.INFO: Dumping the structure for information_schema.KEY_CACHES table [""] []
[2026-01-07 15:38:34] xcloner_database.INFO: Dumping 1 records starting position 0 from information_schema.KEY_CACHES table [""] []
[2026-01-07 15:38:35] xcloner_api.INFO: Processing ajax request ID _5yb582512 [] []
[2026-01-07 15:38:35] xcloner_database.INFO: Dumping the structure for information_schema.KEY_COLUMN_USAGE table [""] []
[2026-01-07 15:38:35] xcloner_database.INFO: Dumping 64 records starting position 0 from information_schema.KEY_COLUMN_USAGE table [""] []
[2026-01-07 15:38:35] xcloner_api.INFO: Processing ajax request ID _we7w3r9mb [] []
[2026-01-07 15:38:36] xcloner_database.INFO: Dumping the structure for information_schema.OPTIMIZER_TRACE table [""] []
[2026-01-07 15:38:36] xcloner_database.INFO: Dumping 0 records starting position 0 from information_schema.OPTIMIZER_TRACE table [""] []
[2026-01-07 15:38:36] xcloner_api.INFO: Processing ajax request ID _3ic7ftzoj [] []
[2026-01-07 15:38:37] xcloner_database.INFO: Dumping the structure for information_schema.PARAMETERS table [""] []
[2026-01-07 15:38:37] xcloner_database.INFO: Dumping 0 records starting position 0 from information_schema.PARAMETERS table [""] []
[2026-01-07 15:38:37] xcloner_api.INFO: Processing ajax request ID _511vtlq11 [] []
[2026-01-07 15:38:37] xcloner_database.INFO: Dumping the structure for information_schema.PARTITIONS table [""] []
[2026-01-07 15:38:37] xcloner_database.INFO: Dumping 134 records starting position 0 from information_schema.PARTITIONS table [""] []
[2026-01-07 15:38:37] xcloner_api.INFO: Processing ajax request ID _mz4r5t8a3 [] []
[2026-01-07 15:38:38] xcloner_database.INFO: Dumping the structure for information_schema.PLUGINS table [""] []
[2026-01-07 15:38:38] xcloner_database.INFO: Dumping 69 records starting position 0 from information_schema.PLUGINS table [""] []
[2026-01-07 15:38:38] xcloner_api.INFO: Processing ajax request ID _3psm3c1tg [] []
[2026-01-07 15:38:39] xcloner_database.INFO: Dumping the structure for information_schema.PROCESSLIST table [""] []
[2026-01-07 15:38:39] xcloner_database.INFO: Dumping 2 records starting position 0 from information_schema.PROCESSLIST table [""] []
[2026-01-07 15:38:39] xcloner_api.INFO: Processing ajax request ID _d70bb91y0 [] []
[2026-01-07 15:38:39] xcloner_database.INFO: Dumping the structure for information_schema.PROFILING table [""] []
[2026-01-07 15:38:39] xcloner_database.INFO: Dumping 0 records starting position 0 from information_schema.PROFILING table [""] []
[2026-01-07 15:38:39] xcloner_api.INFO: Processing ajax request ID _gbd0einqt [] []
[2026-01-07 15:38:40] xcloner_database.INFO: Dumping the structure for information_schema.REFERENTIAL_CONSTRAINTS table [""] []
[2026-01-07 15:38:40] xcloner_database.INFO: Dumping 0 records starting position 0 from information_schema.REFERENTIAL_CONSTRAINTS table [""] []
[2026-01-07 15:38:40] xcloner_api.INFO: Processing ajax request ID _stusuawur [] []
[2026-01-07 15:38:41] xcloner_database.INFO: Dumping the structure for information_schema.ROUTINES table [""] []
[2026-01-07 15:38:41] xcloner_database.INFO: Dumping 0 records starting position 0 from information_schema.ROUTINES table [""] []
[2026-01-07 15:38:41] xcloner_api.INFO: Processing ajax request ID _rqlb60tm0 [] []
[2026-01-07 15:38:41] xcloner_database.INFO: Dumping the structure for information_schema.SCHEMATA table [""] []
[2026-01-07 15:38:41] xcloner_database.INFO: Dumping 2 records starting position 0 from information_schema.SCHEMATA table [""] []
[2026-01-07 15:38:42] xcloner_api.INFO: Processing ajax request ID _66o6wwfie [] []
[2026-01-07 15:38:42] xcloner_database.INFO: Dumping the structure for information_schema.SCHEMA_PRIVILEGES table [""] []
[2026-01-07 15:38:42] xcloner_database.INFO: Dumping 18 records starting position 0 from information_schema.SCHEMA_PRIVILEGES table [""] []
[2026-01-07 15:38:42] xcloner_api.INFO: Processing ajax request ID _tj7ps0bc7 [] []
[2026-01-07 15:38:43] xcloner_database.INFO: Dumping the structure for information_schema.SESSION_STATUS table [""] []
[2026-01-07 15:38:43] xcloner_database.INFO: Dumping 562 records starting position 0 from information_schema.SESSION_STATUS table [""] []
[2026-01-07 15:38:43] xcloner_api.INFO: Processing ajax request ID _dqw0b8w80 [] []
[2026-01-07 15:38:44] xcloner_database.INFO: Dumping the structure for information_schema.SESSION_VARIABLES table [""] []
[2026-01-07 15:38:44] xcloner_database.INFO: Dumping 672 records starting position 0 from information_schema.SESSION_VARIABLES table [""] []
[2026-01-07 15:38:44] xcloner_api.INFO: Processing ajax request ID _nr5gf518o [] []
[2026-01-07 15:38:44] xcloner_database.INFO: Dumping the structure for information_schema.STATISTICS table [""] []
[2026-01-07 15:38:44] xcloner_database.INFO: Dumping 175 records starting position 0 from information_schema.STATISTICS table [""] []
[2026-01-07 15:38:45] xcloner_api.INFO: Processing ajax request ID _3ekn4rl00 [] []
[2026-01-07 15:38:45] xcloner_database.INFO: Dumping the structure for information_schema.SQL_FUNCTIONS table [""] []
[2026-01-07 15:38:45] xcloner_database.INFO: Dumping 261 records starting position 0 from information_schema.SQL_FUNCTIONS table [""] []
[2026-01-07 15:38:45] xcloner_api.INFO: Processing ajax request ID _w546ge2yu [] []
[2026-01-07 15:38:46] xcloner_database.INFO: Dumping the structure for information_schema.SYSTEM_VARIABLES table [""] []
[2026-01-07 15:38:46] xcloner_database.INFO: Dumping 672 records starting position 0 from information_schema.SYSTEM_VARIABLES table [""] []
[2026-01-07 15:38:46] xcloner_api.INFO: Processing ajax request ID _3zx4y4ywl [] []
[2026-01-07 15:38:47] xcloner_database.INFO: Dumping the structure for information_schema.TABLES table [""] []
[2026-01-07 15:38:47] xcloner_database.INFO: Dumping 134 records starting position 0 from information_schema.TABLES table [""] []
[2026-01-07 15:38:47] xcloner_api.INFO: Processing ajax request ID _i9gyqlsdb [] []
[2026-01-07 15:38:47] xcloner_database.INFO: Dumping the structure for information_schema.TABLESPACES table [""] []
[2026-01-07 15:38:47] xcloner_database.INFO: Dumping 0 records starting position 0 from information_schema.TABLESPACES table [""] []
[2026-01-07 15:38:48] xcloner_api.INFO: Processing ajax request ID _l0rt7at03 [] []
[2026-01-07 15:38:48] xcloner_database.INFO: Dumping the structure for information_schema.TABLE_CONSTRAINTS table [""] []
[2026-01-07 15:38:48] xcloner_database.INFO: Dumping 59 records starting position 0 from information_schema.TABLE_CONSTRAINTS table [""] []
[2026-01-07 15:38:48] xcloner_api.INFO: Processing ajax request ID _ux73ycsvt [] []
[2026-01-07 15:38:49] xcloner_database.INFO: Dumping the structure for information_schema.TABLE_PRIVILEGES table [""] []
[2026-01-07 15:38:49] xcloner_database.INFO: Dumping 0 records starting position 0 from information_schema.TABLE_PRIVILEGES table [""] []
[2026-01-07 15:38:49] xcloner_api.INFO: Processing ajax request ID _44lu35usr [] []
[2026-01-07 15:38:50] xcloner_database.INFO: Dumping the structure for information_schema.TRIGGERS table [""] []
[2026-01-07 15:38:50] xcloner_database.INFO: Dumping 0 records starting position 0 from information_schema.TRIGGERS table [""] []
[2026-01-07 15:38:50] xcloner_api.INFO: Processing ajax request ID _ys1es36j1 [] []
[2026-01-07 15:38:50] xcloner_database.INFO: Dumping the structure for information_schema.USER_PRIVILEGES table [""] []
[2026-01-07 15:38:50] xcloner_database.INFO: Dumping 1 records starting position 0 from information_schema.USER_PRIVILEGES table [""] []
[2026-01-07 15:38:51] xcloner_api.INFO: Processing ajax request ID _a7pq84zed [] []
[2026-01-07 15:38:51] xcloner_database.INFO: Dumping the structure for information_schema.VIEWS table [""] []
[2026-01-07 15:38:51] xcloner_database.INFO: Dumping 0 records starting position 0 from information_schema.VIEWS table [""] []
[2026-01-07 15:38:51] xcloner_api.INFO: Processing ajax request ID _rxyyr1y72 [] []
[2026-01-07 15:38:52] xcloner_database.INFO: Dumping the structure for information_schema.CLIENT_STATISTICS table [""] []
[2026-01-07 15:38:52] xcloner_database.INFO: Dumping 0 records starting position 0 from information_schema.CLIENT_STATISTICS table [""] []
[2026-01-07 15:38:52] xcloner_api.INFO: Processing ajax request ID _lxbp71xti [] []
[2026-01-07 15:38:52] xcloner_database.INFO: Dumping the structure for information_schema.INDEX_STATISTICS table [""] []
[2026-01-07 15:38:52] xcloner_database.INFO: Dumping 0 records starting position 0 from information_schema.INDEX_STATISTICS table [""] []
[2026-01-07 15:38:53] xcloner_api.INFO: Processing ajax request ID _46ujjsmjh [] []
[2026-01-07 15:38:53] xcloner_database.INFO: Dumping the structure for information_schema.INNODB_FT_CONFIG table [""] []
[2026-01-07 15:38:53] xcloner_database.INFO: Dumping 0 records starting position 0 from information_schema.INNODB_FT_CONFIG table [""] []
[2026-01-07 15:38:53] xcloner_api.INFO: Processing ajax request ID _tli4xy8zk [] []
[2026-01-07 15:38:54] xcloner_database.INFO: Dumping the structure for information_schema.GEOMETRY_COLUMNS table [""] []
[2026-01-07 15:38:54] xcloner_database.INFO: Dumping 0 records starting position 0 from information_schema.GEOMETRY_COLUMNS table [""] []
[2026-01-07 15:38:54] xcloner_api.INFO: Processing ajax request ID _iuiu2o6jp [] []
[2026-01-07 15:38:54] xcloner_database.INFO: Dumping the structure for information_schema.INNODB_SYS_TABLESTATS table [""] []
[2026-01-07 15:38:54] xcloner_database.INFO: Dumping 0 records starting position 0 from information_schema.INNODB_SYS_TABLESTATS table [""] []
[2026-01-07 15:38:55] xcloner_api.INFO: Processing ajax request ID _7bjrpnkok [] []
[2026-01-07 15:38:55] xcloner_database.INFO: Dumping the structure for information_schema.SPATIAL_REF_SYS table [""] []
[2026-01-07 15:38:55] xcloner_database.INFO: Dumping 2 records starting position 0 from information_schema.SPATIAL_REF_SYS table [""] []
[2026-01-07 15:38:55] xcloner_api.INFO: Processing ajax request ID _ltox3mnuw [] []
[2026-01-07 15:38:56] xcloner_database.INFO: Dumping the structure for information_schema.USER_STATISTICS table [""] []
[2026-01-07 15:38:56] xcloner_database.INFO: Dumping 0 records starting position 0 from information_schema.USER_STATISTICS table [""] []
[2026-01-07 15:38:56] xcloner_api.INFO: Processing ajax request ID _h0lr886zk [] []
[2026-01-07 15:38:56] xcloner_database.INFO: Dumping the structure for information_schema.INNODB_TRX table [""] []
[2026-01-07 15:38:56] xcloner_database.INFO: Dumping 0 records starting position 0 from information_schema.INNODB_TRX table [""] []
[2026-01-07 15:38:57] xcloner_api.INFO: Processing ajax request ID _i31rxmycr [] []
[2026-01-07 15:38:57] xcloner_database.INFO: Dumping the structure for information_schema.INNODB_CMP_PER_INDEX table [""] []
[2026-01-07 15:38:57] xcloner_database.INFO: Dumping 0 records starting position 0 from information_schema.INNODB_CMP_PER_INDEX table [""] []
[2026-01-07 15:38:57] xcloner_api.INFO: Processing ajax request ID _xhizrt3yp [] []
[2026-01-07 15:38:58] xcloner_database.INFO: Dumping the structure for information_schema.INNODB_METRICS table [""] []
[2026-01-07 15:38:58] xcloner_database.INFO: Dumping 0 records starting position 0 from information_schema.INNODB_METRICS table [""] []
[2026-01-07 15:38:58] xcloner_api.INFO: Processing ajax request ID _w4l74ktkl [] []
[2026-01-07 15:38:59] xcloner_database.INFO: Dumping the structure for information_schema.INNODB_FT_DELETED table [""] []
[2026-01-07 15:38:59] xcloner_database.INFO: Dumping 0 records starting position 0 from information_schema.INNODB_FT_DELETED table [""] []
[2026-01-07 15:38:59] xcloner_api.INFO: Processing ajax request ID _uznkjuuer [] []
[2026-01-07 15:38:59] xcloner_database.INFO: Dumping the structure for information_schema.INNODB_CMP table [""] []
[2026-01-07 15:38:59] xcloner_database.INFO: Dumping 0 records starting position 0 from information_schema.INNODB_CMP table [""] []
[2026-01-07 15:38:59] xcloner_api.INFO: Processing ajax request ID _bt6akogcl [] []
[2026-01-07 15:39:00] xcloner_database.INFO: Dumping the structure for information_schema.THREAD_POOL_WAITS table [""] []
[2026-01-07 15:39:00] xcloner_database.INFO: Dumping 0 records starting position 0 from information_schema.THREAD_POOL_WAITS table [""] []
[2026-01-07 15:39:00] xcloner_api.INFO: Processing ajax request ID _79ig095j8 [] []
[2026-01-07 15:39:01] xcloner_database.INFO: Dumping the structure for information_schema.INNODB_CMP_RESET table [""] []
[2026-01-07 15:39:01] xcloner_database.INFO: Dumping 0 records starting position 0 from information_schema.INNODB_CMP_RESET table [""] []
[2026-01-07 15:39:01] xcloner_api.INFO: Processing ajax request ID _d80gum4sw [] []
[2026-01-07 15:39:01] xcloner_database.INFO: Dumping the structure for information_schema.THREAD_POOL_QUEUES table [""] []
[2026-01-07 15:39:01] xcloner_database.INFO: Dumping 0 records starting position 0 from information_schema.THREAD_POOL_QUEUES table [""] []
[2026-01-07 15:39:02] xcloner_api.INFO: Processing ajax request ID _q229k56a0 [] []
[2026-01-07 15:39:02] xcloner_database.INFO: Dumping the structure for information_schema.TABLE_STATISTICS table [""] []
[2026-01-07 15:39:02] xcloner_database.INFO: Dumping 0 records starting position 0 from information_schema.TABLE_STATISTICS table [""] []
[2026-01-07 15:39:02] xcloner_api.INFO: Processing ajax request ID _axyz7ns49 [] []
[2026-01-07 15:39:03] xcloner_database.INFO: Dumping the structure for information_schema.INNODB_SYS_FIELDS table [""] []
[2026-01-07 15:39:03] xcloner_database.INFO: Dumping 0 records starting position 0 from information_schema.INNODB_SYS_FIELDS table [""] []
[2026-01-07 15:39:03] xcloner_api.INFO: Processing ajax request ID _femz1sq56 [] []
[2026-01-07 15:39:04] xcloner_database.INFO: Dumping the structure for information_schema.INNODB_BUFFER_PAGE_LRU table [""] []
[2026-01-07 15:39:04] xcloner_database.INFO: Dumping 0 records starting position 0 from information_schema.INNODB_BUFFER_PAGE_LRU table [""] []
[2026-01-07 15:39:04] xcloner_api.INFO: Processing ajax request ID _752idpcpz [] []
[2026-01-07 15:39:04] xcloner_database.INFO: Dumping the structure for information_schema.INNODB_LOCKS table [""] []
[2026-01-07 15:39:04] xcloner_database.INFO: Dumping 0 records starting position 0 from information_schema.INNODB_LOCKS table [""] []
[2026-01-07 15:39:04] xcloner_api.INFO: Processing ajax request ID _qzdk2baek [] []
[2026-01-07 15:39:05] xcloner_database.INFO: Dumping the structure for information_schema.INNODB_FT_INDEX_TABLE table [""] []
[2026-01-07 15:39:05] xcloner_database.INFO: Dumping 0 records starting position 0 from information_schema.INNODB_FT_INDEX_TABLE table [""] []
[2026-01-07 15:39:05] xcloner_api.INFO: Processing ajax request ID _8ruwft6pw [] []
[2026-01-07 15:39:06] xcloner_database.INFO: Dumping the structure for information_schema.INNODB_CMPMEM table [""] []
[2026-01-07 15:39:06] xcloner_database.INFO: Dumping 0 records starting position 0 from information_schema.INNODB_CMPMEM table [""] []
[2026-01-07 15:39:06] xcloner_api.INFO: Processing ajax request ID _x7o0mjomf [] []
[2026-01-07 15:39:07] xcloner_database.INFO: Dumping the structure for information_schema.THREAD_POOL_GROUPS table [""] []
[2026-01-07 15:39:07] xcloner_database.INFO: Dumping 0 records starting position 0 from information_schema.THREAD_POOL_GROUPS table [""] []
[2026-01-07 15:39:07] xcloner_api.INFO: Processing ajax request ID _ppizjqmlq [] []
[2026-01-07 15:39:07] xcloner_database.INFO: Dumping the structure for information_schema.INNODB_CMP_PER_INDEX_RESET table [""] []
[2026-01-07 15:39:07] xcloner_database.INFO: Dumping 0 records starting position 0 from information_schema.INNODB_CMP_PER_INDEX_RESET table [""] []
[2026-01-07 15:39:07] xcloner_api.INFO: Processing ajax request ID _85vpulmx9 [] []
[2026-01-07 15:39:08] xcloner_database.INFO: Dumping the structure for information_schema.INNODB_SYS_FOREIGN_COLS table [""] []
[2026-01-07 15:39:08] xcloner_database.INFO: Dumping 0 records starting position 0 from information_schema.INNODB_SYS_FOREIGN_COLS table [""] []
[2026-01-07 15:39:08] xcloner_api.INFO: Processing ajax request ID _hxw5pkzc8 [] []
[2026-01-07 15:39:09] xcloner_database.INFO: Dumping the structure for information_schema.INNODB_FT_INDEX_CACHE table [""] []
[2026-01-07 15:39:09] xcloner_database.INFO: Dumping 0 records starting position 0 from information_schema.INNODB_FT_INDEX_CACHE table [""] []
[2026-01-07 15:39:09] xcloner_api.INFO: Processing ajax request ID _azft8exgh [] []
[2026-01-07 15:39:09] xcloner_database.INFO: Dumping the structure for information_schema.INNODB_BUFFER_POOL_STATS table [""] []
[2026-01-07 15:39:09] xcloner_database.INFO: Dumping 0 records starting position 0 from information_schema.INNODB_BUFFER_POOL_STATS table [""] []
[2026-01-07 15:39:09] xcloner_api.INFO: Processing ajax request ID _s8i3n8wpt [] []
[2026-01-07 15:39:10] xcloner_database.INFO: Dumping the structure for information_schema.INNODB_FT_BEING_DELETED table [""] []
[2026-01-07 15:39:10] xcloner_database.INFO: Dumping 0 records starting position 0 from information_schema.INNODB_FT_BEING_DELETED table [""] []
[2026-01-07 15:39:10] xcloner_api.INFO: Processing ajax request ID _9912ydqxa [] []
[2026-01-07 15:39:11] xcloner_database.INFO: Dumping the structure for information_schema.INNODB_SYS_FOREIGN table [""] []
[2026-01-07 15:39:11] xcloner_database.INFO: Dumping 0 records starting position 0 from information_schema.INNODB_SYS_FOREIGN table [""] []
[2026-01-07 15:39:11] xcloner_api.INFO: Processing ajax request ID _na8kb6zph [] []
[2026-01-07 15:39:11] xcloner_database.INFO: Dumping the structure for information_schema.INNODB_CMPMEM_RESET table [""] []
[2026-01-07 15:39:11] xcloner_database.INFO: Dumping 0 records starting position 0 from information_schema.INNODB_CMPMEM_RESET table [""] []
[2026-01-07 15:39:12] xcloner_api.INFO: Processing ajax request ID _cbktqcbof [] []
[2026-01-07 15:39:12] xcloner_database.INFO: Dumping the structure for information_schema.INNODB_FT_DEFAULT_STOPWORD table [""] []
[2026-01-07 15:39:12] xcloner_database.INFO: Dumping 36 records starting position 0 from information_schema.INNODB_FT_DEFAULT_STOPWORD table [""] []
[2026-01-07 15:39:12] xcloner_api.INFO: Processing ajax request ID _24d4meb0m [] []
[2026-01-07 15:39:13] xcloner_database.INFO: Dumping the structure for information_schema.INNODB_SYS_TABLES table [""] []
[2026-01-07 15:39:13] xcloner_database.INFO: Dumping 0 records starting position 0 from information_schema.INNODB_SYS_TABLES table [""] []
[2026-01-07 15:39:13] xcloner_api.INFO: Processing ajax request ID _dx32p2kze [] []
[2026-01-07 15:39:14] xcloner_database.INFO: Dumping the structure for information_schema.INNODB_SYS_COLUMNS table [""] []
[2026-01-07 15:39:14] xcloner_database.INFO: Dumping 0 records starting position 0 from information_schema.INNODB_SYS_COLUMNS table [""] []
[2026-01-07 15:39:14] xcloner_api.INFO: Processing ajax request ID _8gm7j4acv [] []
[2026-01-07 15:39:14] xcloner_database.INFO: Dumping the structure for information_schema.INNODB_SYS_TABLESPACES table [""] []
[2026-01-07 15:39:14] xcloner_database.INFO: Dumping 0 records starting position 0 from information_schema.INNODB_SYS_TABLESPACES table [""] []
[2026-01-07 15:39:14] xcloner_api.INFO: Processing ajax request ID _9o9lw410k [] []
[2026-01-07 15:39:15] xcloner_database.INFO: Dumping the structure for information_schema.INNODB_SYS_INDEXES table [""] []
[2026-01-07 15:39:15] xcloner_database.INFO: Dumping 0 records starting position 0 from information_schema.INNODB_SYS_INDEXES table [""] []
[2026-01-07 15:39:15] xcloner_api.INFO: Processing ajax request ID _ztsf85wgt [] []
[2026-01-07 15:39:16] xcloner_database.INFO: Dumping the structure for information_schema.INNODB_BUFFER_PAGE table [""] []
[2026-01-07 15:39:16] xcloner_database.INFO: Dumping 0 records starting position 0 from information_schema.INNODB_BUFFER_PAGE table [""] []
[2026-01-07 15:39:16] xcloner_api.INFO: Processing ajax request ID _n603pjpfq [] []
[2026-01-07 15:39:16] xcloner_database.INFO: Dumping the structure for information_schema.INNODB_SYS_VIRTUAL table [""] []
[2026-01-07 15:39:16] xcloner_database.INFO: Dumping 0 records starting position 0 from information_schema.INNODB_SYS_VIRTUAL table [""] []
[2026-01-07 15:39:16] xcloner_api.INFO: Processing ajax request ID _aelhz33yq [] []
[2026-01-07 15:39:17] xcloner_database.INFO: Dumping the structure for information_schema.user_variables table [""] []
[2026-01-07 15:39:17] xcloner_database.INFO: Dumping 0 records starting position 0 from information_schema.user_variables table [""] []
[2026-01-07 15:39:17] xcloner_api.INFO: Processing ajax request ID _zfyquy81r [] []
[2026-01-07 15:39:18] xcloner_database.INFO: Dumping the structure for information_schema.INNODB_TABLESPACES_ENCRYPTION table [""] []
[2026-01-07 15:39:18] xcloner_database.INFO: Dumping 0 records starting position 0 from information_schema.INNODB_TABLESPACES_ENCRYPTION table [""] []
[2026-01-07 15:39:18] xcloner_api.INFO: Processing ajax request ID _2qhms4g0l [] []
[2026-01-07 15:39:18] xcloner_database.INFO: Dumping the structure for information_schema.INNODB_LOCK_WAITS table [""] []
[2026-01-07 15:39:18] xcloner_database.INFO: Dumping 0 records starting position 0 from information_schema.INNODB_LOCK_WAITS table [""] []
[2026-01-07 15:39:19] xcloner_api.INFO: Processing ajax request ID _cwzl87pxc [] []
[2026-01-07 15:39:19] xcloner_database.INFO: Dumping the structure for information_schema.THREAD_POOL_STATS table [""] []
[2026-01-07 15:39:19] xcloner_database.INFO: Dumping 0 records starting position 0 from information_schema.THREAD_POOL_STATS table [""] []
[2026-01-07 15:39:19] xcloner_api.INFO: Processing ajax request ID _ip4fvsm7q [] []
[2026-01-07 15:39:20] xcloner_api.INFO: Processing ajax request ID _vt747rkvx [] []
[2026-01-07 15:39:20] xcloner_archive.INFO: Initializing the backup archive backup_veroniquegru.ieslossauces.es-2026-01-07_15-39-nosql [] []
[2026-01-07 15:39:20] xcloner_archive.INFO: Adding 0 bytes of file xcloner-32870/index.html to archive backup_veroniquegru.ieslossauces.es-2026-01-07_15-39-nosql-32870.tar  [] []
[2026-01-07 15:39:20] xcloner_archive.INFO: Adding 399 bytes of file xcloner-32870/backup_files.csv to archive backup_veroniquegru.ieslossauces.es-2026-01-07_15-39-nosql-32870.tar  [] []
[2026-01-07 15:39:20] xcloner_archive.INFO: Adding 53858 bytes of file xcloner-32870/xcloner-32870.log to archive backup_veroniquegru.ieslossauces.es-2026-01-07_15-39-nosql-32870.tar  [] []
[2026-01-07 15:39:20] xcloner_archive.INFO: Adding 5591875 bytes of file xcloner-32870/database-backup.sql to archive backup_veroniquegru.ieslossauces.es-2026-01-07_15-39-nosql-32870.tar  [] []
[2026-01-07 15:39:21] xcloner_archive.INFO: Adding 1148560 bytes of file xcloner-32870/information_schema-backup.sql to archive backup_veroniquegru.ieslossauces.es-2026-01-07_15-39-nosql-32870.tar  [] []
[2026-01-07 15:39:21] xcloner_archive.INFO: Closing the backup archive backup_veroniquegru.ieslossauces.es-2026-01-07_15-39-nosql-32870.tar with 2*512 zero bytes blocks. [] []
[2026-01-07 15:39:21] xcloner_archive.INFO: Sending backup notification to veronique.gru@educa.jcyl.es [] []
