[2025-12-31 13:03:10] xcloner_restore.INFO: Processing ajax request ID _kwz1ouk0a [] []
[2025-12-31 13:03:10] xcloner_restore.DEBUG: Starting action list_backup_archives_action [] []
[2025-12-31 13:03:10] xcloner_restore.INFO: Processing ajax request ID _5h4dlvysb [] []
[2025-12-31 13:03:11] xcloner_restore.DEBUG: Starting action get_current_directory_action [] []
[2025-12-31 13:03:11] xcloner_restore.INFO: Determining current url as /var/www/vhosts/veroniquegru.ieslossauces.es/httpdocs/VGDWESProyectoWordpress and path as https://veroniquegru.ieslossauces.es/VGDWESProyectoWordpress [] []
[2025-12-31 13:04:56] xcloner_restore.INFO: Processing ajax request ID _gho64khcb [] []
[2025-12-31 13:04:57] xcloner_restore.DEBUG: Starting action list_backup_archives_action [] []
[2025-12-31 13:04:57] xcloner_restore.INFO: Processing ajax request ID _efx5wmmw1 [] []
[2025-12-31 13:04:57] xcloner_restore.DEBUG: Starting action get_current_directory_action [] []
[2025-12-31 13:04:57] xcloner_restore.INFO: Determining current url as /var/www/vhosts/veroniquegru.ieslossauces.es/httpdocs/VGDWESProyectoWordpress and path as https://veroniquegru.ieslossauces.es/VGDWESProyectoWordpress [] []
[2025-12-31 13:11:33] xcloner_restore.INFO: Processing ajax request ID _vrmxolemo [] []
[2025-12-31 13:11:34] xcloner_restore.DEBUG: Starting action list_backup_archives_action [] []
[2025-12-31 13:11:34] xcloner_restore.INFO: Processing ajax request ID _99ki1lxid [] []
[2025-12-31 13:11:34] xcloner_restore.DEBUG: Starting action get_current_directory_action [] []
[2025-12-31 13:11:34] xcloner_restore.INFO: Determining current url as /var/www/vhosts/veroniquegru.ieslossauces.es/httpdocs/VGDWESProyectoWordpress and path as https://veroniquegru.ieslossauces.es/VGDWESProyectoWordpress [] []
[2025-12-31 13:11:40] xcloner_restore.INFO: Processing ajax request ID _oihmt1zu5 [] []
[2025-12-31 13:11:40] xcloner_restore.INFO: Processing ajax request ID _iptnqw05l [] []
[2025-12-31 13:11:40] xcloner_restore.DEBUG: Starting action list_backup_archives_action [] []
[2025-12-31 13:11:40] xcloner_restore.DEBUG: Starting action list_backup_archives_action [] []
[2025-12-31 13:11:40] xcloner_restore.INFO: Processing ajax request ID _c781iubej [] []
[2025-12-31 13:11:40] xcloner_restore.INFO: Processing ajax request ID _x795e4db5 [] []
[2025-12-31 13:11:41] xcloner_restore.DEBUG: Starting action get_current_directory_action [] []
[2025-12-31 13:11:41] xcloner_restore.INFO: Determining current url as /var/www/vhosts/veroniquegru.ieslossauces.es/httpdocs/VGDWESProyectoWordpress and path as https://veroniquegru.ieslossauces.es/VGDWESProyectoWordpress [] []
[2025-12-31 13:11:41] xcloner_restore.DEBUG: Starting action get_current_directory_action [] []
[2025-12-31 13:11:41] xcloner_restore.INFO: Determining current url as /var/www/vhosts/veroniquegru.ieslossauces.es/httpdocs/VGDWESProyectoWordpress and path as https://veroniquegru.ieslossauces.es/VGDWESProyectoWordpress [] []
[2025-12-31 13:11:57] xcloner_restore.INFO: Processing ajax request ID _fkhgbkbhr [] []
[2025-12-31 13:11:57] xcloner_restore.INFO: Processing ajax request ID _mquyuc07a [] []
[2025-12-31 13:11:57] xcloner_restore.DEBUG: Starting action list_backup_archives_action [] []
[2025-12-31 13:11:57] xcloner_restore.DEBUG: Starting action list_backup_archives_action [] []
[2025-12-31 13:11:57] xcloner_restore.INFO: Processing ajax request ID _fvxukjz1x [] []
[2025-12-31 13:11:57] xcloner_restore.INFO: Processing ajax request ID _qommcormj [] []
[2025-12-31 13:11:58] xcloner_restore.DEBUG: Starting action get_current_directory_action [] []
[2025-12-31 13:11:58] xcloner_restore.INFO: Determining current url as /var/www/vhosts/veroniquegru.ieslossauces.es/httpdocs/VGDWESProyectoWordpress and path as https://veroniquegru.ieslossauces.es/VGDWESProyectoWordpress [] []
[2025-12-31 13:11:58] xcloner_restore.DEBUG: Starting action get_current_directory_action [] []
[2025-12-31 13:11:58] xcloner_restore.INFO: Determining current url as /var/www/vhosts/veroniquegru.ieslossauces.es/httpdocs/VGDWESProyectoWordpress and path as https://veroniquegru.ieslossauces.es/VGDWESProyectoWordpress [] []
[2025-12-31 13:30:56] xcloner_restore.INFO: Processing ajax request ID _hvqipha1p [] []
[2025-12-31 13:30:56] xcloner_restore.DEBUG: Starting action list_backup_archives_action [] []
[2025-12-31 13:30:56] xcloner_restore.INFO: Processing ajax request ID _w7ae0xr66 [] []
[2025-12-31 13:30:57] xcloner_restore.DEBUG: Starting action get_current_directory_action [] []
[2025-12-31 13:30:57] xcloner_restore.INFO: Determining current url as /var/www/vhosts/veroniquegru.ieslossauces.es/httpdocs/VGDWESProyectoWordpress and path as https://veroniquegru.ieslossauces.es/VGDWESProyectoWordpress [] []
[2025-12-31 15:50:41] xcloner_restore.INFO: Processing ajax request ID _j5cxhvrcu [] []
[2025-12-31 15:50:42] xcloner_restore.INFO: Processing ajax request ID _0x58vex7h [] []
[2025-12-31 15:50:42] xcloner_restore.INFO: Processing ajax request ID _a677n2k5i [] []
[2025-12-31 15:50:43] xcloner_restore.INFO: Processing ajax request ID _b8o5bic5q [] []
[2025-12-31 15:50:44] xcloner_restore.INFO: Processing ajax request ID _i1lcu28pe [] []
[2025-12-31 15:50:44] xcloner_restore.INFO: Processing ajax request ID _pecbtmebe [] []
[2025-12-31 15:50:45] xcloner_restore.INFO: Processing ajax request ID _g6p3r2778 [] []
[2025-12-31 15:50:46] xcloner_restore.INFO: Processing ajax request ID _8llyrfagp [] []
[2025-12-31 15:50:46] xcloner_restore.INFO: Processing ajax request ID _ckarctwhq [] []
[2025-12-31 15:50:47] xcloner_restore.INFO: Processing ajax request ID _sxt96gw7k [] []
[2025-12-31 15:50:48] xcloner_restore.INFO: Processing ajax request ID _cmkn0u06d [] []
[2025-12-31 15:50:48] xcloner_restore.INFO: Processing ajax request ID _0n4fwvbpg [] []
[2025-12-31 15:50:49] xcloner_restore.INFO: Processing ajax request ID _uhi2cqohw [] []
[2025-12-31 15:50:50] xcloner_restore.INFO: Processing ajax request ID _bxgu2kz3b [] []
[2025-12-31 15:50:50] xcloner_restore.INFO: Processing ajax request ID _ytn6dsxfw [] []
[2025-12-31 15:50:51] xcloner_restore.INFO: Processing ajax request ID _bz6j291fm [] []
[2025-12-31 15:50:52] xcloner_restore.INFO: Processing ajax request ID _jplbgtuk3 [] []
[2025-12-31 15:50:52] xcloner_restore.INFO: Processing ajax request ID _puhx7zbl3 [] []
[2025-12-31 15:50:53] xcloner_restore.INFO: Processing ajax request ID _jtufl9uc8 [] []
[2025-12-31 15:50:54] xcloner_restore.INFO: Processing ajax request ID _ildnee1gy [] []
[2025-12-31 15:50:55] xcloner_restore.INFO: Processing ajax request ID _qfq93xpa9 [] []
[2025-12-31 15:50:55] xcloner_restore.INFO: Processing ajax request ID _fnl4h1zru [] []
[2025-12-31 15:50:56] xcloner_restore.INFO: Processing ajax request ID _335lfhefo [] []
[2025-12-31 15:50:57] xcloner_restore.INFO: Processing ajax request ID _02q7vt0c4 [] []
[2025-12-31 15:50:57] xcloner_restore.INFO: Processing ajax request ID _tp7m1uz4y [] []
[2025-12-31 15:50:58] xcloner_restore.INFO: Processing ajax request ID _n7l3aivol [] []
[2025-12-31 15:50:59] xcloner_restore.INFO: Processing ajax request ID _lw3skxsem [] []
[2025-12-31 15:51:00] xcloner_restore.INFO: Processing ajax request ID _qu9ab1yjg [] []
[2025-12-31 15:51:01] xcloner_restore.INFO: Processing ajax request ID _syvidu5bn [] []
[2025-12-31 15:51:01] xcloner_restore.INFO: Processing ajax request ID _26sdgseg6 [] []
[2025-12-31 15:51:02] xcloner_restore.INFO: Processing ajax request ID _vgiingzfd [] []
[2025-12-31 15:51:03] xcloner_restore.INFO: Processing ajax request ID _lewewizhb [] []
[2025-12-31 15:51:04] xcloner_restore.INFO: Processing ajax request ID _bhiinvisb [] []
[2025-12-31 15:51:04] xcloner_restore.INFO: Processing ajax request ID _29ay0iyx8 [] []
[2025-12-31 15:51:05] xcloner_restore.INFO: Processing ajax request ID _7p5yu11b2 [] []
[2025-12-31 15:51:06] xcloner_restore.INFO: Processing ajax request ID _1u1wzhx8e [] []
[2025-12-31 15:51:07] xcloner_restore.INFO: Processing ajax request ID _sh6jxc9u9 [] []
[2025-12-31 15:51:07] xcloner_restore.INFO: Processing ajax request ID _g0httl9xs [] []
[2025-12-31 15:51:08] xcloner_restore.INFO: Processing ajax request ID _r5w0wk8vk [] []
[2025-12-31 15:51:09] xcloner_restore.INFO: Processing ajax request ID _maynqzl1f [] []
[2025-12-31 15:51:09] xcloner_restore.INFO: Processing ajax request ID _8oatrwzrn [] []
[2025-12-31 15:51:10] xcloner_restore.INFO: Processing ajax request ID _cbd1v7fdc [] []
[2025-12-31 15:51:11] xcloner_restore.INFO: Processing ajax request ID _git5oawd0 [] []
[2025-12-31 15:51:11] xcloner_restore.INFO: Processing ajax request ID _5qta42de4 [] []
[2025-12-31 15:51:12] xcloner_restore.INFO: Processing ajax request ID _r7rbnvz1n [] []
[2025-12-31 15:51:13] xcloner_restore.INFO: Processing ajax request ID _lgn3a3xgx [] []
[2025-12-31 15:51:13] xcloner_restore.INFO: Processing ajax request ID _tusfym9zh [] []
[2025-12-31 15:51:14] xcloner_restore.INFO: Processing ajax request ID _n56uogk88 [] []
[2025-12-31 15:51:14] xcloner_restore.INFO: Processing ajax request ID _73ammh8dx [] []
[2025-12-31 15:51:15] xcloner_restore.INFO: Processing ajax request ID _wv13kh5zu [] []
[2025-12-31 15:51:16] xcloner_restore.INFO: Processing ajax request ID _kh1eepqot [] []
[2025-12-31 15:51:17] xcloner_restore.INFO: Processing ajax request ID _v5sch7f2a [] []
[2025-12-31 15:51:17] xcloner_restore.INFO: Processing ajax request ID _9ornt7t6m [] []
[2025-12-31 15:51:18] xcloner_restore.INFO: Processing ajax request ID _i6epsbpw2 [] []
[2025-12-31 15:51:19] xcloner_restore.INFO: Processing ajax request ID _swgagr3nl [] []
[2025-12-31 15:51:19] xcloner_restore.INFO: Processing ajax request ID _iw66zgoln [] []
[2025-12-31 15:51:20] xcloner_restore.INFO: Processing ajax request ID _fivmyi8vx [] []
[2025-12-31 15:51:21] xcloner_restore.INFO: Processing ajax request ID _yn4rsjhwi [] []
[2025-12-31 15:51:21] xcloner_restore.INFO: Processing ajax request ID _uiazvhvop [] []
[2025-12-31 15:51:22] xcloner_restore.INFO: Processing ajax request ID _idr5n0wm7 [] []
[2025-12-31 15:51:23] xcloner_restore.INFO: Processing ajax request ID _00ucwiorr [] []
[2025-12-31 15:51:23] xcloner_restore.INFO: Processing ajax request ID _nk5jsssma [] []
[2025-12-31 15:51:24] xcloner_restore.INFO: Processing ajax request ID _pwe0boc8c [] []
[2025-12-31 15:51:25] xcloner_restore.INFO: Processing ajax request ID _fih6mq1tu [] []
[2025-12-31 15:51:25] xcloner_restore.INFO: Processing ajax request ID _ch0j1rmki [] []
[2025-12-31 15:51:26] xcloner_restore.INFO: Processing ajax request ID _1yaislfuy [] []
[2025-12-31 15:51:27] xcloner_restore.INFO: Processing ajax request ID _3qiy3pswy [] []
[2025-12-31 15:51:27] xcloner_restore.INFO: Processing ajax request ID _wxzf6mqr4 [] []
[2025-12-31 15:51:28] xcloner_restore.INFO: Processing ajax request ID _e4iwubb6i [] []
[2025-12-31 15:51:29] xcloner_restore.INFO: Processing ajax request ID _hg6isax9s [] []
[2025-12-31 15:51:30] xcloner_restore.INFO: Processing ajax request ID _21vrd9jq4 [] []
[2025-12-31 15:51:31] xcloner_restore.INFO: Processing ajax request ID _ich1f5g5o [] []
[2025-12-31 15:51:31] xcloner_restore.INFO: Processing ajax request ID _9oo30kfre [] []
[2025-12-31 15:51:32] xcloner_restore.INFO: Processing ajax request ID _1wcl9mnnn [] []
[2025-12-31 15:51:33] xcloner_restore.INFO: Processing ajax request ID _08pfs7n41 [] []
[2025-12-31 15:51:33] xcloner_restore.INFO: Processing ajax request ID _usjkyhhse [] []
[2025-12-31 15:51:34] xcloner_restore.INFO: Processing ajax request ID _9pzmwwfr6 [] []
[2025-12-31 15:51:35] xcloner_restore.INFO: Processing ajax request ID _003ego2p7 [] []
[2025-12-31 15:51:36] xcloner_restore.INFO: Processing ajax request ID _lmgb24yrj [] []
[2025-12-31 15:51:37] xcloner_restore.INFO: Processing ajax request ID _qphc94bab [] []
[2025-12-31 15:51:37] xcloner_restore.INFO: Processing ajax request ID _rcziyop78 [] []
[2025-12-31 15:51:38] xcloner_restore.INFO: Processing ajax request ID _h1wsdivyv [] []
[2025-12-31 15:51:39] xcloner_restore.INFO: Processing ajax request ID _wmexy4gyu [] []
[2025-12-31 15:51:39] xcloner_restore.INFO: Processing ajax request ID _8qzg5b48y [] []
[2025-12-31 15:51:40] xcloner_restore.INFO: Processing ajax request ID _fl9pkes0e [] []
[2025-12-31 15:51:41] xcloner_restore.INFO: Processing ajax request ID _91ehv2uwv [] []
[2025-12-31 15:51:41] xcloner_restore.INFO: Processing ajax request ID _o5d02nsfw [] []
[2025-12-31 15:51:42] xcloner_restore.INFO: Processing ajax request ID _paprvz4o8 [] []
[2025-12-31 15:51:43] xcloner_restore.INFO: Processing ajax request ID _ivm34tu7d [] []
[2025-12-31 15:51:43] xcloner_restore.INFO: Processing ajax request ID _wqfgx0c6e [] []
[2025-12-31 15:51:44] xcloner_restore.INFO: Processing ajax request ID _th7d54k5w [] []
[2025-12-31 15:51:45] xcloner_restore.INFO: Processing ajax request ID _ku3krz1x4 [] []
[2025-12-31 15:51:46] xcloner_restore.INFO: Processing ajax request ID _ng8yfufiy [] []
[2025-12-31 15:51:46] xcloner_restore.INFO: Processing ajax request ID _rkak20qs1 [] []
[2025-12-31 15:51:47] xcloner_restore.INFO: Processing ajax request ID _vnkzgozlv [] []
[2025-12-31 15:51:48] xcloner_restore.INFO: Processing ajax request ID _xtw3skv6u [] []
[2025-12-31 15:51:49] xcloner_restore.INFO: Processing ajax request ID _tr32scvfe [] []
[2025-12-31 15:51:49] xcloner_restore.INFO: Processing ajax request ID _7pyyc2bsa [] []
[2025-12-31 15:51:50] xcloner_restore.INFO: Processing ajax request ID _8ahma9i9f [] []
[2025-12-31 15:51:51] xcloner_restore.INFO: Processing ajax request ID _dutg0tfkh [] []
[2025-12-31 15:51:51] xcloner_restore.INFO: Processing ajax request ID _azbi9mna9 [] []
[2025-12-31 15:51:52] xcloner_restore.INFO: Processing ajax request ID _0gg19xnc7 [] []
[2025-12-31 15:51:53] xcloner_restore.INFO: Processing ajax request ID _r6rispqdj [] []
[2025-12-31 15:51:53] xcloner_restore.INFO: Processing ajax request ID _39eye9egx [] []
[2025-12-31 15:51:54] xcloner_restore.INFO: Processing ajax request ID _n9qbmiivf [] []
[2025-12-31 15:51:55] xcloner_restore.INFO: Processing ajax request ID _7hay5lbce [] []
[2025-12-31 15:51:55] xcloner_restore.INFO: Processing ajax request ID _0n7h8mok4 [] []
[2025-12-31 15:51:56] xcloner_restore.INFO: Processing ajax request ID _8pb96r3dw [] []
[2025-12-31 15:51:57] xcloner_restore.INFO: Processing ajax request ID _bbbanwr9k [] []
[2025-12-31 15:51:57] xcloner_restore.INFO: Processing ajax request ID _264vafmyu [] []
[2025-12-31 15:51:58] xcloner_restore.INFO: Processing ajax request ID _ckrv8k7a7 [] []
[2025-12-31 15:51:59] xcloner_restore.INFO: Processing ajax request ID _m8x3a6frc [] []
[2025-12-31 15:51:59] xcloner_restore.INFO: Processing ajax request ID _6h8mbc74a [] []
[2025-12-31 15:52:00] xcloner_restore.INFO: Processing ajax request ID _rtz0axhv8 [] []
[2025-12-31 15:52:01] xcloner_restore.INFO: Processing ajax request ID _xsh0z391a [] []
[2025-12-31 15:52:01] xcloner_restore.INFO: Processing ajax request ID _u4av4rqe1 [] []
[2025-12-31 15:52:02] xcloner_restore.INFO: Processing ajax request ID _xkqcsm1kk [] []
[2025-12-31 15:52:03] xcloner_restore.INFO: Processing ajax request ID _n2lb80f3v [] []
[2025-12-31 15:52:04] xcloner_restore.INFO: Processing ajax request ID _8vhdae29y [] []
[2025-12-31 15:52:04] xcloner_restore.INFO: Processing ajax request ID _bu9og8r5e [] []
[2025-12-31 15:52:05] xcloner_restore.INFO: Processing ajax request ID _pcd3swasl [] []
[2025-12-31 15:52:06] xcloner_restore.INFO: Processing ajax request ID _wmtfgxo11 [] []
[2025-12-31 15:52:07] xcloner_restore.INFO: Processing ajax request ID _teqi3f14i [] []
[2025-12-31 15:52:07] xcloner_restore.INFO: Processing ajax request ID _c9ng9dijs [] []
[2025-12-31 15:52:08] xcloner_restore.INFO: Processing ajax request ID _quomh27ui [] []
[2025-12-31 15:52:09] xcloner_restore.INFO: Processing ajax request ID _hez7zi5zt [] []
[2025-12-31 15:52:09] xcloner_restore.INFO: Processing ajax request ID _piigi4zvy [] []
[2025-12-31 15:52:10] xcloner_restore.INFO: Processing ajax request ID _rl0j4jggv [] []
[2025-12-31 15:52:11] xcloner_restore.INFO: Processing ajax request ID _9t1chi3et [] []
[2025-12-31 15:52:11] xcloner_restore.INFO: Processing ajax request ID _dhhfmbhla [] []
[2025-12-31 15:52:12] xcloner_restore.INFO: Processing ajax request ID _lpq363ex6 [] []
[2025-12-31 15:52:13] xcloner_restore.INFO: Processing ajax request ID _yxo47xcx5 [] []
[2025-12-31 15:52:13] xcloner_restore.INFO: Processing ajax request ID _t7thly4en [] []
[2025-12-31 15:52:14] xcloner_restore.INFO: Processing ajax request ID _jha0lo8g6 [] []
[2025-12-31 15:52:15] xcloner_restore.INFO: Processing ajax request ID _1pl47f3n8 [] []
[2025-12-31 15:52:15] xcloner_restore.INFO: Processing ajax request ID _psglea1m7 [] []
[2025-12-31 15:52:16] xcloner_restore.INFO: Processing ajax request ID _b14uhsyyy [] []
[2025-12-31 15:52:17] xcloner_restore.INFO: Processing ajax request ID _9jgrll14m [] []
[2025-12-31 15:52:18] xcloner_restore.INFO: Processing ajax request ID _syv44ugxl [] []
[2025-12-31 15:52:18] xcloner_restore.INFO: Processing ajax request ID _d0pvwkbfh [] []
[2025-12-31 15:52:19] xcloner_restore.INFO: Processing ajax request ID _xxial6ejc [] []
[2025-12-31 15:52:19] xcloner_restore.INFO: Processing ajax request ID _3in726y6o [] []
[2025-12-31 15:52:20] xcloner_restore.INFO: Processing ajax request ID _gfm2p7d2c [] []
[2025-12-31 15:52:21] xcloner_restore.INFO: Processing ajax request ID _0vbs9y8fs [] []
[2026-01-01 08:52:22] xcloner_restore.INFO: Processing ajax request ID _4fex5scs2 [] []
[2026-01-01 08:52:23] xcloner_restore.DEBUG: Starting action list_backup_archives_action [] []
[2026-01-01 08:52:23] xcloner_restore.INFO: Processing ajax request ID _94j4wdwox [] []
[2026-01-01 08:52:23] xcloner_restore.DEBUG: Starting action get_current_directory_action [] []
[2026-01-01 08:52:23] xcloner_restore.INFO: Determining current url as /var/www/vhosts/veroniquegru.ieslossauces.es/httpdocs/VGDWESProyectoWordpress and path as https://veroniquegru.ieslossauces.es/VGDWESProyectoWordpress [] []
[2026-01-01 11:54:27] xcloner_restore.INFO: Processing ajax request ID _cfoj99q44 [] []
[2026-01-01 11:54:27] xcloner_restore.DEBUG: Starting action list_backup_archives_action [] []
[2026-01-01 11:54:28] xcloner_restore.INFO: Processing ajax request ID _dkamdlrrw [] []
[2026-01-01 11:54:28] xcloner_restore.DEBUG: Starting action get_current_directory_action [] []
[2026-01-01 11:54:28] xcloner_restore.INFO: Determining current url as /var/www/vhosts/veroniquegru.ieslossauces.es/httpdocs/VGDWESProyectoWordpress and path as https://veroniquegru.ieslossauces.es/VGDWESProyectoWordpress [] []
[2026-01-01 20:51:46] xcloner_restore.INFO: Processing ajax request ID _6tgk0ynrr [] []
[2026-01-01 20:51:47] xcloner_restore.INFO: Processing ajax request ID _z6fo2bcnm [] []
[2026-01-01 20:51:48] xcloner_restore.INFO: Processing ajax request ID _570k5hhbc [] []
[2026-01-01 20:51:49] xcloner_restore.INFO: Processing ajax request ID _yu0o2eq3b [] []
[2026-01-01 20:51:49] xcloner_restore.INFO: Processing ajax request ID _mgdvi00l1 [] []
[2026-01-01 20:51:50] xcloner_restore.INFO: Processing ajax request ID _3duxyhxpr [] []
[2026-01-01 20:51:51] xcloner_restore.INFO: Processing ajax request ID _dhg66o7o5 [] []
[2026-01-01 20:51:51] xcloner_restore.INFO: Processing ajax request ID _99ca24ffu [] []
[2026-01-01 20:51:52] xcloner_restore.INFO: Processing ajax request ID _0ohelxl1k [] []
[2026-01-01 20:51:53] xcloner_restore.INFO: Processing ajax request ID _x0ymvkmjt [] []
[2026-01-01 20:51:54] xcloner_restore.INFO: Processing ajax request ID _idyba3syd [] []
[2026-01-01 20:51:54] xcloner_restore.INFO: Processing ajax request ID _80ghb5y13 [] []
[2026-01-01 20:51:55] xcloner_restore.INFO: Processing ajax request ID _zfxzqlg65 [] []
[2026-01-01 20:51:56] xcloner_restore.INFO: Processing ajax request ID _snxo7yh3g [] []
[2026-01-01 20:51:57] xcloner_restore.INFO: Processing ajax request ID _bsq2icizf [] []
[2026-01-01 20:51:57] xcloner_restore.INFO: Processing ajax request ID _wece6doli [] []
[2026-01-01 20:51:58] xcloner_restore.INFO: Processing ajax request ID _k3h668ko8 [] []
[2026-01-01 20:51:59] xcloner_restore.INFO: Processing ajax request ID _qz848hzl7 [] []
[2026-01-01 20:52:00] xcloner_restore.INFO: Processing ajax request ID _u8suwu0m1 [] []
[2026-01-01 20:52:01] xcloner_restore.INFO: Processing ajax request ID _bi9f6ktsb [] []
[2026-01-01 20:52:01] xcloner_restore.INFO: Processing ajax request ID _71jaqpt2v [] []
[2026-01-01 20:52:02] xcloner_restore.INFO: Processing ajax request ID _l98w6adkv [] []
[2026-01-01 20:52:03] xcloner_restore.INFO: Processing ajax request ID _evxa4we08 [] []
[2026-01-01 20:52:04] xcloner_restore.INFO: Processing ajax request ID _46sc6qwyq [] []
[2026-01-01 20:52:05] xcloner_restore.INFO: Processing ajax request ID _ei9ufqdg9 [] []
[2026-01-01 20:52:05] xcloner_restore.INFO: Processing ajax request ID _3xto6srna [] []
[2026-01-01 20:52:06] xcloner_restore.INFO: Processing ajax request ID _vejsooa04 [] []
[2026-01-01 20:52:07] xcloner_restore.INFO: Processing ajax request ID _4ax989s0p [] []
[2026-01-01 20:52:07] xcloner_restore.INFO: Processing ajax request ID _m9vwex5b3 [] []
[2026-01-01 20:52:08] xcloner_restore.INFO: Processing ajax request ID _30tiky6g7 [] []
[2026-01-01 20:52:09] xcloner_restore.INFO: Processing ajax request ID _s95nns33j [] []
[2026-01-01 20:52:10] xcloner_restore.INFO: Processing ajax request ID _i43bgd4vv [] []
[2026-01-01 20:52:10] xcloner_restore.INFO: Processing ajax request ID _wfn2b5kj7 [] []
[2026-01-01 20:52:11] xcloner_restore.INFO: Processing ajax request ID _0mo1esagk [] []
[2026-01-01 20:52:12] xcloner_restore.INFO: Processing ajax request ID _zn088c4fv [] []
[2026-01-01 20:52:13] xcloner_restore.INFO: Processing ajax request ID _dr8dexo4d [] []
[2026-01-01 20:52:13] xcloner_restore.INFO: Processing ajax request ID _0pv94rduu [] []
[2026-01-01 20:52:14] xcloner_restore.INFO: Processing ajax request ID _um3vqai9n [] []
[2026-01-01 20:52:15] xcloner_restore.INFO: Processing ajax request ID _0lguqzs7f [] []
[2026-01-01 20:52:15] xcloner_restore.INFO: Processing ajax request ID _p4z1ifvkm [] []
[2026-01-01 20:52:16] xcloner_restore.INFO: Processing ajax request ID _7crawnh5k [] []
[2026-01-01 20:52:17] xcloner_restore.INFO: Processing ajax request ID _hvnxnp3h6 [] []
[2026-01-01 20:52:19] xcloner_restore.INFO: Processing ajax request ID _0b5acmwwl [] []
[2026-01-01 20:52:20] xcloner_restore.INFO: Processing ajax request ID _b55dt6w21 [] []
[2026-01-01 20:52:21] xcloner_restore.INFO: Processing ajax request ID _p68zw12h5 [] []
[2026-01-01 20:52:21] xcloner_restore.INFO: Processing ajax request ID _6jgbxmdbn [] []
[2026-01-01 20:52:22] xcloner_restore.INFO: Processing ajax request ID _1zh6lg350 [] []
[2026-01-01 20:52:23] xcloner_restore.INFO: Processing ajax request ID _6vrpl212y [] []
[2026-01-01 20:52:23] xcloner_restore.INFO: Processing ajax request ID _07d4m4u39 [] []
[2026-01-01 20:52:24] xcloner_restore.INFO: Processing ajax request ID _1to11aphw [] []
[2026-01-01 20:52:25] xcloner_restore.INFO: Processing ajax request ID _nx9mgx0k8 [] []
[2026-01-01 20:52:26] xcloner_restore.INFO: Processing ajax request ID _y6191j0p6 [] []
[2026-01-01 20:52:26] xcloner_restore.INFO: Processing ajax request ID _pmlhz180k [] []
[2026-01-01 20:52:27] xcloner_restore.INFO: Processing ajax request ID _0z2rxanbr [] []
[2026-01-01 20:52:28] xcloner_restore.INFO: Processing ajax request ID _o5ub3dfg6 [] []
[2026-01-01 20:52:28] xcloner_restore.INFO: Processing ajax request ID _d7lue9b88 [] []
[2026-01-01 20:52:29] xcloner_restore.INFO: Processing ajax request ID _1q5lum6lg [] []
[2026-01-01 20:52:30] xcloner_restore.INFO: Processing ajax request ID _kut213vdu [] []
[2026-01-01 20:52:30] xcloner_restore.INFO: Processing ajax request ID _iqvxivj7j [] []
[2026-01-01 20:52:31] xcloner_restore.INFO: Processing ajax request ID _zko46dznn [] []
[2026-01-01 20:52:32] xcloner_restore.INFO: Processing ajax request ID _k8o0pezm8 [] []
[2026-01-01 20:52:33] xcloner_restore.INFO: Processing ajax request ID _z4wbn8o34 [] []
[2026-01-01 20:52:34] xcloner_restore.INFO: Processing ajax request ID _oxcf8avo2 [] []
[2026-01-01 20:52:35] xcloner_restore.INFO: Processing ajax request ID _q5a6hkzep [] []
[2026-01-01 20:52:36] xcloner_restore.INFO: Processing ajax request ID _29gj39akn [] []
[2026-01-01 20:52:36] xcloner_restore.INFO: Processing ajax request ID _b55xz38ko [] []
[2026-01-01 20:52:37] xcloner_restore.INFO: Processing ajax request ID _abb2ro0ih [] []
[2026-01-01 20:52:38] xcloner_restore.INFO: Processing ajax request ID _8qe3ss99f [] []
[2026-01-01 20:52:39] xcloner_restore.INFO: Processing ajax request ID _jsr893ji7 [] []
[2026-01-01 20:52:39] xcloner_restore.INFO: Processing ajax request ID _xkhlovkvg [] []
[2026-01-01 20:52:40] xcloner_restore.INFO: Processing ajax request ID _qehhyvxtm [] []
[2026-01-01 20:52:41] xcloner_restore.INFO: Processing ajax request ID _vwl6gu08e [] []
[2026-01-01 20:52:42] xcloner_restore.INFO: Processing ajax request ID _22klo80yp [] []
[2026-01-01 20:52:43] xcloner_restore.INFO: Processing ajax request ID _yve0gjrb7 [] []
[2026-01-01 20:52:43] xcloner_restore.INFO: Processing ajax request ID _f1b960yx5 [] []
[2026-01-01 20:52:44] xcloner_restore.INFO: Processing ajax request ID _pd7chle11 [] []
[2026-01-01 20:52:45] xcloner_restore.INFO: Processing ajax request ID _9ezg0x8hb [] []
[2026-01-01 20:52:46] xcloner_restore.INFO: Processing ajax request ID _dv1kky6b3 [] []
[2026-01-01 20:52:46] xcloner_restore.INFO: Processing ajax request ID _7y8tfjmwl [] []
[2026-01-01 20:52:47] xcloner_restore.INFO: Processing ajax request ID _bvk0s5spo [] []
[2026-01-01 20:52:48] xcloner_restore.INFO: Processing ajax request ID _ax38ezy13 [] []
[2026-01-01 20:52:48] xcloner_restore.INFO: Processing ajax request ID _cybgvvsxe [] []
[2026-01-01 20:52:49] xcloner_restore.INFO: Processing ajax request ID _dgxtieau2 [] []
[2026-01-01 20:52:50] xcloner_restore.INFO: Processing ajax request ID _8z9f61dap [] []
[2026-01-01 20:52:51] xcloner_restore.INFO: Processing ajax request ID _d6a5bi49r [] []
[2026-01-01 20:52:52] xcloner_restore.INFO: Processing ajax request ID _noqhmjabd [] []
[2026-01-01 20:52:52] xcloner_restore.INFO: Processing ajax request ID _rtkb1vmva [] []
[2026-01-01 20:52:53] xcloner_restore.INFO: Processing ajax request ID _5tjg57g1h [] []
[2026-01-01 20:52:54] xcloner_restore.INFO: Processing ajax request ID _mv1rc232g [] []
[2026-01-01 20:52:55] xcloner_restore.INFO: Processing ajax request ID _s6gnx6y6d [] []
[2026-01-01 20:52:56] xcloner_restore.INFO: Processing ajax request ID _hlcqer3ac [] []
[2026-01-01 20:52:56] xcloner_restore.INFO: Processing ajax request ID _8sh4ie3rq [] []
[2026-01-01 20:52:57] xcloner_restore.INFO: Processing ajax request ID _97s5dk6bj [] []
[2026-01-01 20:52:58] xcloner_restore.INFO: Processing ajax request ID _cgya9zim7 [] []
[2026-01-01 20:52:59] xcloner_restore.INFO: Processing ajax request ID _yxj9jtutq [] []
[2026-01-01 20:52:59] xcloner_restore.INFO: Processing ajax request ID _svw9bxco3 [] []
[2026-01-01 20:53:00] xcloner_restore.INFO: Processing ajax request ID _j423ozs1u [] []
[2026-01-01 20:53:00] xcloner_restore.INFO: Processing ajax request ID _knt5f0agg [] []
[2026-01-01 20:53:01] xcloner_restore.INFO: Processing ajax request ID _rruj2ho2b [] []
[2026-01-01 20:53:02] xcloner_restore.INFO: Processing ajax request ID _do2zxn81i [] []
[2026-01-01 20:53:03] xcloner_restore.INFO: Processing ajax request ID _2dfn8126b [] []
[2026-01-01 20:53:03] xcloner_restore.INFO: Processing ajax request ID _r7b2mb44x [] []
[2026-01-01 20:53:04] xcloner_restore.INFO: Processing ajax request ID _rjkzn0ogg [] []
[2026-01-01 20:53:05] xcloner_restore.INFO: Processing ajax request ID _0xldwphyd [] []
[2026-01-01 20:53:06] xcloner_restore.INFO: Processing ajax request ID _3gt40cjbj [] []
[2026-01-01 20:53:07] xcloner_restore.INFO: Processing ajax request ID _u8x4gnhji [] []
[2026-01-01 20:53:07] xcloner_restore.INFO: Processing ajax request ID _670sdif77 [] []
[2026-01-01 20:53:08] xcloner_restore.INFO: Processing ajax request ID _x7leupija [] []
[2026-01-01 20:53:09] xcloner_restore.INFO: Processing ajax request ID _eu3bmoq9h [] []
[2026-01-01 20:53:09] xcloner_restore.INFO: Processing ajax request ID _i9l50mr5o [] []
[2026-01-01 20:53:10] xcloner_restore.INFO: Processing ajax request ID _ywmmgnd4p [] []
[2026-01-01 20:53:11] xcloner_restore.INFO: Processing ajax request ID _gk0gth52m [] []
[2026-01-01 20:53:12] xcloner_restore.INFO: Processing ajax request ID _qu9uo416a [] []
[2026-01-01 20:53:12] xcloner_restore.INFO: Processing ajax request ID _j3zi3wx00 [] []
[2026-01-01 20:53:13] xcloner_restore.INFO: Processing ajax request ID _vv2mhaxf6 [] []
[2026-01-01 20:53:14] xcloner_restore.INFO: Processing ajax request ID _0gm45yhhy [] []
[2026-01-01 20:53:14] xcloner_restore.INFO: Processing ajax request ID _nhlmhs2b4 [] []
[2026-01-01 20:53:15] xcloner_restore.INFO: Processing ajax request ID _pkxy6kdto [] []
[2026-01-01 20:53:16] xcloner_restore.INFO: Processing ajax request ID _iyluwh3e7 [] []
[2026-01-01 20:53:16] xcloner_restore.INFO: Processing ajax request ID _kf0iin52j [] []
[2026-01-01 20:53:17] xcloner_restore.INFO: Processing ajax request ID _6hhpjp0nv [] []
[2026-01-01 20:53:18] xcloner_restore.INFO: Processing ajax request ID _npxjfn599 [] []
[2026-01-01 20:53:19] xcloner_restore.INFO: Processing ajax request ID _r7y39sd4m [] []
[2026-01-01 20:53:19] xcloner_restore.INFO: Processing ajax request ID _u4cwdx1rz [] []
[2026-01-01 20:53:20] xcloner_restore.INFO: Processing ajax request ID _d89tu7uc5 [] []
[2026-01-01 20:53:21] xcloner_restore.INFO: Processing ajax request ID _jxp3vssbv [] []
[2026-01-01 20:53:21] xcloner_restore.INFO: Processing ajax request ID _xue3dv6pb [] []
[2026-01-01 20:53:22] xcloner_restore.INFO: Processing ajax request ID _qsc1jpn6a [] []
[2026-01-01 20:53:23] xcloner_restore.INFO: Processing ajax request ID _a6xwkoi7b [] []
[2026-01-01 20:53:23] xcloner_restore.INFO: Processing ajax request ID _ngoir9tyn [] []
[2026-01-01 20:53:24] xcloner_restore.INFO: Processing ajax request ID _tgi2m62kr [] []
[2026-01-01 20:53:25] xcloner_restore.INFO: Processing ajax request ID _it9o676hd [] []
[2026-01-01 20:53:25] xcloner_restore.INFO: Processing ajax request ID _pc941i0r9 [] []
[2026-01-01 20:53:26] xcloner_restore.INFO: Processing ajax request ID _hrobqiehn [] []
[2026-01-01 20:53:27] xcloner_restore.INFO: Processing ajax request ID _5ljz6ojwv [] []
[2026-01-01 20:53:27] xcloner_restore.INFO: Processing ajax request ID _p8zqhe8ob [] []
[2026-01-02 19:20:10] xcloner_restore.INFO: Processing ajax request ID _biftulklo [] []
[2026-01-07 15:37:43] xcloner_restore.INFO: Processing ajax request ID _iuayarwm8 [] []
[2026-01-07 15:37:43] xcloner_restore.INFO: Processing ajax request ID _abl69k4tj [] []
[2026-01-07 15:37:44] xcloner_restore.INFO: Processing ajax request ID _g6r7s3ozg [] []
[2026-01-07 15:37:45] xcloner_restore.INFO: Processing ajax request ID _2vyykm7eg [] []
[2026-01-07 15:37:46] xcloner_restore.INFO: Processing ajax request ID _m9vqhh431 [] []
[2026-01-07 15:37:46] xcloner_restore.INFO: Processing ajax request ID _7bua7oiwo [] []
[2026-01-07 15:37:47] xcloner_restore.INFO: Processing ajax request ID _35hl1ay5d [] []
[2026-01-07 15:37:48] xcloner_restore.INFO: Processing ajax request ID _9not3v7y1 [] []
[2026-01-07 15:37:49] xcloner_restore.INFO: Processing ajax request ID _z23szmpz3 [] []
[2026-01-07 15:37:49] xcloner_restore.INFO: Processing ajax request ID _2v1lr7gts [] []
[2026-01-07 15:37:50] xcloner_restore.INFO: Processing ajax request ID _yctc3v0n6 [] []
[2026-01-07 15:37:51] xcloner_restore.INFO: Processing ajax request ID _ya425iidn [] []
[2026-01-07 15:37:51] xcloner_restore.INFO: Processing ajax request ID _daujeyvrp [] []
[2026-01-07 15:37:52] xcloner_restore.INFO: Processing ajax request ID _9o12woxk6 [] []
[2026-01-07 15:37:53] xcloner_restore.INFO: Processing ajax request ID _nq0g2niwq [] []
[2026-01-07 15:37:53] xcloner_restore.INFO: Processing ajax request ID _hwf2a2kmg [] []
[2026-01-07 15:37:54] xcloner_restore.INFO: Processing ajax request ID _cak0spdox [] []
[2026-01-07 15:37:55] xcloner_restore.INFO: Processing ajax request ID _tw6thsba4 [] []
[2026-01-07 15:37:56] xcloner_restore.INFO: Processing ajax request ID _sb65t5fvr [] []
[2026-01-07 15:37:57] xcloner_restore.INFO: Processing ajax request ID _wlzkuibgc [] []
[2026-01-07 15:37:57] xcloner_restore.INFO: Processing ajax request ID _b2lyqgaab [] []
[2026-01-07 15:37:58] xcloner_restore.INFO: Processing ajax request ID _ftnsnr6qn [] []
[2026-01-07 15:37:59] xcloner_restore.INFO: Processing ajax request ID _ubu4y9lcw [] []
[2026-01-07 15:37:59] xcloner_restore.INFO: Processing ajax request ID _f0ixv2s3s [] []
[2026-01-07 15:38:00] xcloner_restore.INFO: Processing ajax request ID _sydqd6z3v [] []
[2026-01-07 15:38:01] xcloner_restore.INFO: Processing ajax request ID _d7pa55y93 [] []
[2026-01-07 15:38:01] xcloner_restore.INFO: Processing ajax request ID _rxvd6f29l [] []
[2026-01-07 15:38:02] xcloner_restore.INFO: Processing ajax request ID _5b6ezzcwl [] []
[2026-01-07 15:38:03] xcloner_restore.INFO: Processing ajax request ID _grly11qt9 [] []
[2026-01-07 15:38:04] xcloner_restore.INFO: Processing ajax request ID _fh36cxo7z [] []
[2026-01-07 15:38:04] xcloner_restore.INFO: Processing ajax request ID _792guemid [] []
[2026-01-07 15:38:05] xcloner_restore.INFO: Processing ajax request ID _ylhqpfdol [] []
[2026-01-07 15:38:06] xcloner_restore.INFO: Processing ajax request ID _salyc9ndw [] []
[2026-01-07 15:38:07] xcloner_restore.INFO: Processing ajax request ID _ka0if3bjj [] []
[2026-01-07 15:38:07] xcloner_restore.INFO: Processing ajax request ID _12rdbwyem [] []
[2026-01-07 15:38:08] xcloner_restore.INFO: Processing ajax request ID _hqcg9qx3n [] []
[2026-01-07 15:38:09] xcloner_restore.INFO: Processing ajax request ID _rm1xzgyt5 [] []
[2026-01-07 15:38:09] xcloner_restore.INFO: Processing ajax request ID _kwvk4yp1x [] []
[2026-01-07 15:38:10] xcloner_restore.INFO: Processing ajax request ID _kfcq1dmi4 [] []
[2026-01-07 15:38:11] xcloner_restore.INFO: Processing ajax request ID _ahpck9jfw [] []
[2026-01-07 15:38:12] xcloner_restore.INFO: Processing ajax request ID _3rc4z6jed [] []
[2026-01-07 15:38:12] xcloner_restore.INFO: Processing ajax request ID _iyikf52tx [] []
[2026-01-07 15:38:13] xcloner_restore.INFO: Processing ajax request ID _50ay3su8c [] []
[2026-01-07 15:38:14] xcloner_restore.INFO: Processing ajax request ID _f03nueeoc [] []
[2026-01-07 15:38:15] xcloner_restore.INFO: Processing ajax request ID _nc5to8mg5 [] []
[2026-01-07 15:38:15] xcloner_restore.INFO: Processing ajax request ID _6r3i53qux [] []
[2026-01-07 15:38:16] xcloner_restore.INFO: Processing ajax request ID _zxyppgvdj [] []
[2026-01-07 15:38:17] xcloner_restore.INFO: Processing ajax request ID _8f1vyynvs [] []
[2026-01-07 15:38:17] xcloner_restore.INFO: Processing ajax request ID _96gd4zu5z [] []
[2026-01-07 15:38:18] xcloner_restore.INFO: Processing ajax request ID _l1ilvckxz [] []
[2026-01-07 15:38:19] xcloner_restore.INFO: Processing ajax request ID _c82xkx71a [] []
[2026-01-07 15:38:19] xcloner_restore.INFO: Processing ajax request ID _gmgxjjiyy [] []
[2026-01-07 15:38:20] xcloner_restore.INFO: Processing ajax request ID _4bbholj1i [] []
[2026-01-07 15:38:21] xcloner_restore.INFO: Processing ajax request ID _xt8fsa2pt [] []
[2026-01-07 15:38:22] xcloner_restore.INFO: Processing ajax request ID _zbsp8m390 [] []
[2026-01-07 15:38:22] xcloner_restore.INFO: Processing ajax request ID _kga5d4m3i [] []
[2026-01-07 15:38:23] xcloner_restore.INFO: Processing ajax request ID _x3f088ejy [] []
[2026-01-07 15:38:24] xcloner_restore.INFO: Processing ajax request ID _ggovd4z3f [] []
[2026-01-07 15:38:24] xcloner_restore.INFO: Processing ajax request ID _rjeempmth [] []
[2026-01-07 15:38:25] xcloner_restore.INFO: Processing ajax request ID _88drc8i9d [] []
[2026-01-07 15:38:26] xcloner_restore.INFO: Processing ajax request ID _tdig88dce [] []
[2026-01-07 15:38:27] xcloner_restore.INFO: Processing ajax request ID _416wf8yss [] []
[2026-01-07 15:38:28] xcloner_restore.INFO: Processing ajax request ID _h09xblapy [] []
[2026-01-07 15:38:29] xcloner_restore.INFO: Processing ajax request ID _sufimwqnh [] []
[2026-01-07 15:38:29] xcloner_restore.INFO: Processing ajax request ID _rv8vyqiat [] []
[2026-01-07 15:38:30] xcloner_restore.INFO: Processing ajax request ID _6tw82tp0b [] []
[2026-01-07 15:38:31] xcloner_restore.INFO: Processing ajax request ID _7l6vheoft [] []
[2026-01-07 15:38:31] xcloner_restore.INFO: Processing ajax request ID _wdb9zs8wl [] []
[2026-01-07 15:38:32] xcloner_restore.INFO: Processing ajax request ID _axvn1kw8t [] []
[2026-01-07 15:38:33] xcloner_restore.INFO: Processing ajax request ID _5264zn87y [] []
[2026-01-07 15:38:34] xcloner_restore.INFO: Processing ajax request ID _rzidfskh9 [] []
[2026-01-07 15:38:35] xcloner_restore.INFO: Processing ajax request ID _5yb582512 [] []
[2026-01-07 15:38:35] xcloner_restore.INFO: Processing ajax request ID _we7w3r9mb [] []
[2026-01-07 15:38:36] xcloner_restore.INFO: Processing ajax request ID _3ic7ftzoj [] []
[2026-01-07 15:38:37] xcloner_restore.INFO: Processing ajax request ID _511vtlq11 [] []
[2026-01-07 15:38:37] xcloner_restore.INFO: Processing ajax request ID _mz4r5t8a3 [] []
[2026-01-07 15:38:38] xcloner_restore.INFO: Processing ajax request ID _3psm3c1tg [] []
[2026-01-07 15:38:39] xcloner_restore.INFO: Processing ajax request ID _d70bb91y0 [] []
[2026-01-07 15:38:39] xcloner_restore.INFO: Processing ajax request ID _gbd0einqt [] []
[2026-01-07 15:38:40] xcloner_restore.INFO: Processing ajax request ID _stusuawur [] []
[2026-01-07 15:38:41] xcloner_restore.INFO: Processing ajax request ID _rqlb60tm0 [] []
[2026-01-07 15:38:42] xcloner_restore.INFO: Processing ajax request ID _66o6wwfie [] []
[2026-01-07 15:38:42] xcloner_restore.INFO: Processing ajax request ID _tj7ps0bc7 [] []
[2026-01-07 15:38:43] xcloner_restore.INFO: Processing ajax request ID _dqw0b8w80 [] []
[2026-01-07 15:38:44] xcloner_restore.INFO: Processing ajax request ID _nr5gf518o [] []
[2026-01-07 15:38:45] xcloner_restore.INFO: Processing ajax request ID _3ekn4rl00 [] []
[2026-01-07 15:38:45] xcloner_restore.INFO: Processing ajax request ID _w546ge2yu [] []
[2026-01-07 15:38:46] xcloner_restore.INFO: Processing ajax request ID _3zx4y4ywl [] []
[2026-01-07 15:38:47] xcloner_restore.INFO: Processing ajax request ID _i9gyqlsdb [] []
[2026-01-07 15:38:48] xcloner_restore.INFO: Processing ajax request ID _l0rt7at03 [] []
[2026-01-07 15:38:48] xcloner_restore.INFO: Processing ajax request ID _ux73ycsvt [] []
[2026-01-07 15:38:49] xcloner_restore.INFO: Processing ajax request ID _44lu35usr [] []
[2026-01-07 15:38:50] xcloner_restore.INFO: Processing ajax request ID _ys1es36j1 [] []
[2026-01-07 15:38:51] xcloner_restore.INFO: Processing ajax request ID _a7pq84zed [] []
[2026-01-07 15:38:51] xcloner_restore.INFO: Processing ajax request ID _rxyyr1y72 [] []
[2026-01-07 15:38:52] xcloner_restore.INFO: Processing ajax request ID _lxbp71xti [] []
[2026-01-07 15:38:53] xcloner_restore.INFO: Processing ajax request ID _46ujjsmjh [] []
[2026-01-07 15:38:53] xcloner_restore.INFO: Processing ajax request ID _tli4xy8zk [] []
[2026-01-07 15:38:54] xcloner_restore.INFO: Processing ajax request ID _iuiu2o6jp [] []
[2026-01-07 15:38:55] xcloner_restore.INFO: Processing ajax request ID _7bjrpnkok [] []
[2026-01-07 15:38:55] xcloner_restore.INFO: Processing ajax request ID _ltox3mnuw [] []
[2026-01-07 15:38:56] xcloner_restore.INFO: Processing ajax request ID _h0lr886zk [] []
[2026-01-07 15:38:57] xcloner_restore.INFO: Processing ajax request ID _i31rxmycr [] []
[2026-01-07 15:38:57] xcloner_restore.INFO: Processing ajax request ID _xhizrt3yp [] []
[2026-01-07 15:38:58] xcloner_restore.INFO: Processing ajax request ID _w4l74ktkl [] []
[2026-01-07 15:38:59] xcloner_restore.INFO: Processing ajax request ID _uznkjuuer [] []
[2026-01-07 15:38:59] xcloner_restore.INFO: Processing ajax request ID _bt6akogcl [] []
[2026-01-07 15:39:00] xcloner_restore.INFO: Processing ajax request ID _79ig095j8 [] []
[2026-01-07 15:39:01] xcloner_restore.INFO: Processing ajax request ID _d80gum4sw [] []
[2026-01-07 15:39:02] xcloner_restore.INFO: Processing ajax request ID _q229k56a0 [] []
[2026-01-07 15:39:02] xcloner_restore.INFO: Processing ajax request ID _axyz7ns49 [] []
[2026-01-07 15:39:03] xcloner_restore.INFO: Processing ajax request ID _femz1sq56 [] []
[2026-01-07 15:39:04] xcloner_restore.INFO: Processing ajax request ID _752idpcpz [] []
[2026-01-07 15:39:05] xcloner_restore.INFO: Processing ajax request ID _qzdk2baek [] []
[2026-01-07 15:39:05] xcloner_restore.INFO: Processing ajax request ID _8ruwft6pw [] []
[2026-01-07 15:39:06] xcloner_restore.INFO: Processing ajax request ID _x7o0mjomf [] []
[2026-01-07 15:39:07] xcloner_restore.INFO: Processing ajax request ID _ppizjqmlq [] []
[2026-01-07 15:39:07] xcloner_restore.INFO: Processing ajax request ID _85vpulmx9 [] []
[2026-01-07 15:39:08] xcloner_restore.INFO: Processing ajax request ID _hxw5pkzc8 [] []
[2026-01-07 15:39:09] xcloner_restore.INFO: Processing ajax request ID _azft8exgh [] []
[2026-01-07 15:39:09] xcloner_restore.INFO: Processing ajax request ID _s8i3n8wpt [] []
[2026-01-07 15:39:10] xcloner_restore.INFO: Processing ajax request ID _9912ydqxa [] []
[2026-01-07 15:39:11] xcloner_restore.INFO: Processing ajax request ID _na8kb6zph [] []
[2026-01-07 15:39:12] xcloner_restore.INFO: Processing ajax request ID _cbktqcbof [] []
[2026-01-07 15:39:12] xcloner_restore.INFO: Processing ajax request ID _24d4meb0m [] []
[2026-01-07 15:39:13] xcloner_restore.INFO: Processing ajax request ID _dx32p2kze [] []
[2026-01-07 15:39:14] xcloner_restore.INFO: Processing ajax request ID _8gm7j4acv [] []
[2026-01-07 15:39:14] xcloner_restore.INFO: Processing ajax request ID _9o9lw410k [] []
[2026-01-07 15:39:15] xcloner_restore.INFO: Processing ajax request ID _ztsf85wgt [] []
[2026-01-07 15:39:16] xcloner_restore.INFO: Processing ajax request ID _n603pjpfq [] []
[2026-01-07 15:39:16] xcloner_restore.INFO: Processing ajax request ID _aelhz33yq [] []
[2026-01-07 15:39:17] xcloner_restore.INFO: Processing ajax request ID _zfyquy81r [] []
[2026-01-07 15:39:18] xcloner_restore.INFO: Processing ajax request ID _2qhms4g0l [] []
[2026-01-07 15:39:19] xcloner_restore.INFO: Processing ajax request ID _cwzl87pxc [] []
[2026-01-07 15:39:19] xcloner_restore.INFO: Processing ajax request ID _ip4fvsm7q [] []
[2026-01-07 15:39:20] xcloner_restore.INFO: Processing ajax request ID _vt747rkvx [] []
