[2026-01-01 08:52:05] xcloner_file_system.INFO: Cleaning the backup storage LOCAL on matching rules [] []
[2026-01-01 08:52:22] xcloner_api.INFO: Processing ajax request ID _4fex5scs2 [] []
[2026-01-01 08:52:23] xcloner_api.INFO: Processing ajax request ID _94j4wdwox [] []
[2026-01-01 08:54:58] xcloner_file_system.INFO: Cleaning the backup storage LOCAL on matching rules [] []
[2026-01-01 11:54:27] xcloner_api.INFO: Processing ajax request ID _cfoj99q44 [] []
[2026-01-01 11:54:28] xcloner_api.INFO: Processing ajax request ID _dkamdlrrw [] []
[2026-01-01 20:51:46] xcloner_api.INFO: Processing ajax request ID _6tgk0ynrr [] []
[2026-01-01 20:51:47] xcloner_file_system.INFO: Starting the filesystem scanner on root folder /var/www/vhosts/veroniquegru.ieslossauces.es/httpdocs/VGDWESProyectoWordpress [] []
[2026-01-01 20:51:47] xcloner_file_system.INFO: Excluding .htaccess from the filesystem list, matching pattern / ["FILESYSTEM SCAN","EXCLUDE"] []
[2026-01-01 20:51:47] xcloner_file_system.INFO: Excluding blogs from the filesystem list, matching pattern / ["FILESYSTEM SCAN","EXCLUDE"] []
[2026-01-01 20:51:47] xcloner_file_system.INFO: Excluding index.php from the filesystem list, matching pattern / ["FILESYSTEM SCAN","EXCLUDE"] []
[2026-01-01 20:51:47] xcloner_file_system.INFO: Excluding license.txt from the filesystem list, matching pattern / ["FILESYSTEM SCAN","EXCLUDE"] []
[2026-01-01 20:51:47] xcloner_file_system.INFO: Excluding readme.html from the filesystem list, matching pattern / ["FILESYSTEM SCAN","EXCLUDE"] []
[2026-01-01 20:51:47] xcloner_file_system.INFO: Excluding tmp from the filesystem list, matching pattern / ["FILESYSTEM SCAN","EXCLUDE"] []
[2026-01-01 20:51:47] xcloner_file_system.INFO: Excluding wp-activate.php from the filesystem list, matching pattern / ["FILESYSTEM SCAN","EXCLUDE"] []
[2026-01-01 20:51:47] xcloner_file_system.INFO: Excluding wp-admin from the filesystem list, matching pattern / ["FILESYSTEM SCAN","EXCLUDE"] []
[2026-01-01 20:51:47] xcloner_file_system.INFO: Excluding wp-blog-header.php from the filesystem list, matching pattern / ["FILESYSTEM SCAN","EXCLUDE"] []
[2026-01-01 20:51:47] xcloner_file_system.INFO: Excluding wp-comments-post.php from the filesystem list, matching pattern / ["FILESYSTEM SCAN","EXCLUDE"] []
[2026-01-01 20:51:47] xcloner_file_system.INFO: Excluding wp-config-sample.php from the filesystem list, matching pattern / ["FILESYSTEM SCAN","EXCLUDE"] []
[2026-01-01 20:51:47] xcloner_file_system.INFO: Excluding wp-config.php from the filesystem list, matching pattern / ["FILESYSTEM SCAN","EXCLUDE"] []
[2026-01-01 20:51:47] xcloner_file_system.INFO: Excluding wp-content from the filesystem list, matching pattern / ["FILESYSTEM SCAN","EXCLUDE"] []
[2026-01-01 20:51:47] xcloner_file_system.INFO: Excluding wp-cron.php from the filesystem list, matching pattern / ["FILESYSTEM SCAN","EXCLUDE"] []
[2026-01-01 20:51:47] xcloner_file_system.INFO: Excluding wp-includes from the filesystem list, matching pattern / ["FILESYSTEM SCAN","EXCLUDE"] []
[2026-01-01 20:51:47] xcloner_file_system.INFO: Excluding wp-links-opml.php from the filesystem list, matching pattern / ["FILESYSTEM SCAN","EXCLUDE"] []
[2026-01-01 20:51:47] xcloner_file_system.INFO: Excluding wp-load.php from the filesystem list, matching pattern / ["FILESYSTEM SCAN","EXCLUDE"] []
[2026-01-01 20:51:47] xcloner_file_system.INFO: Excluding wp-login.php from the filesystem list, matching pattern / ["FILESYSTEM SCAN","EXCLUDE"] []
[2026-01-01 20:51:47] xcloner_file_system.INFO: Excluding wp-mail.php from the filesystem list, matching pattern / ["FILESYSTEM SCAN","EXCLUDE"] []
[2026-01-01 20:51:47] xcloner_file_system.INFO: Excluding wp-settings.php from the filesystem list, matching pattern / ["FILESYSTEM SCAN","EXCLUDE"] []
[2026-01-01 20:51:47] xcloner_file_system.INFO: Excluding wp-signup.php from the filesystem list, matching pattern / ["FILESYSTEM SCAN","EXCLUDE"] []
[2026-01-01 20:51:47] xcloner_file_system.INFO: Excluding wp-trackback.php from the filesystem list, matching pattern / ["FILESYSTEM SCAN","EXCLUDE"] []
[2026-01-01 20:51:47] xcloner_file_system.INFO: Excluding xmlrpc.php from the filesystem list, matching pattern / ["FILESYSTEM SCAN","EXCLUDE"] []
[2026-01-01 20:51:47] xcloner_api.INFO: Processing ajax request ID _z6fo2bcnm [] []
[2026-01-01 20:51:47] xcloner_database.INFO: Preparing the database recursion file [""] []
[2026-01-01 20:51:47] xcloner_database.INFO: Preparing the database recursion file [""] []
[2026-01-01 20:51:48] xcloner_database.ERROR: Access denied; you need (at least one of) the PROCESS privilege(s) for this operation [""] []
[2026-01-01 20:51:48] xcloner_database.ERROR: Access denied; you need (at least one of) the PROCESS privilege(s) for this operation [""] []
[2026-01-01 20:51:48] xcloner_database.ERROR: Access denied; you need (at least one of) the PROCESS privilege(s) for this operation [""] []
[2026-01-01 20:51:48] xcloner_database.ERROR: Access denied; you need (at least one of) the PROCESS privilege(s) for this operation [""] []
[2026-01-01 20:51:48] xcloner_database.ERROR: Access denied; you need (at least one of) the PROCESS privilege(s) for this operation [""] []
[2026-01-01 20:51:48] xcloner_database.ERROR: Access denied; you need (at least one of) the PROCESS privilege(s) for this operation [""] []
[2026-01-01 20:51:48] xcloner_database.ERROR: Access denied; you need (at least one of) the PROCESS privilege(s) for this operation [""] []
[2026-01-01 20:51:48] xcloner_database.ERROR: Access denied; you need (at least one of) the PROCESS privilege(s) for this operation [""] []
[2026-01-01 20:51:48] xcloner_database.ERROR: Access denied; you need (at least one of) the PROCESS privilege(s) for this operation [""] []
[2026-01-01 20:51:48] xcloner_database.ERROR: Access denied; you need (at least one of) the PROCESS privilege(s) for this operation [""] []
[2026-01-01 20:51:48] xcloner_database.ERROR: Access denied; you need (at least one of) the PROCESS privilege(s) for this operation [""] []
[2026-01-01 20:51:48] xcloner_database.ERROR: Access denied; you need (at least one of) the PROCESS privilege(s) for this operation [""] []
[2026-01-01 20:51:48] xcloner_database.ERROR: Access denied; you need (at least one of) the PROCESS privilege(s) for this operation [""] []
[2026-01-01 20:51:48] xcloner_database.ERROR: Access denied; you need (at least one of) the PROCESS privilege(s) for this operation [""] []
[2026-01-01 20:51:48] xcloner_database.ERROR: Access denied; you need (at least one of) the PROCESS privilege(s) for this operation [""] []
[2026-01-01 20:51:48] xcloner_database.ERROR: Access denied; you need (at least one of) the PROCESS privilege(s) for this operation [""] []
[2026-01-01 20:51:48] xcloner_database.ERROR: Access denied; you need (at least one of) the PROCESS privilege(s) for this operation [""] []
[2026-01-01 20:51:48] xcloner_database.ERROR: Access denied; you need (at least one of) the PROCESS privilege(s) for this operation [""] []
[2026-01-01 20:51:48] xcloner_database.ERROR: Access denied; you need (at least one of) the PROCESS privilege(s) for this operation [""] []
[2026-01-01 20:51:48] xcloner_database.ERROR: Access denied; you need (at least one of) the PROCESS privilege(s) for this operation [""] []
[2026-01-01 20:51:48] xcloner_database.ERROR: Access denied; you need (at least one of) the PROCESS privilege(s) for this operation [""] []
[2026-01-01 20:51:48] xcloner_database.ERROR: Access denied; you need (at least one of) the PROCESS privilege(s) for this operation [""] []
[2026-01-01 20:51:48] xcloner_database.ERROR: Access denied; you need (at least one of) the PROCESS privilege(s) for this operation [""] []
[2026-01-01 20:51:48] xcloner_database.ERROR: Access denied; you need (at least one of) the PROCESS privilege(s) for this operation [""] []
[2026-01-01 20:51:48] xcloner_database.ERROR: Access denied; you need (at least one of) the PROCESS privilege(s) for this operation [""] []
[2026-01-01 20:51:48] xcloner_database.ERROR: Access denied; you need (at least one of) the PROCESS privilege(s) for this operation [""] []
[2026-01-01 20:51:48] xcloner_database.ERROR: Access denied; you need (at least one of) the PROCESS privilege(s) for this operation [""] []
[2026-01-01 20:51:48] xcloner_database.ERROR: Access denied; you need (at least one of) the PROCESS privilege(s) for this operation [""] []
[2026-01-01 20:51:48] xcloner_api.INFO: Processing ajax request ID _570k5hhbc [] []
[2026-01-01 20:51:48] xcloner_database.INFO: Starting new backup dump to file database-backup.sql [""] []
[2026-01-01 20:51:48] xcloner_database.INFO: Writing wordpress_db database dump headers [""] []
[2026-01-01 20:51:48] xcloner_database.INFO: Dumping the structure for wordpress_db.wp_actionscheduler_actions table [""] []
[2026-01-01 20:51:48] xcloner_database.INFO: Dumping 150 records starting position 0 from wordpress_db.wp_actionscheduler_actions table [""] []
[2026-01-01 20:51:49] xcloner_api.INFO: Processing ajax request ID _yu0o2eq3b [] []
[2026-01-01 20:51:49] xcloner_database.INFO: Dumping the structure for wordpress_db.wp_actionscheduler_claims table [""] []
[2026-01-01 20:51:49] xcloner_database.INFO: Dumping 0 records starting position 0 from wordpress_db.wp_actionscheduler_claims table [""] []
[2026-01-01 20:51:49] xcloner_api.INFO: Processing ajax request ID _mgdvi00l1 [] []
[2026-01-01 20:51:50] xcloner_database.INFO: Dumping the structure for wordpress_db.wp_actionscheduler_groups table [""] []
[2026-01-01 20:51:50] xcloner_database.INFO: Dumping 10 records starting position 0 from wordpress_db.wp_actionscheduler_groups table [""] []
[2026-01-01 20:51:50] xcloner_api.INFO: Processing ajax request ID _3duxyhxpr [] []
[2026-01-01 20:51:50] xcloner_database.INFO: Dumping the structure for wordpress_db.wp_actionscheduler_logs table [""] []
[2026-01-01 20:51:51] xcloner_database.INFO: Dumping 427 records starting position 0 from wordpress_db.wp_actionscheduler_logs table [""] []
[2026-01-01 20:51:51] xcloner_api.INFO: Processing ajax request ID _dhg66o7o5 [] []
[2026-01-01 20:51:51] xcloner_database.INFO: Dumping the structure for wordpress_db.wp_check_email_error_logs table [""] []
[2026-01-01 20:51:51] xcloner_database.INFO: Dumping 9 records starting position 0 from wordpress_db.wp_check_email_error_logs table [""] []
[2026-01-01 20:51:51] xcloner_api.INFO: Processing ajax request ID _99ca24ffu [] []
[2026-01-01 20:51:52] xcloner_database.INFO: Dumping the structure for wordpress_db.wp_check_email_log table [""] []
[2026-01-01 20:51:52] xcloner_database.INFO: Dumping 24 records starting position 0 from wordpress_db.wp_check_email_log table [""] []
[2026-01-01 20:51:52] xcloner_api.INFO: Processing ajax request ID _0ohelxl1k [] []
[2026-01-01 20:51:53] xcloner_database.INFO: Dumping the structure for wordpress_db.wp_check_email_spam_analyzer table [""] []
[2026-01-01 20:51:53] xcloner_database.INFO: Dumping 0 records starting position 0 from wordpress_db.wp_check_email_spam_analyzer table [""] []
[2026-01-01 20:51:53] xcloner_api.INFO: Processing ajax request ID _x0ymvkmjt [] []
[2026-01-01 20:51:53] xcloner_database.INFO: Dumping the structure for wordpress_db.wp_commentmeta table [""] []
[2026-01-01 20:51:53] xcloner_database.INFO: Dumping 4 records starting position 0 from wordpress_db.wp_commentmeta table [""] []
[2026-01-01 20:51:54] xcloner_api.INFO: Processing ajax request ID _idyba3syd [] []
[2026-01-01 20:51:54] xcloner_database.INFO: Dumping the structure for wordpress_db.wp_comments table [""] []
[2026-01-01 20:51:54] xcloner_database.INFO: Dumping 3 records starting position 0 from wordpress_db.wp_comments table [""] []
[2026-01-01 20:51:54] xcloner_api.INFO: Processing ajax request ID _80ghb5y13 [] []
[2026-01-01 20:51:55] xcloner_database.INFO: Dumping the structure for wordpress_db.wp_e_events table [""] []
[2026-01-01 20:51:55] xcloner_database.INFO: Dumping 16 records starting position 0 from wordpress_db.wp_e_events table [""] []
[2026-01-01 20:51:55] xcloner_api.INFO: Processing ajax request ID _zfxzqlg65 [] []
[2026-01-01 20:51:56] xcloner_database.INFO: Dumping the structure for wordpress_db.wp_easywpsmtp_debug_events table [""] []
[2026-01-01 20:51:56] xcloner_database.INFO: Dumping 0 records starting position 0 from wordpress_db.wp_easywpsmtp_debug_events table [""] []
[2026-01-01 20:51:56] xcloner_api.INFO: Processing ajax request ID _snxo7yh3g [] []
[2026-01-01 20:51:56] xcloner_database.INFO: Dumping the structure for wordpress_db.wp_easywpsmtp_tasks_meta table [""] []
[2026-01-01 20:51:56] xcloner_database.INFO: Dumping 0 records starting position 0 from wordpress_db.wp_easywpsmtp_tasks_meta table [""] []
[2026-01-01 20:51:57] xcloner_api.INFO: Processing ajax request ID _bsq2icizf [] []
[2026-01-01 20:51:57] xcloner_database.INFO: Dumping the structure for wordpress_db.wp_links table [""] []
[2026-01-01 20:51:57] xcloner_database.INFO: Dumping 0 records starting position 0 from wordpress_db.wp_links table [""] []
[2026-01-01 20:51:57] xcloner_api.INFO: Processing ajax request ID _wece6doli [] []
[2026-01-01 20:51:58] xcloner_database.INFO: Dumping the structure for wordpress_db.wp_login_redirects table [""] []
[2026-01-01 20:51:58] xcloner_database.INFO: Dumping 2 records starting position 0 from wordpress_db.wp_login_redirects table [""] []
[2026-01-01 20:51:58] xcloner_api.INFO: Processing ajax request ID _k3h668ko8 [] []
[2026-01-01 20:51:58] xcloner_database.INFO: Dumping the structure for wordpress_db.wp_options table [""] []
[2026-01-01 20:51:59] xcloner_database.INFO: Dumping 413 records starting position 0 from wordpress_db.wp_options table [""] []
[2026-01-01 20:51:59] xcloner_api.INFO: Processing ajax request ID _qz848hzl7 [] []
[2026-01-01 20:51:59] xcloner_database.INFO: Dumping the structure for wordpress_db.wp_postmeta table [""] []
[2026-01-01 20:52:00] xcloner_database.INFO: Dumping 1510 records starting position 0 from wordpress_db.wp_postmeta table [""] []
[2026-01-01 20:52:00] xcloner_api.INFO: Processing ajax request ID _u8suwu0m1 [] []
[2026-01-01 20:52:00] xcloner_database.INFO: Dumping the structure for wordpress_db.wp_posts table [""] []
[2026-01-01 20:52:01] xcloner_database.INFO: Dumping 304 records starting position 0 from wordpress_db.wp_posts table [""] []
[2026-01-01 20:52:01] xcloner_api.INFO: Processing ajax request ID _bi9f6ktsb [] []
[2026-01-01 20:52:01] xcloner_database.INFO: Dumping the structure for wordpress_db.wp_say_what_strings table [""] []
[2026-01-01 20:52:01] xcloner_database.INFO: Dumping 1 records starting position 0 from wordpress_db.wp_say_what_strings table [""] []
[2026-01-01 20:52:01] xcloner_api.INFO: Processing ajax request ID _71jaqpt2v [] []
[2026-01-01 20:52:02] xcloner_database.INFO: Dumping the structure for wordpress_db.wp_shepherd_tec_task_logs table [""] []
[2026-01-01 20:52:02] xcloner_database.INFO: Dumping 0 records starting position 0 from wordpress_db.wp_shepherd_tec_task_logs table [""] []
[2026-01-01 20:52:02] xcloner_api.INFO: Processing ajax request ID _l98w6adkv [] []
[2026-01-01 20:52:03] xcloner_database.INFO: Dumping the structure for wordpress_db.wp_shepherd_tec_tasks table [""] []
[2026-01-01 20:52:03] xcloner_database.INFO: Dumping 1 records starting position 0 from wordpress_db.wp_shepherd_tec_tasks table [""] []
[2026-01-01 20:52:03] xcloner_api.INFO: Processing ajax request ID _evxa4we08 [] []
[2026-01-01 20:52:04] xcloner_database.INFO: Dumping the structure for wordpress_db.wp_tec_events table [""] []
[2026-01-01 20:52:04] xcloner_database.INFO: Dumping 4 records starting position 0 from wordpress_db.wp_tec_events table [""] []
[2026-01-01 20:52:04] xcloner_api.INFO: Processing ajax request ID _46sc6qwyq [] []
[2026-01-01 20:52:04] xcloner_database.INFO: Dumping the structure for wordpress_db.wp_tec_kv_cache table [""] []
[2026-01-01 20:52:04] xcloner_database.INFO: Dumping 0 records starting position 0 from wordpress_db.wp_tec_kv_cache table [""] []
[2026-01-01 20:52:05] xcloner_api.INFO: Processing ajax request ID _ei9ufqdg9 [] []
[2026-01-01 20:52:05] xcloner_database.INFO: Dumping the structure for wordpress_db.wp_tec_occurrences table [""] []
[2026-01-01 20:52:05] xcloner_database.INFO: Dumping 4 records starting position 0 from wordpress_db.wp_tec_occurrences table [""] []
[2026-01-01 20:52:05] xcloner_api.INFO: Processing ajax request ID _3xto6srna [] []
[2026-01-01 20:52:06] xcloner_database.INFO: Dumping the structure for wordpress_db.wp_tec_order_modifier_relationships table [""] []
[2026-01-01 20:52:06] xcloner_database.INFO: Dumping 0 records starting position 0 from wordpress_db.wp_tec_order_modifier_relationships table [""] []
[2026-01-01 20:52:06] xcloner_api.INFO: Processing ajax request ID _vejsooa04 [] []
[2026-01-01 20:52:07] xcloner_database.INFO: Dumping the structure for wordpress_db.wp_tec_order_modifiers table [""] []
[2026-01-01 20:52:07] xcloner_database.INFO: Dumping 0 records starting position 0 from wordpress_db.wp_tec_order_modifiers table [""] []
[2026-01-01 20:52:07] xcloner_api.INFO: Processing ajax request ID _4ax989s0p [] []
[2026-01-01 20:52:07] xcloner_database.INFO: Dumping the structure for wordpress_db.wp_tec_order_modifiers_meta table [""] []
[2026-01-01 20:52:07] xcloner_database.INFO: Dumping 0 records starting position 0 from wordpress_db.wp_tec_order_modifiers_meta table [""] []
[2026-01-01 20:52:07] xcloner_api.INFO: Processing ajax request ID _m9vwex5b3 [] []
[2026-01-01 20:52:08] xcloner_database.INFO: Dumping the structure for wordpress_db.wp_tec_slr_layouts table [""] []
[2026-01-01 20:52:08] xcloner_database.INFO: Dumping 0 records starting position 0 from wordpress_db.wp_tec_slr_layouts table [""] []
[2026-01-01 20:52:08] xcloner_api.INFO: Processing ajax request ID _30tiky6g7 [] []
[2026-01-01 20:52:09] xcloner_database.INFO: Dumping the structure for wordpress_db.wp_tec_slr_maps table [""] []
[2026-01-01 20:52:09] xcloner_database.INFO: Dumping 0 records starting position 0 from wordpress_db.wp_tec_slr_maps table [""] []
[2026-01-01 20:52:09] xcloner_api.INFO: Processing ajax request ID _s95nns33j [] []
[2026-01-01 20:52:09] xcloner_database.INFO: Dumping the structure for wordpress_db.wp_tec_slr_seat_types table [""] []
[2026-01-01 20:52:09] xcloner_database.INFO: Dumping 0 records starting position 0 from wordpress_db.wp_tec_slr_seat_types table [""] []
[2026-01-01 20:52:10] xcloner_api.INFO: Processing ajax request ID _i43bgd4vv [] []
[2026-01-01 20:52:10] xcloner_database.INFO: Dumping the structure for wordpress_db.wp_tec_slr_sessions table [""] []
[2026-01-01 20:52:10] xcloner_database.INFO: Dumping 0 records starting position 0 from wordpress_db.wp_tec_slr_sessions table [""] []
[2026-01-01 20:52:10] xcloner_api.INFO: Processing ajax request ID _wfn2b5kj7 [] []
[2026-01-01 20:52:11] xcloner_database.INFO: Dumping the structure for wordpress_db.wp_tec_tickets_commerce_webhooks table [""] []
[2026-01-01 20:52:11] xcloner_database.INFO: Dumping 0 records starting position 0 from wordpress_db.wp_tec_tickets_commerce_webhooks table [""] []
[2026-01-01 20:52:11] xcloner_api.INFO: Processing ajax request ID _0mo1esagk [] []
[2026-01-01 20:52:12] xcloner_database.INFO: Dumping the structure for wordpress_db.wp_term_relationships table [""] []
[2026-01-01 20:52:12] xcloner_database.INFO: Dumping 25 records starting position 0 from wordpress_db.wp_term_relationships table [""] []
[2026-01-01 20:52:12] xcloner_api.INFO: Processing ajax request ID _zn088c4fv [] []
[2026-01-01 20:52:12] xcloner_database.INFO: Dumping the structure for wordpress_db.wp_term_taxonomy table [""] []
[2026-01-01 20:52:12] xcloner_database.INFO: Dumping 9 records starting position 0 from wordpress_db.wp_term_taxonomy table [""] []
[2026-01-01 20:52:13] xcloner_api.INFO: Processing ajax request ID _dr8dexo4d [] []
[2026-01-01 20:52:13] xcloner_database.INFO: Dumping the structure for wordpress_db.wp_termmeta table [""] []
[2026-01-01 20:52:13] xcloner_database.INFO: Dumping 8 records starting position 0 from wordpress_db.wp_termmeta table [""] []
[2026-01-01 20:52:13] xcloner_api.INFO: Processing ajax request ID _0pv94rduu [] []
[2026-01-01 20:52:14] xcloner_database.INFO: Dumping the structure for wordpress_db.wp_terms table [""] []
[2026-01-01 20:52:14] xcloner_database.INFO: Dumping 9 records starting position 0 from wordpress_db.wp_terms table [""] []
[2026-01-01 20:52:14] xcloner_api.INFO: Processing ajax request ID _um3vqai9n [] []
[2026-01-01 20:52:15] xcloner_database.INFO: Dumping the structure for wordpress_db.wp_um_metadata table [""] []
[2026-01-01 20:52:15] xcloner_database.INFO: Dumping 0 records starting position 0 from wordpress_db.wp_um_metadata table [""] []
[2026-01-01 20:52:15] xcloner_api.INFO: Processing ajax request ID _0lguqzs7f [] []
[2026-01-01 20:52:15] xcloner_database.INFO: Dumping the structure for wordpress_db.wp_usermeta table [""] []
[2026-01-01 20:52:15] xcloner_database.INFO: Dumping 406 records starting position 0 from wordpress_db.wp_usermeta table [""] []
[2026-01-01 20:52:15] xcloner_api.INFO: Processing ajax request ID _p4z1ifvkm [] []
[2026-01-01 20:52:16] xcloner_database.INFO: Dumping the structure for wordpress_db.wp_users table [""] []
[2026-01-01 20:52:16] xcloner_database.INFO: Dumping 18 records starting position 0 from wordpress_db.wp_users table [""] []
[2026-01-01 20:52:16] xcloner_api.INFO: Processing ajax request ID _7crawnh5k [] []
[2026-01-01 20:52:17] xcloner_database.INFO: Dumping the structure for wordpress_db.wp_wc_comments_subscription table [""] []
[2026-01-01 20:52:17] xcloner_database.INFO: Dumping 0 records starting position 0 from wordpress_db.wp_wc_comments_subscription table [""] []
[2026-01-01 20:52:17] xcloner_api.INFO: Processing ajax request ID _hvnxnp3h6 [] []
[2026-01-01 20:52:17] xcloner_database.INFO: Dumping the structure for wordpress_db.wp_wc_feedback_forms table [""] []
[2026-01-01 20:52:17] xcloner_database.INFO: Dumping 0 records starting position 0 from wordpress_db.wp_wc_feedback_forms table [""] []
[2026-01-01 20:52:19] xcloner_api.INFO: Processing ajax request ID _0b5acmwwl [] []
[2026-01-01 20:52:20] xcloner_database.INFO: Dumping the structure for wordpress_db.wp_wc_follow_users table [""] []
[2026-01-01 20:52:20] xcloner_database.INFO: Dumping 0 records starting position 0 from wordpress_db.wp_wc_follow_users table [""] []
[2026-01-01 20:52:20] xcloner_api.INFO: Processing ajax request ID _b55dt6w21 [] []
[2026-01-01 20:52:20] xcloner_database.INFO: Dumping the structure for wordpress_db.wp_wc_phrases table [""] []
[2026-01-01 20:52:20] xcloner_database.INFO: Dumping 206 records starting position 0 from wordpress_db.wp_wc_phrases table [""] []
[2026-01-01 20:52:21] xcloner_api.INFO: Processing ajax request ID _p68zw12h5 [] []
[2026-01-01 20:52:21] xcloner_database.INFO: Dumping the structure for wordpress_db.wp_wc_users_rated table [""] []
[2026-01-01 20:52:21] xcloner_database.INFO: Dumping 1 records starting position 0 from wordpress_db.wp_wc_users_rated table [""] []
[2026-01-01 20:52:21] xcloner_api.INFO: Processing ajax request ID _6jgbxmdbn [] []
[2026-01-01 20:52:22] xcloner_database.INFO: Dumping the structure for wordpress_db.wp_wc_users_voted table [""] []
[2026-01-01 20:52:22] xcloner_database.INFO: Dumping 3 records starting position 0 from wordpress_db.wp_wc_users_voted table [""] []
[2026-01-01 20:52:22] xcloner_api.INFO: Processing ajax request ID _1zh6lg350 [] []
[2026-01-01 20:52:22] xcloner_database.INFO: Dumping the structure for wordpress_db.wp_wpforms_db table [""] []
[2026-01-01 20:52:22] xcloner_database.INFO: Dumping 3 records starting position 0 from wordpress_db.wp_wpforms_db table [""] []
[2026-01-01 20:52:23] xcloner_api.INFO: Processing ajax request ID _6vrpl212y [] []
[2026-01-01 20:52:23] xcloner_database.INFO: Dumping the structure for wordpress_db.wp_wpforms_logs table [""] []
[2026-01-01 20:52:23] xcloner_database.INFO: Dumping 0 records starting position 0 from wordpress_db.wp_wpforms_logs table [""] []
[2026-01-01 20:52:23] xcloner_api.INFO: Processing ajax request ID _07d4m4u39 [] []
[2026-01-01 20:52:24] xcloner_database.INFO: Dumping the structure for wordpress_db.wp_wpforms_payment_meta table [""] []
[2026-01-01 20:52:24] xcloner_database.INFO: Dumping 0 records starting position 0 from wordpress_db.wp_wpforms_payment_meta table [""] []
[2026-01-01 20:52:24] xcloner_api.INFO: Processing ajax request ID _1to11aphw [] []
[2026-01-01 20:52:25] xcloner_database.INFO: Dumping the structure for wordpress_db.wp_wpforms_payments table [""] []
[2026-01-01 20:52:25] xcloner_database.INFO: Dumping 0 records starting position 0 from wordpress_db.wp_wpforms_payments table [""] []
[2026-01-01 20:52:25] xcloner_api.INFO: Processing ajax request ID _nx9mgx0k8 [] []
[2026-01-01 20:52:25] xcloner_database.INFO: Dumping the structure for wordpress_db.wp_wpforms_tasks_meta table [""] []
[2026-01-01 20:52:25] xcloner_database.INFO: Dumping 5 records starting position 0 from wordpress_db.wp_wpforms_tasks_meta table [""] []
[2026-01-01 20:52:26] xcloner_api.INFO: Processing ajax request ID _y6191j0p6 [] []
[2026-01-01 20:52:26] xcloner_database.INFO: Dumping the structure for wordpress_db.wp_wpmailsmtp_debug_events table [""] []
[2026-01-01 20:52:26] xcloner_database.INFO: Dumping 9 records starting position 0 from wordpress_db.wp_wpmailsmtp_debug_events table [""] []
[2026-01-01 20:52:26] xcloner_api.INFO: Processing ajax request ID _pmlhz180k [] []
[2026-01-01 20:52:27] xcloner_database.INFO: Dumping the structure for wordpress_db.wp_wpmailsmtp_tasks_meta table [""] []
[2026-01-01 20:52:27] xcloner_database.INFO: Dumping 0 records starting position 0 from wordpress_db.wp_wpmailsmtp_tasks_meta table [""] []
[2026-01-01 20:52:27] xcloner_api.INFO: Processing ajax request ID _0z2rxanbr [] []
[2026-01-01 20:52:27] xcloner_database.INFO: Dumping the structure for wordpress_db.wp_xcloner_scheduler table [""] []
[2026-01-01 20:52:27] xcloner_database.INFO: Dumping 0 records starting position 0 from wordpress_db.wp_xcloner_scheduler table [""] []
[2026-01-01 20:52:28] xcloner_api.INFO: Processing ajax request ID _o5ub3dfg6 [] []
[2026-01-01 20:52:28] xcloner_database.INFO: Starting new backup dump to file information_schema-backup.sql [""] []
[2026-01-01 20:52:28] xcloner_database.INFO: Writing information_schema database dump headers [""] []
[2026-01-01 20:52:28] xcloner_database.INFO: Dumping the structure for information_schema.ALL_PLUGINS table [""] []
[2026-01-01 20:52:28] xcloner_database.INFO: Dumping 92 records starting position 0 from information_schema.ALL_PLUGINS table [""] []
[2026-01-01 20:52:28] xcloner_api.INFO: Processing ajax request ID _d7lue9b88 [] []
[2026-01-01 20:52:29] xcloner_database.INFO: Dumping the structure for information_schema.ALL_PLUGINS table [""] []
[2026-01-01 20:52:29] xcloner_database.INFO: Dumping 92 records starting position 0 from information_schema.ALL_PLUGINS table [""] []
[2026-01-01 20:52:29] xcloner_api.INFO: Processing ajax request ID _1q5lum6lg [] []
[2026-01-01 20:52:29] xcloner_database.INFO: Dumping the structure for information_schema.APPLICABLE_ROLES table [""] []
[2026-01-01 20:52:29] xcloner_database.INFO: Dumping 0 records starting position 0 from information_schema.APPLICABLE_ROLES table [""] []
[2026-01-01 20:52:30] xcloner_api.INFO: Processing ajax request ID _kut213vdu [] []
[2026-01-01 20:52:30] xcloner_database.INFO: Dumping the structure for information_schema.CHARACTER_SETS table [""] []
[2026-01-01 20:52:30] xcloner_database.INFO: Dumping 40 records starting position 0 from information_schema.CHARACTER_SETS table [""] []
[2026-01-01 20:52:30] xcloner_api.INFO: Processing ajax request ID _iqvxivj7j [] []
[2026-01-01 20:52:31] xcloner_database.INFO: Dumping the structure for information_schema.CHECK_CONSTRAINTS table [""] []
[2026-01-01 20:52:31] xcloner_database.INFO: Dumping 0 records starting position 0 from information_schema.CHECK_CONSTRAINTS table [""] []
[2026-01-01 20:52:31] xcloner_api.INFO: Processing ajax request ID _zko46dznn [] []
[2026-01-01 20:52:32] xcloner_database.INFO: Dumping the structure for information_schema.COLLATIONS table [""] []
[2026-01-01 20:52:32] xcloner_database.INFO: Dumping 506 records starting position 0 from information_schema.COLLATIONS table [""] []
[2026-01-01 20:52:32] xcloner_api.INFO: Processing ajax request ID _k8o0pezm8 [] []
[2026-01-01 20:52:32] xcloner_database.INFO: Dumping the structure for information_schema.COLLATION_CHARACTER_SET_APPLICABILITY table [""] []
[2026-01-01 20:52:33] xcloner_database.INFO: Dumping 1242 records starting position 0 from information_schema.COLLATION_CHARACTER_SET_APPLICABILITY table [""] []
[2026-01-01 20:52:33] xcloner_api.INFO: Processing ajax request ID _z4wbn8o34 [] []
[2026-01-01 20:52:34] xcloner_database.INFO: Dumping the structure for information_schema.COLUMNS table [""] []
[2026-01-01 20:52:34] xcloner_database.INFO: Dumping 1139 records starting position 0 from information_schema.COLUMNS table [""] []
[2026-01-01 20:52:34] xcloner_api.INFO: Processing ajax request ID _oxcf8avo2 [] []
[2026-01-01 20:52:35] xcloner_database.INFO: Dumping the structure for information_schema.COLUMN_PRIVILEGES table [""] []
[2026-01-01 20:52:35] xcloner_database.INFO: Dumping 0 records starting position 0 from information_schema.COLUMN_PRIVILEGES table [""] []
[2026-01-01 20:52:35] xcloner_api.INFO: Processing ajax request ID _q5a6hkzep [] []
[2026-01-01 20:52:35] xcloner_database.INFO: Dumping the structure for information_schema.ENABLED_ROLES table [""] []
[2026-01-01 20:52:35] xcloner_database.INFO: Dumping 1 records starting position 0 from information_schema.ENABLED_ROLES table [""] []
[2026-01-01 20:52:36] xcloner_api.INFO: Processing ajax request ID _29gj39akn [] []
[2026-01-01 20:52:36] xcloner_database.INFO: Dumping the structure for information_schema.ENGINES table [""] []
[2026-01-01 20:52:36] xcloner_database.INFO: Dumping 8 records starting position 0 from information_schema.ENGINES table [""] []
[2026-01-01 20:52:36] xcloner_api.INFO: Processing ajax request ID _b55xz38ko [] []
[2026-01-01 20:52:37] xcloner_database.INFO: Dumping the structure for information_schema.EVENTS table [""] []
[2026-01-01 20:52:37] xcloner_database.INFO: Dumping 0 records starting position 0 from information_schema.EVENTS table [""] []
[2026-01-01 20:52:37] xcloner_api.INFO: Processing ajax request ID _abb2ro0ih [] []
[2026-01-01 20:52:37] xcloner_database.INFO: Dumping the structure for information_schema.FILES table [""] []
[2026-01-01 20:52:37] xcloner_database.INFO: Dumping 0 records starting position 0 from information_schema.FILES table [""] []
[2026-01-01 20:52:38] xcloner_api.INFO: Processing ajax request ID _8qe3ss99f [] []
[2026-01-01 20:52:38] xcloner_database.INFO: Dumping the structure for information_schema.GLOBAL_STATUS table [""] []
[2026-01-01 20:52:38] xcloner_database.INFO: Dumping 562 records starting position 0 from information_schema.GLOBAL_STATUS table [""] []
[2026-01-01 20:52:39] xcloner_api.INFO: Processing ajax request ID _jsr893ji7 [] []
[2026-01-01 20:52:39] xcloner_database.INFO: Dumping the structure for information_schema.GLOBAL_VARIABLES table [""] []
[2026-01-01 20:52:39] xcloner_database.INFO: Dumping 653 records starting position 0 from information_schema.GLOBAL_VARIABLES table [""] []
[2026-01-01 20:52:39] xcloner_api.INFO: Processing ajax request ID _xkhlovkvg [] []
[2026-01-01 20:52:40] xcloner_database.INFO: Dumping the structure for information_schema.KEYWORDS table [""] []
[2026-01-01 20:52:40] xcloner_database.INFO: Dumping 696 records starting position 0 from information_schema.KEYWORDS table [""] []
[2026-01-01 20:52:40] xcloner_api.INFO: Processing ajax request ID _qehhyvxtm [] []
[2026-01-01 20:52:41] xcloner_database.INFO: Dumping the structure for information_schema.KEY_CACHES table [""] []
[2026-01-01 20:52:41] xcloner_database.INFO: Dumping 1 records starting position 0 from information_schema.KEY_CACHES table [""] []
[2026-01-01 20:52:41] xcloner_api.INFO: Processing ajax request ID _vwl6gu08e [] []
[2026-01-01 20:52:42] xcloner_database.INFO: Dumping the structure for information_schema.KEY_COLUMN_USAGE table [""] []
[2026-01-01 20:52:42] xcloner_database.INFO: Dumping 64 records starting position 0 from information_schema.KEY_COLUMN_USAGE table [""] []
[2026-01-01 20:52:42] xcloner_api.INFO: Processing ajax request ID _22klo80yp [] []
[2026-01-01 20:52:42] xcloner_database.INFO: Dumping the structure for information_schema.OPTIMIZER_TRACE table [""] []
[2026-01-01 20:52:42] xcloner_database.INFO: Dumping 0 records starting position 0 from information_schema.OPTIMIZER_TRACE table [""] []
[2026-01-01 20:52:43] xcloner_api.INFO: Processing ajax request ID _yve0gjrb7 [] []
[2026-01-01 20:52:43] xcloner_database.INFO: Dumping the structure for information_schema.PARAMETERS table [""] []
[2026-01-01 20:52:43] xcloner_database.INFO: Dumping 0 records starting position 0 from information_schema.PARAMETERS table [""] []
[2026-01-01 20:52:43] xcloner_api.INFO: Processing ajax request ID _f1b960yx5 [] []
[2026-01-01 20:52:44] xcloner_database.INFO: Dumping the structure for information_schema.PARTITIONS table [""] []
[2026-01-01 20:52:44] xcloner_database.INFO: Dumping 134 records starting position 0 from information_schema.PARTITIONS table [""] []
[2026-01-01 20:52:44] xcloner_api.INFO: Processing ajax request ID _pd7chle11 [] []
[2026-01-01 20:52:45] xcloner_database.INFO: Dumping the structure for information_schema.PLUGINS table [""] []
[2026-01-01 20:52:45] xcloner_database.INFO: Dumping 69 records starting position 0 from information_schema.PLUGINS table [""] []
[2026-01-01 20:52:45] xcloner_api.INFO: Processing ajax request ID _9ezg0x8hb [] []
[2026-01-01 20:52:45] xcloner_database.INFO: Dumping the structure for information_schema.PROCESSLIST table [""] []
[2026-01-01 20:52:45] xcloner_database.INFO: Dumping 2 records starting position 0 from information_schema.PROCESSLIST table [""] []
[2026-01-01 20:52:46] xcloner_api.INFO: Processing ajax request ID _dv1kky6b3 [] []
[2026-01-01 20:52:46] xcloner_database.INFO: Dumping the structure for information_schema.PROFILING table [""] []
[2026-01-01 20:52:46] xcloner_database.INFO: Dumping 0 records starting position 0 from information_schema.PROFILING table [""] []
[2026-01-01 20:52:46] xcloner_api.INFO: Processing ajax request ID _7y8tfjmwl [] []
[2026-01-01 20:52:47] xcloner_database.INFO: Dumping the structure for information_schema.REFERENTIAL_CONSTRAINTS table [""] []
[2026-01-01 20:52:47] xcloner_database.INFO: Dumping 0 records starting position 0 from information_schema.REFERENTIAL_CONSTRAINTS table [""] []
[2026-01-01 20:52:47] xcloner_api.INFO: Processing ajax request ID _bvk0s5spo [] []
[2026-01-01 20:52:48] xcloner_database.INFO: Dumping the structure for information_schema.ROUTINES table [""] []
[2026-01-01 20:52:48] xcloner_database.INFO: Dumping 0 records starting position 0 from information_schema.ROUTINES table [""] []
[2026-01-01 20:52:48] xcloner_api.INFO: Processing ajax request ID _ax38ezy13 [] []
[2026-01-01 20:52:48] xcloner_database.INFO: Dumping the structure for information_schema.SCHEMATA table [""] []
[2026-01-01 20:52:48] xcloner_database.INFO: Dumping 2 records starting position 0 from information_schema.SCHEMATA table [""] []
[2026-01-01 20:52:48] xcloner_api.INFO: Processing ajax request ID _cybgvvsxe [] []
[2026-01-01 20:52:49] xcloner_database.INFO: Dumping the structure for information_schema.SCHEMA_PRIVILEGES table [""] []
[2026-01-01 20:52:49] xcloner_database.INFO: Dumping 18 records starting position 0 from information_schema.SCHEMA_PRIVILEGES table [""] []
[2026-01-01 20:52:49] xcloner_api.INFO: Processing ajax request ID _dgxtieau2 [] []
[2026-01-01 20:52:50] xcloner_database.INFO: Dumping the structure for information_schema.SESSION_STATUS table [""] []
[2026-01-01 20:52:50] xcloner_database.INFO: Dumping 562 records starting position 0 from information_schema.SESSION_STATUS table [""] []
[2026-01-01 20:52:50] xcloner_api.INFO: Processing ajax request ID _8z9f61dap [] []
[2026-01-01 20:52:50] xcloner_database.INFO: Dumping the structure for information_schema.SESSION_VARIABLES table [""] []
[2026-01-01 20:52:51] xcloner_database.INFO: Dumping 672 records starting position 0 from information_schema.SESSION_VARIABLES table [""] []
[2026-01-01 20:52:51] xcloner_api.INFO: Processing ajax request ID _d6a5bi49r [] []
[2026-01-01 20:52:51] xcloner_database.INFO: Dumping the structure for information_schema.STATISTICS table [""] []
[2026-01-01 20:52:51] xcloner_database.INFO: Dumping 175 records starting position 0 from information_schema.STATISTICS table [""] []
[2026-01-01 20:52:52] xcloner_api.INFO: Processing ajax request ID _noqhmjabd [] []
[2026-01-01 20:52:52] xcloner_database.INFO: Dumping the structure for information_schema.SQL_FUNCTIONS table [""] []
[2026-01-01 20:52:52] xcloner_database.INFO: Dumping 261 records starting position 0 from information_schema.SQL_FUNCTIONS table [""] []
[2026-01-01 20:52:52] xcloner_api.INFO: Processing ajax request ID _rtkb1vmva [] []
[2026-01-01 20:52:53] xcloner_database.INFO: Dumping the structure for information_schema.SYSTEM_VARIABLES table [""] []
[2026-01-01 20:52:53] xcloner_database.INFO: Dumping 672 records starting position 0 from information_schema.SYSTEM_VARIABLES table [""] []
[2026-01-01 20:52:53] xcloner_api.INFO: Processing ajax request ID _5tjg57g1h [] []
[2026-01-01 20:52:54] xcloner_database.INFO: Dumping the structure for information_schema.TABLES table [""] []
[2026-01-01 20:52:54] xcloner_database.INFO: Dumping 134 records starting position 0 from information_schema.TABLES table [""] []
[2026-01-01 20:52:54] xcloner_api.INFO: Processing ajax request ID _mv1rc232g [] []
[2026-01-01 20:52:55] xcloner_database.INFO: Dumping the structure for information_schema.TABLESPACES table [""] []
[2026-01-01 20:52:55] xcloner_database.INFO: Dumping 0 records starting position 0 from information_schema.TABLESPACES table [""] []
[2026-01-01 20:52:55] xcloner_api.INFO: Processing ajax request ID _s6gnx6y6d [] []
[2026-01-01 20:52:55] xcloner_database.INFO: Dumping the structure for information_schema.TABLE_CONSTRAINTS table [""] []
[2026-01-01 20:52:56] xcloner_database.INFO: Dumping 59 records starting position 0 from information_schema.TABLE_CONSTRAINTS table [""] []
[2026-01-01 20:52:56] xcloner_api.INFO: Processing ajax request ID _hlcqer3ac [] []
[2026-01-01 20:52:56] xcloner_database.INFO: Dumping the structure for information_schema.TABLE_PRIVILEGES table [""] []
[2026-01-01 20:52:56] xcloner_database.INFO: Dumping 0 records starting position 0 from information_schema.TABLE_PRIVILEGES table [""] []
[2026-01-01 20:52:56] xcloner_api.INFO: Processing ajax request ID _8sh4ie3rq [] []
[2026-01-01 20:52:57] xcloner_database.INFO: Dumping the structure for information_schema.TRIGGERS table [""] []
[2026-01-01 20:52:57] xcloner_database.INFO: Dumping 0 records starting position 0 from information_schema.TRIGGERS table [""] []
[2026-01-01 20:52:57] xcloner_api.INFO: Processing ajax request ID _97s5dk6bj [] []
[2026-01-01 20:52:58] xcloner_database.INFO: Dumping the structure for information_schema.USER_PRIVILEGES table [""] []
[2026-01-01 20:52:58] xcloner_database.INFO: Dumping 1 records starting position 0 from information_schema.USER_PRIVILEGES table [""] []
[2026-01-01 20:52:58] xcloner_api.INFO: Processing ajax request ID _cgya9zim7 [] []
[2026-01-01 20:52:58] xcloner_database.INFO: Dumping the structure for information_schema.VIEWS table [""] []
[2026-01-01 20:52:58] xcloner_database.INFO: Dumping 0 records starting position 0 from information_schema.VIEWS table [""] []
[2026-01-01 20:52:59] xcloner_api.INFO: Processing ajax request ID _yxj9jtutq [] []
[2026-01-01 20:52:59] xcloner_database.INFO: Dumping the structure for information_schema.CLIENT_STATISTICS table [""] []
[2026-01-01 20:52:59] xcloner_database.INFO: Dumping 0 records starting position 0 from information_schema.CLIENT_STATISTICS table [""] []
[2026-01-01 20:52:59] xcloner_api.INFO: Processing ajax request ID _svw9bxco3 [] []
[2026-01-01 20:53:00] xcloner_database.INFO: Dumping the structure for information_schema.INDEX_STATISTICS table [""] []
[2026-01-01 20:53:00] xcloner_database.INFO: Dumping 0 records starting position 0 from information_schema.INDEX_STATISTICS table [""] []
[2026-01-01 20:53:00] xcloner_api.INFO: Processing ajax request ID _j423ozs1u [] []
[2026-01-01 20:53:00] xcloner_database.INFO: Dumping the structure for information_schema.INNODB_FT_CONFIG table [""] []
[2026-01-01 20:53:00] xcloner_database.INFO: Dumping 0 records starting position 0 from information_schema.INNODB_FT_CONFIG table [""] []
[2026-01-01 20:53:00] xcloner_api.INFO: Processing ajax request ID _knt5f0agg [] []
[2026-01-01 20:53:01] xcloner_database.INFO: Dumping the structure for information_schema.GEOMETRY_COLUMNS table [""] []
[2026-01-01 20:53:01] xcloner_database.INFO: Dumping 0 records starting position 0 from information_schema.GEOMETRY_COLUMNS table [""] []
[2026-01-01 20:53:01] xcloner_api.INFO: Processing ajax request ID _rruj2ho2b [] []
[2026-01-01 20:53:02] xcloner_database.INFO: Dumping the structure for information_schema.INNODB_SYS_TABLESTATS table [""] []
[2026-01-01 20:53:02] xcloner_database.INFO: Dumping 0 records starting position 0 from information_schema.INNODB_SYS_TABLESTATS table [""] []
[2026-01-01 20:53:02] xcloner_api.INFO: Processing ajax request ID _do2zxn81i [] []
[2026-01-01 20:53:03] xcloner_database.INFO: Dumping the structure for information_schema.SPATIAL_REF_SYS table [""] []
[2026-01-01 20:53:03] xcloner_database.INFO: Dumping 2 records starting position 0 from information_schema.SPATIAL_REF_SYS table [""] []
[2026-01-01 20:53:03] xcloner_api.INFO: Processing ajax request ID _2dfn8126b [] []
[2026-01-01 20:53:03] xcloner_database.INFO: Dumping the structure for information_schema.USER_STATISTICS table [""] []
[2026-01-01 20:53:03] xcloner_database.INFO: Dumping 0 records starting position 0 from information_schema.USER_STATISTICS table [""] []
[2026-01-01 20:53:03] xcloner_api.INFO: Processing ajax request ID _r7b2mb44x [] []
[2026-01-01 20:53:04] xcloner_database.INFO: Dumping the structure for information_schema.INNODB_TRX table [""] []
[2026-01-01 20:53:04] xcloner_database.INFO: Dumping 0 records starting position 0 from information_schema.INNODB_TRX table [""] []
[2026-01-01 20:53:04] xcloner_api.INFO: Processing ajax request ID _rjkzn0ogg [] []
[2026-01-01 20:53:05] xcloner_database.INFO: Dumping the structure for information_schema.INNODB_CMP_PER_INDEX table [""] []
[2026-01-01 20:53:05] xcloner_database.INFO: Dumping 0 records starting position 0 from information_schema.INNODB_CMP_PER_INDEX table [""] []
[2026-01-01 20:53:05] xcloner_api.INFO: Processing ajax request ID _0xldwphyd [] []
[2026-01-01 20:53:06] xcloner_database.INFO: Dumping the structure for information_schema.INNODB_METRICS table [""] []
[2026-01-01 20:53:06] xcloner_database.INFO: Dumping 0 records starting position 0 from information_schema.INNODB_METRICS table [""] []
[2026-01-01 20:53:06] xcloner_api.INFO: Processing ajax request ID _3gt40cjbj [] []
[2026-01-01 20:53:06] xcloner_database.INFO: Dumping the structure for information_schema.INNODB_FT_DELETED table [""] []
[2026-01-01 20:53:06] xcloner_database.INFO: Dumping 0 records starting position 0 from information_schema.INNODB_FT_DELETED table [""] []
[2026-01-01 20:53:07] xcloner_api.INFO: Processing ajax request ID _u8x4gnhji [] []
[2026-01-01 20:53:07] xcloner_database.INFO: Dumping the structure for information_schema.INNODB_CMP table [""] []
[2026-01-01 20:53:07] xcloner_database.INFO: Dumping 0 records starting position 0 from information_schema.INNODB_CMP table [""] []
[2026-01-01 20:53:07] xcloner_api.INFO: Processing ajax request ID _670sdif77 [] []
[2026-01-01 20:53:08] xcloner_database.INFO: Dumping the structure for information_schema.THREAD_POOL_WAITS table [""] []
[2026-01-01 20:53:08] xcloner_database.INFO: Dumping 0 records starting position 0 from information_schema.THREAD_POOL_WAITS table [""] []
[2026-01-01 20:53:08] xcloner_api.INFO: Processing ajax request ID _x7leupija [] []
[2026-01-01 20:53:08] xcloner_database.INFO: Dumping the structure for information_schema.INNODB_CMP_RESET table [""] []
[2026-01-01 20:53:08] xcloner_database.INFO: Dumping 0 records starting position 0 from information_schema.INNODB_CMP_RESET table [""] []
[2026-01-01 20:53:09] xcloner_api.INFO: Processing ajax request ID _eu3bmoq9h [] []
[2026-01-01 20:53:09] xcloner_database.INFO: Dumping the structure for information_schema.THREAD_POOL_QUEUES table [""] []
[2026-01-01 20:53:09] xcloner_database.INFO: Dumping 0 records starting position 0 from information_schema.THREAD_POOL_QUEUES table [""] []
[2026-01-01 20:53:09] xcloner_api.INFO: Processing ajax request ID _i9l50mr5o [] []
[2026-01-01 20:53:10] xcloner_database.INFO: Dumping the structure for information_schema.TABLE_STATISTICS table [""] []
[2026-01-01 20:53:10] xcloner_database.INFO: Dumping 0 records starting position 0 from information_schema.TABLE_STATISTICS table [""] []
[2026-01-01 20:53:10] xcloner_api.INFO: Processing ajax request ID _ywmmgnd4p [] []
[2026-01-01 20:53:11] xcloner_database.INFO: Dumping the structure for information_schema.INNODB_SYS_FIELDS table [""] []
[2026-01-01 20:53:11] xcloner_database.INFO: Dumping 0 records starting position 0 from information_schema.INNODB_SYS_FIELDS table [""] []
[2026-01-01 20:53:11] xcloner_api.INFO: Processing ajax request ID _gk0gth52m [] []
[2026-01-01 20:53:11] xcloner_database.INFO: Dumping the structure for information_schema.INNODB_BUFFER_PAGE_LRU table [""] []
[2026-01-01 20:53:11] xcloner_database.INFO: Dumping 0 records starting position 0 from information_schema.INNODB_BUFFER_PAGE_LRU table [""] []
[2026-01-01 20:53:12] xcloner_api.INFO: Processing ajax request ID _qu9uo416a [] []
[2026-01-01 20:53:12] xcloner_database.INFO: Dumping the structure for information_schema.INNODB_LOCKS table [""] []
[2026-01-01 20:53:12] xcloner_database.INFO: Dumping 0 records starting position 0 from information_schema.INNODB_LOCKS table [""] []
[2026-01-01 20:53:12] xcloner_api.INFO: Processing ajax request ID _j3zi3wx00 [] []
[2026-01-01 20:53:13] xcloner_database.INFO: Dumping the structure for information_schema.INNODB_FT_INDEX_TABLE table [""] []
[2026-01-01 20:53:13] xcloner_database.INFO: Dumping 0 records starting position 0 from information_schema.INNODB_FT_INDEX_TABLE table [""] []
[2026-01-01 20:53:13] xcloner_api.INFO: Processing ajax request ID _vv2mhaxf6 [] []
[2026-01-01 20:53:14] xcloner_database.INFO: Dumping the structure for information_schema.INNODB_CMPMEM table [""] []
[2026-01-01 20:53:14] xcloner_database.INFO: Dumping 0 records starting position 0 from information_schema.INNODB_CMPMEM table [""] []
[2026-01-01 20:53:14] xcloner_api.INFO: Processing ajax request ID _0gm45yhhy [] []
[2026-01-01 20:53:14] xcloner_database.INFO: Dumping the structure for information_schema.THREAD_POOL_GROUPS table [""] []
[2026-01-01 20:53:14] xcloner_database.INFO: Dumping 0 records starting position 0 from information_schema.THREAD_POOL_GROUPS table [""] []
[2026-01-01 20:53:14] xcloner_api.INFO: Processing ajax request ID _nhlmhs2b4 [] []
[2026-01-01 20:53:15] xcloner_database.INFO: Dumping the structure for information_schema.INNODB_CMP_PER_INDEX_RESET table [""] []
[2026-01-01 20:53:15] xcloner_database.INFO: Dumping 0 records starting position 0 from information_schema.INNODB_CMP_PER_INDEX_RESET table [""] []
[2026-01-01 20:53:15] xcloner_api.INFO: Processing ajax request ID _pkxy6kdto [] []
[2026-01-01 20:53:16] xcloner_database.INFO: Dumping the structure for information_schema.INNODB_SYS_FOREIGN_COLS table [""] []
[2026-01-01 20:53:16] xcloner_database.INFO: Dumping 0 records starting position 0 from information_schema.INNODB_SYS_FOREIGN_COLS table [""] []
[2026-01-01 20:53:16] xcloner_api.INFO: Processing ajax request ID _iyluwh3e7 [] []
[2026-01-01 20:53:16] xcloner_database.INFO: Dumping the structure for information_schema.INNODB_FT_INDEX_CACHE table [""] []
[2026-01-01 20:53:16] xcloner_database.INFO: Dumping 0 records starting position 0 from information_schema.INNODB_FT_INDEX_CACHE table [""] []
[2026-01-01 20:53:16] xcloner_api.INFO: Processing ajax request ID _kf0iin52j [] []
[2026-01-01 20:53:17] xcloner_database.INFO: Dumping the structure for information_schema.INNODB_BUFFER_POOL_STATS table [""] []
[2026-01-01 20:53:17] xcloner_database.INFO: Dumping 0 records starting position 0 from information_schema.INNODB_BUFFER_POOL_STATS table [""] []
[2026-01-01 20:53:17] xcloner_api.INFO: Processing ajax request ID _6hhpjp0nv [] []
[2026-01-01 20:53:18] xcloner_database.INFO: Dumping the structure for information_schema.INNODB_FT_BEING_DELETED table [""] []
[2026-01-01 20:53:18] xcloner_database.INFO: Dumping 0 records starting position 0 from information_schema.INNODB_FT_BEING_DELETED table [""] []
[2026-01-01 20:53:18] xcloner_api.INFO: Processing ajax request ID _npxjfn599 [] []
[2026-01-01 20:53:18] xcloner_database.INFO: Dumping the structure for information_schema.INNODB_SYS_FOREIGN table [""] []
[2026-01-01 20:53:18] xcloner_database.INFO: Dumping 0 records starting position 0 from information_schema.INNODB_SYS_FOREIGN table [""] []
[2026-01-01 20:53:19] xcloner_api.INFO: Processing ajax request ID _r7y39sd4m [] []
[2026-01-01 20:53:19] xcloner_database.INFO: Dumping the structure for information_schema.INNODB_CMPMEM_RESET table [""] []
[2026-01-01 20:53:19] xcloner_database.INFO: Dumping 0 records starting position 0 from information_schema.INNODB_CMPMEM_RESET table [""] []
[2026-01-01 20:53:19] xcloner_api.INFO: Processing ajax request ID _u4cwdx1rz [] []
[2026-01-01 20:53:20] xcloner_database.INFO: Dumping the structure for information_schema.INNODB_FT_DEFAULT_STOPWORD table [""] []
[2026-01-01 20:53:20] xcloner_database.INFO: Dumping 36 records starting position 0 from information_schema.INNODB_FT_DEFAULT_STOPWORD table [""] []
[2026-01-01 20:53:20] xcloner_api.INFO: Processing ajax request ID _d89tu7uc5 [] []
[2026-01-01 20:53:21] xcloner_database.INFO: Dumping the structure for information_schema.INNODB_SYS_TABLES table [""] []
[2026-01-01 20:53:21] xcloner_database.INFO: Dumping 0 records starting position 0 from information_schema.INNODB_SYS_TABLES table [""] []
[2026-01-01 20:53:21] xcloner_api.INFO: Processing ajax request ID _jxp3vssbv [] []
[2026-01-01 20:53:21] xcloner_database.INFO: Dumping the structure for information_schema.INNODB_SYS_COLUMNS table [""] []
[2026-01-01 20:53:21] xcloner_database.INFO: Dumping 0 records starting position 0 from information_schema.INNODB_SYS_COLUMNS table [""] []
[2026-01-01 20:53:21] xcloner_api.INFO: Processing ajax request ID _xue3dv6pb [] []
[2026-01-01 20:53:22] xcloner_database.INFO: Dumping the structure for information_schema.INNODB_SYS_TABLESPACES table [""] []
[2026-01-01 20:53:22] xcloner_database.INFO: Dumping 0 records starting position 0 from information_schema.INNODB_SYS_TABLESPACES table [""] []
[2026-01-01 20:53:22] xcloner_api.INFO: Processing ajax request ID _qsc1jpn6a [] []
[2026-01-01 20:53:23] xcloner_database.INFO: Dumping the structure for information_schema.INNODB_SYS_INDEXES table [""] []
[2026-01-01 20:53:23] xcloner_database.INFO: Dumping 0 records starting position 0 from information_schema.INNODB_SYS_INDEXES table [""] []
[2026-01-01 20:53:23] xcloner_api.INFO: Processing ajax request ID _a6xwkoi7b [] []
[2026-01-01 20:53:23] xcloner_database.INFO: Dumping the structure for information_schema.INNODB_BUFFER_PAGE table [""] []
[2026-01-01 20:53:23] xcloner_database.INFO: Dumping 0 records starting position 0 from information_schema.INNODB_BUFFER_PAGE table [""] []
[2026-01-01 20:53:23] xcloner_api.INFO: Processing ajax request ID _ngoir9tyn [] []
[2026-01-01 20:53:24] xcloner_database.INFO: Dumping the structure for information_schema.INNODB_SYS_VIRTUAL table [""] []
[2026-01-01 20:53:24] xcloner_database.INFO: Dumping 0 records starting position 0 from information_schema.INNODB_SYS_VIRTUAL table [""] []
[2026-01-01 20:53:24] xcloner_api.INFO: Processing ajax request ID _tgi2m62kr [] []
[2026-01-01 20:53:25] xcloner_database.INFO: Dumping the structure for information_schema.user_variables table [""] []
[2026-01-01 20:53:25] xcloner_database.INFO: Dumping 0 records starting position 0 from information_schema.user_variables table [""] []
[2026-01-01 20:53:25] xcloner_api.INFO: Processing ajax request ID _it9o676hd [] []
[2026-01-01 20:53:25] xcloner_database.INFO: Dumping the structure for information_schema.INNODB_TABLESPACES_ENCRYPTION table [""] []
[2026-01-01 20:53:25] xcloner_database.INFO: Dumping 0 records starting position 0 from information_schema.INNODB_TABLESPACES_ENCRYPTION table [""] []
[2026-01-01 20:53:25] xcloner_api.INFO: Processing ajax request ID _pc941i0r9 [] []
[2026-01-01 20:53:26] xcloner_database.INFO: Dumping the structure for information_schema.INNODB_LOCK_WAITS table [""] []
[2026-01-01 20:53:26] xcloner_database.INFO: Dumping 0 records starting position 0 from information_schema.INNODB_LOCK_WAITS table [""] []
[2026-01-01 20:53:26] xcloner_api.INFO: Processing ajax request ID _hrobqiehn [] []
[2026-01-01 20:53:27] xcloner_database.INFO: Dumping the structure for information_schema.THREAD_POOL_STATS table [""] []
[2026-01-01 20:53:27] xcloner_database.INFO: Dumping 0 records starting position 0 from information_schema.THREAD_POOL_STATS table [""] []
[2026-01-01 20:53:27] xcloner_api.INFO: Processing ajax request ID _5ljz6ojwv [] []
[2026-01-01 20:53:27] xcloner_api.INFO: Processing ajax request ID _p8zqhe8ob [] []
[2026-01-01 20:53:28] xcloner_archive.INFO: Initializing the backup archive backup_veroniquegru.ieslossauces.es-2026-01-01_20-53-nosql [] []
[2026-01-01 20:53:28] xcloner_archive.INFO: Adding 0 bytes of file xcloner-20217/index.html to archive backup_veroniquegru.ieslossauces.es-2026-01-01_20-53-nosql-20217.tar  [] []
[2026-01-01 20:53:28] xcloner_archive.INFO: Adding 399 bytes of file xcloner-20217/backup_files.csv to archive backup_veroniquegru.ieslossauces.es-2026-01-01_20-53-nosql-20217.tar  [] []
[2026-01-01 20:53:28] xcloner_archive.INFO: Adding 53854 bytes of file xcloner-20217/xcloner-20217.log to archive backup_veroniquegru.ieslossauces.es-2026-01-01_20-53-nosql-20217.tar  [] []
[2026-01-01 20:53:28] xcloner_archive.INFO: Adding 5600388 bytes of file xcloner-20217/database-backup.sql to archive backup_veroniquegru.ieslossauces.es-2026-01-01_20-53-nosql-20217.tar  [] []
[2026-01-01 20:53:28] xcloner_archive.INFO: Adding 1148475 bytes of file xcloner-20217/information_schema-backup.sql to archive backup_veroniquegru.ieslossauces.es-2026-01-01_20-53-nosql-20217.tar  [] []
[2026-01-01 20:53:28] xcloner_archive.INFO: Closing the backup archive backup_veroniquegru.ieslossauces.es-2026-01-01_20-53-nosql-20217.tar with 2*512 zero bytes blocks. [] []
[2026-01-01 20:53:28] xcloner_archive.INFO: Sending backup notification to veronique.gru@educa.jcyl.es [] []
