[2025-12-30 09:37:08] xcloner_database.ERROR: Access denied; you need (at least one of) the PROCESS privilege(s) for this operation [""] []
[2025-12-30 09:37:08] xcloner_database.ERROR: Access denied; you need (at least one of) the PROCESS privilege(s) for this operation [""] []
[2025-12-30 09:37:08] xcloner_database.ERROR: Access denied; you need (at least one of) the PROCESS privilege(s) for this operation [""] []
[2025-12-30 09:37:08] xcloner_database.ERROR: Access denied; you need (at least one of) the PROCESS privilege(s) for this operation [""] []
[2025-12-30 09:37:08] xcloner_database.ERROR: Access denied; you need (at least one of) the PROCESS privilege(s) for this operation [""] []
[2025-12-30 09:37:08] xcloner_database.ERROR: Access denied; you need (at least one of) the PROCESS privilege(s) for this operation [""] []
[2025-12-30 09:37:08] xcloner_database.ERROR: Access denied; you need (at least one of) the PROCESS privilege(s) for this operation [""] []
[2025-12-30 09:37:08] xcloner_database.ERROR: Access denied; you need (at least one of) the PROCESS privilege(s) for this operation [""] []
[2025-12-30 09:37:08] xcloner_database.ERROR: Access denied; you need (at least one of) the PROCESS privilege(s) for this operation [""] []
[2025-12-30 09:37:08] xcloner_database.ERROR: Access denied; you need (at least one of) the PROCESS privilege(s) for this operation [""] []
[2025-12-30 09:37:08] xcloner_database.ERROR: Access denied; you need (at least one of) the PROCESS privilege(s) for this operation [""] []
[2025-12-30 09:37:08] xcloner_database.ERROR: Access denied; you need (at least one of) the PROCESS privilege(s) for this operation [""] []
[2025-12-30 09:37:08] xcloner_database.ERROR: Access denied; you need (at least one of) the PROCESS privilege(s) for this operation [""] []
[2025-12-30 09:37:08] xcloner_database.ERROR: Access denied; you need (at least one of) the PROCESS privilege(s) for this operation [""] []
[2025-12-30 09:37:08] xcloner_database.ERROR: Access denied; you need (at least one of) the PROCESS privilege(s) for this operation [""] []
[2025-12-30 09:37:08] xcloner_database.ERROR: Access denied; you need (at least one of) the PROCESS privilege(s) for this operation [""] []
[2025-12-30 09:37:08] xcloner_database.ERROR: Access denied; you need (at least one of) the PROCESS privilege(s) for this operation [""] []
[2025-12-30 09:37:08] xcloner_database.ERROR: Access denied; you need (at least one of) the PROCESS privilege(s) for this operation [""] []
[2025-12-30 09:37:08] xcloner_database.ERROR: Access denied; you need (at least one of) the PROCESS privilege(s) for this operation [""] []
[2025-12-30 09:37:08] xcloner_database.ERROR: Access denied; you need (at least one of) the PROCESS privilege(s) for this operation [""] []
[2025-12-30 09:37:08] xcloner_database.ERROR: Access denied; you need (at least one of) the PROCESS privilege(s) for this operation [""] []
[2025-12-30 09:37:08] xcloner_database.ERROR: Access denied; you need (at least one of) the PROCESS privilege(s) for this operation [""] []
[2025-12-30 09:37:08] xcloner_database.ERROR: Access denied; you need (at least one of) the PROCESS privilege(s) for this operation [""] []
[2025-12-30 09:37:08] xcloner_database.ERROR: Access denied; you need (at least one of) the PROCESS privilege(s) for this operation [""] []
[2025-12-30 09:37:08] xcloner_database.ERROR: Access denied; you need (at least one of) the PROCESS privilege(s) for this operation [""] []
[2025-12-30 09:37:08] xcloner_database.ERROR: Access denied; you need (at least one of) the PROCESS privilege(s) for this operation [""] []
[2025-12-30 09:37:08] xcloner_database.ERROR: Access denied; you need (at least one of) the PROCESS privilege(s) for this operation [""] []
[2025-12-30 09:37:08] xcloner_database.ERROR: Access denied; you need (at least one of) the PROCESS privilege(s) for this operation [""] []
[2025-12-30 09:38:24] xcloner_api.INFO: Processing ajax request ID _9scpjx4u1 [] []
[2025-12-30 09:38:26] xcloner_file_system.INFO: Starting the filesystem scanner on root folder /var/www/html/wordpress [] []
[2025-12-30 09:38:26] xcloner_file_system.INFO: Excluding .git from the filesystem list, matching pattern / ["FILESYSTEM SCAN","EXCLUDE"] []
[2025-12-30 09:38:26] xcloner_file_system.INFO: Excluding .gitignore from the filesystem list, matching pattern / ["FILESYSTEM SCAN","EXCLUDE"] []
[2025-12-30 09:38:26] xcloner_file_system.INFO: Excluding .htaccess from the filesystem list, matching pattern / ["FILESYSTEM SCAN","EXCLUDE"] []
[2025-12-30 09:38:26] xcloner_file_system.INFO: Excluding index.php from the filesystem list, matching pattern / ["FILESYSTEM SCAN","EXCLUDE"] []
[2025-12-30 09:38:26] xcloner_file_system.INFO: Excluding license.txt from the filesystem list, matching pattern / ["FILESYSTEM SCAN","EXCLUDE"] []
[2025-12-30 09:38:26] xcloner_file_system.INFO: Excluding readme.html from the filesystem list, matching pattern / ["FILESYSTEM SCAN","EXCLUDE"] []
[2025-12-30 09:38:26] xcloner_file_system.INFO: Excluding wp-activate.php from the filesystem list, matching pattern / ["FILESYSTEM SCAN","EXCLUDE"] []
[2025-12-30 09:38:26] xcloner_file_system.INFO: Excluding wp-admin from the filesystem list, matching pattern / ["FILESYSTEM SCAN","EXCLUDE"] []
[2025-12-30 09:38:26] xcloner_file_system.INFO: Excluding wp-blog-header.php from the filesystem list, matching pattern / ["FILESYSTEM SCAN","EXCLUDE"] []
[2025-12-30 09:38:26] xcloner_file_system.INFO: Excluding wp-comments-post.php from the filesystem list, matching pattern / ["FILESYSTEM SCAN","EXCLUDE"] []
[2025-12-30 09:38:26] xcloner_file_system.INFO: Excluding wp-config-sample.php from the filesystem list, matching pattern / ["FILESYSTEM SCAN","EXCLUDE"] []
[2025-12-30 09:38:26] xcloner_file_system.INFO: Excluding wp-config.php from the filesystem list, matching pattern / ["FILESYSTEM SCAN","EXCLUDE"] []
[2025-12-30 09:38:26] xcloner_file_system.INFO: Excluding wp-content from the filesystem list, matching pattern / ["FILESYSTEM SCAN","EXCLUDE"] []
[2025-12-30 09:38:26] xcloner_file_system.INFO: Excluding wp-cron.php from the filesystem list, matching pattern / ["FILESYSTEM SCAN","EXCLUDE"] []
[2025-12-30 09:38:26] xcloner_file_system.INFO: Excluding wp-includes from the filesystem list, matching pattern / ["FILESYSTEM SCAN","EXCLUDE"] []
[2025-12-30 09:38:26] xcloner_file_system.INFO: Excluding wp-links-opml.php from the filesystem list, matching pattern / ["FILESYSTEM SCAN","EXCLUDE"] []
[2025-12-30 09:38:26] xcloner_file_system.INFO: Excluding wp-load.php from the filesystem list, matching pattern / ["FILESYSTEM SCAN","EXCLUDE"] []
[2025-12-30 09:38:26] xcloner_file_system.INFO: Excluding wp-login.php from the filesystem list, matching pattern / ["FILESYSTEM SCAN","EXCLUDE"] []
[2025-12-30 09:38:26] xcloner_file_system.INFO: Excluding wp-mail.php from the filesystem list, matching pattern / ["FILESYSTEM SCAN","EXCLUDE"] []
[2025-12-30 09:38:26] xcloner_file_system.INFO: Excluding wp-settings.php from the filesystem list, matching pattern / ["FILESYSTEM SCAN","EXCLUDE"] []
[2025-12-30 09:38:26] xcloner_file_system.INFO: Excluding wp-signup.php from the filesystem list, matching pattern / ["FILESYSTEM SCAN","EXCLUDE"] []
[2025-12-30 09:38:26] xcloner_file_system.INFO: Excluding wp-trackback.php from the filesystem list, matching pattern / ["FILESYSTEM SCAN","EXCLUDE"] []
[2025-12-30 09:38:26] xcloner_file_system.INFO: Excluding xmlrpc.php from the filesystem list, matching pattern / ["FILESYSTEM SCAN","EXCLUDE"] []
[2025-12-30 09:38:28] xcloner_api.INFO: Processing ajax request ID _tth98okaf [] []
[2025-12-30 09:38:30] xcloner_database.INFO: Preparing the database recursion file [""] []
[2025-12-30 09:38:30] xcloner_database.ERROR: Access denied; you need (at least one of) the PROCESS privilege(s) for this operation [""] []
[2025-12-30 09:38:30] xcloner_database.ERROR: Access denied; you need (at least one of) the PROCESS privilege(s) for this operation [""] []
[2025-12-30 09:38:30] xcloner_database.ERROR: Access denied; you need (at least one of) the PROCESS privilege(s) for this operation [""] []
[2025-12-30 09:38:30] xcloner_database.ERROR: Access denied; you need (at least one of) the PROCESS privilege(s) for this operation [""] []
[2025-12-30 09:38:30] xcloner_database.ERROR: Access denied; you need (at least one of) the PROCESS privilege(s) for this operation [""] []
[2025-12-30 09:38:30] xcloner_database.ERROR: Access denied; you need (at least one of) the PROCESS privilege(s) for this operation [""] []
[2025-12-30 09:38:30] xcloner_database.ERROR: Access denied; you need (at least one of) the PROCESS privilege(s) for this operation [""] []
[2025-12-30 09:38:30] xcloner_database.ERROR: Access denied; you need (at least one of) the PROCESS privilege(s) for this operation [""] []
[2025-12-30 09:38:30] xcloner_database.ERROR: Access denied; you need (at least one of) the PROCESS privilege(s) for this operation [""] []
[2025-12-30 09:38:30] xcloner_database.ERROR: Access denied; you need (at least one of) the PROCESS privilege(s) for this operation [""] []
[2025-12-30 09:38:30] xcloner_database.ERROR: Access denied; you need (at least one of) the PROCESS privilege(s) for this operation [""] []
[2025-12-30 09:38:30] xcloner_database.ERROR: Access denied; you need (at least one of) the PROCESS privilege(s) for this operation [""] []
[2025-12-30 09:38:30] xcloner_database.ERROR: Access denied; you need (at least one of) the PROCESS privilege(s) for this operation [""] []
[2025-12-30 09:38:30] xcloner_database.ERROR: Access denied; you need (at least one of) the PROCESS privilege(s) for this operation [""] []
[2025-12-30 09:38:30] xcloner_database.ERROR: Access denied; you need (at least one of) the PROCESS privilege(s) for this operation [""] []
[2025-12-30 09:38:30] xcloner_database.ERROR: Access denied; you need (at least one of) the PROCESS privilege(s) for this operation [""] []
[2025-12-30 09:38:30] xcloner_database.ERROR: Access denied; you need (at least one of) the PROCESS privilege(s) for this operation [""] []
[2025-12-30 09:38:30] xcloner_database.ERROR: Access denied; you need (at least one of) the PROCESS privilege(s) for this operation [""] []
[2025-12-30 09:38:30] xcloner_database.ERROR: Access denied; you need (at least one of) the PROCESS privilege(s) for this operation [""] []
[2025-12-30 09:38:30] xcloner_database.ERROR: Access denied; you need (at least one of) the PROCESS privilege(s) for this operation [""] []
[2025-12-30 09:38:30] xcloner_database.ERROR: Access denied; you need (at least one of) the PROCESS privilege(s) for this operation [""] []
[2025-12-30 09:38:30] xcloner_database.ERROR: Access denied; you need (at least one of) the PROCESS privilege(s) for this operation [""] []
[2025-12-30 09:38:30] xcloner_database.ERROR: Access denied; you need (at least one of) the PROCESS privilege(s) for this operation [""] []
[2025-12-30 09:38:30] xcloner_database.ERROR: Access denied; you need (at least one of) the PROCESS privilege(s) for this operation [""] []
[2025-12-30 09:38:30] xcloner_database.ERROR: Access denied; you need (at least one of) the PROCESS privilege(s) for this operation [""] []
[2025-12-30 09:38:30] xcloner_database.ERROR: Access denied; you need (at least one of) the PROCESS privilege(s) for this operation [""] []
[2025-12-30 09:38:30] xcloner_database.ERROR: Access denied; you need (at least one of) the PROCESS privilege(s) for this operation [""] []
[2025-12-30 09:38:30] xcloner_database.ERROR: Access denied; you need (at least one of) the PROCESS privilege(s) for this operation [""] []
[2025-12-30 09:38:30] xcloner_database.INFO: Preparing the database recursion file [""] []
[2025-12-30 09:38:33] xcloner_api.INFO: Processing ajax request ID _9ngag4amc [] []
[2025-12-30 09:38:35] xcloner_database.INFO: Starting new backup dump to file information_schema-backup.sql [""] []
[2025-12-30 09:38:35] xcloner_database.INFO: Writing information_schema database dump headers [""] []
[2025-12-30 09:38:35] xcloner_database.INFO: Dumping the structure for information_schema.ALL_PLUGINS table [""] []
[2025-12-30 09:38:35] xcloner_database.INFO: Dumping 97 records starting position 0 from information_schema.ALL_PLUGINS table [""] []
[2025-12-30 09:38:38] xcloner_api.INFO: Processing ajax request ID _443oso7db [] []
[2025-12-30 09:38:39] xcloner_database.INFO: Dumping the structure for information_schema.APPLICABLE_ROLES table [""] []
[2025-12-30 09:38:39] xcloner_database.INFO: Dumping 0 records starting position 0 from information_schema.APPLICABLE_ROLES table [""] []
[2025-12-30 09:38:42] xcloner_api.INFO: Processing ajax request ID _9jtge0d9s [] []
[2025-12-30 09:38:44] xcloner_database.INFO: Dumping the structure for information_schema.CHARACTER_SETS table [""] []
[2025-12-30 09:38:44] xcloner_database.INFO: Dumping 40 records starting position 0 from information_schema.CHARACTER_SETS table [""] []
[2025-12-30 09:38:46] xcloner_api.INFO: Processing ajax request ID _b6mnwfupo [] []
[2025-12-30 09:38:48] xcloner_database.INFO: Dumping the structure for information_schema.CHECK_CONSTRAINTS table [""] []
[2025-12-30 09:38:48] xcloner_database.INFO: Dumping 0 records starting position 0 from information_schema.CHECK_CONSTRAINTS table [""] []
[2025-12-30 09:38:51] xcloner_api.INFO: Processing ajax request ID _fqncmwwdx [] []
[2025-12-30 09:38:52] xcloner_database.INFO: Dumping the structure for information_schema.COLLATIONS table [""] []
[2025-12-30 09:38:53] xcloner_database.INFO: Dumping 506 records starting position 0 from information_schema.COLLATIONS table [""] []
[2025-12-30 09:38:55] xcloner_api.INFO: Processing ajax request ID _ffu6jmvt0 [] []
[2025-12-30 09:38:57] xcloner_database.INFO: Dumping the structure for information_schema.COLLATION_CHARACTER_SET_APPLICABILITY table [""] []
[2025-12-30 09:38:58] xcloner_database.INFO: Dumping 1242 records starting position 0 from information_schema.COLLATION_CHARACTER_SET_APPLICABILITY table [""] []
[2025-12-30 09:39:01] xcloner_api.INFO: Processing ajax request ID _4jd8fc0fn [] []
[2025-12-30 09:39:02] xcloner_database.INFO: Dumping the structure for information_schema.COLUMNS table [""] []
[2025-12-30 09:39:04] xcloner_database.INFO: Dumping 1092 records starting position 0 from information_schema.COLUMNS table [""] []
[2025-12-30 09:39:07] xcloner_api.INFO: Processing ajax request ID _qvy5o1m66 [] []
[2025-12-30 09:39:08] xcloner_database.INFO: Dumping the structure for information_schema.COLUMN_PRIVILEGES table [""] []
[2025-12-30 09:39:08] xcloner_database.INFO: Dumping 0 records starting position 0 from information_schema.COLUMN_PRIVILEGES table [""] []
[2025-12-30 09:39:11] xcloner_api.INFO: Processing ajax request ID _r3up3tv7s [] []
[2025-12-30 09:39:12] xcloner_database.INFO: Dumping the structure for information_schema.ENABLED_ROLES table [""] []
[2025-12-30 09:39:12] xcloner_database.INFO: Dumping 1 records starting position 0 from information_schema.ENABLED_ROLES table [""] []
[2025-12-30 09:39:15] xcloner_api.INFO: Processing ajax request ID _z5z1m3opv [] []
[2025-12-30 09:39:17] xcloner_database.INFO: Dumping the structure for information_schema.ENGINES table [""] []
[2025-12-30 09:39:17] xcloner_database.INFO: Dumping 8 records starting position 0 from information_schema.ENGINES table [""] []
[2025-12-30 09:39:20] xcloner_api.INFO: Processing ajax request ID _9cpnvka24 [] []
[2025-12-30 09:39:21] xcloner_database.INFO: Dumping the structure for information_schema.EVENTS table [""] []
[2025-12-30 09:39:21] xcloner_database.INFO: Dumping 0 records starting position 0 from information_schema.EVENTS table [""] []
[2025-12-30 09:39:24] xcloner_api.INFO: Processing ajax request ID _5xod92sbh [] []
[2025-12-30 09:39:26] xcloner_database.INFO: Dumping the structure for information_schema.FILES table [""] []
[2025-12-30 09:39:26] xcloner_database.INFO: Dumping 0 records starting position 0 from information_schema.FILES table [""] []
[2025-12-30 09:39:29] xcloner_api.INFO: Processing ajax request ID _dzd871o1v [] []
[2025-12-30 09:39:30] xcloner_database.INFO: Dumping the structure for information_schema.GLOBAL_STATUS table [""] []
[2025-12-30 09:39:30] xcloner_database.INFO: Dumping 562 records starting position 0 from information_schema.GLOBAL_STATUS table [""] []
[2025-12-30 09:39:33] xcloner_api.INFO: Processing ajax request ID _7vgeu1h39 [] []
[2025-12-30 09:39:35] xcloner_database.INFO: Dumping the structure for information_schema.GLOBAL_VARIABLES table [""] []
[2025-12-30 09:39:35] xcloner_database.INFO: Dumping 653 records starting position 0 from information_schema.GLOBAL_VARIABLES table [""] []
[2025-12-30 09:39:38] xcloner_api.INFO: Processing ajax request ID _wbjg499t7 [] []
[2025-12-30 09:39:39] xcloner_database.INFO: Dumping the structure for information_schema.KEYWORDS table [""] []
[2025-12-30 09:39:40] xcloner_database.INFO: Dumping 696 records starting position 0 from information_schema.KEYWORDS table [""] []
[2025-12-30 09:39:42] xcloner_api.INFO: Processing ajax request ID _37mxs84tq [] []
[2025-12-30 09:39:44] xcloner_database.INFO: Dumping the structure for information_schema.KEY_CACHES table [""] []
[2025-12-30 09:39:44] xcloner_database.INFO: Dumping 1 records starting position 0 from information_schema.KEY_CACHES table [""] []
[2025-12-30 09:39:47] xcloner_api.INFO: Processing ajax request ID _qh78zekls [] []
[2025-12-30 09:39:48] xcloner_database.INFO: Dumping the structure for information_schema.KEY_COLUMN_USAGE table [""] []
[2025-12-30 09:39:49] xcloner_database.INFO: Dumping 57 records starting position 0 from information_schema.KEY_COLUMN_USAGE table [""] []
[2025-12-30 09:39:51] xcloner_api.INFO: Processing ajax request ID _cnll5ieji [] []
[2025-12-30 09:39:53] xcloner_database.INFO: Dumping the structure for information_schema.OPTIMIZER_TRACE table [""] []
[2025-12-30 09:39:53] xcloner_database.INFO: Dumping 0 records starting position 0 from information_schema.OPTIMIZER_TRACE table [""] []
[2025-12-30 09:39:56] xcloner_api.INFO: Processing ajax request ID _t0b4xilk8 [] []
[2025-12-30 09:39:57] xcloner_database.INFO: Dumping the structure for information_schema.PARAMETERS table [""] []
[2025-12-30 09:39:57] xcloner_database.INFO: Dumping 0 records starting position 0 from information_schema.PARAMETERS table [""] []
[2025-12-30 09:40:00] xcloner_api.INFO: Processing ajax request ID _7hgz0rbuq [] []
[2025-12-30 09:40:02] xcloner_database.INFO: Dumping the structure for information_schema.PARTITIONS table [""] []
[2025-12-30 09:40:02] xcloner_database.INFO: Dumping 127 records starting position 0 from information_schema.PARTITIONS table [""] []
[2025-12-30 09:40:05] xcloner_api.INFO: Processing ajax request ID _ovl1cys8t [] []
[2025-12-30 09:40:06] xcloner_database.INFO: Dumping the structure for information_schema.PLUGINS table [""] []
[2025-12-30 09:40:06] xcloner_database.INFO: Dumping 74 records starting position 0 from information_schema.PLUGINS table [""] []
[2025-12-30 09:40:09] xcloner_api.INFO: Processing ajax request ID _n0n9hhid6 [] []
[2025-12-30 09:40:11] xcloner_database.INFO: Dumping the structure for information_schema.PROCESSLIST table [""] []
[2025-12-30 09:40:11] xcloner_database.INFO: Dumping 2 records starting position 0 from information_schema.PROCESSLIST table [""] []
[2025-12-30 09:40:14] xcloner_api.INFO: Processing ajax request ID _m5eyx0br2 [] []
[2025-12-30 09:40:15] xcloner_database.INFO: Dumping the structure for information_schema.PROFILING table [""] []
[2025-12-30 09:40:15] xcloner_database.INFO: Dumping 0 records starting position 0 from information_schema.PROFILING table [""] []
[2025-12-30 09:40:18] xcloner_api.INFO: Processing ajax request ID _rfh37tzgy [] []
[2025-12-30 09:40:20] xcloner_database.INFO: Dumping the structure for information_schema.REFERENTIAL_CONSTRAINTS table [""] []
[2025-12-30 09:40:20] xcloner_database.INFO: Dumping 0 records starting position 0 from information_schema.REFERENTIAL_CONSTRAINTS table [""] []
[2025-12-30 09:40:22] xcloner_api.INFO: Processing ajax request ID _2pv8x0qxf [] []
[2025-12-30 09:40:24] xcloner_database.INFO: Dumping the structure for information_schema.ROUTINES table [""] []
[2025-12-30 09:40:24] xcloner_database.INFO: Dumping 0 records starting position 0 from information_schema.ROUTINES table [""] []
[2025-12-30 09:40:27] xcloner_api.INFO: Processing ajax request ID _kcv5i0qho [] []
[2025-12-30 09:40:28] xcloner_database.INFO: Dumping the structure for information_schema.SCHEMATA table [""] []
[2025-12-30 09:40:28] xcloner_database.INFO: Dumping 2 records starting position 0 from information_schema.SCHEMATA table [""] []
[2025-12-30 09:40:31] xcloner_api.INFO: Processing ajax request ID _up7hdtgvd [] []
[2025-12-30 09:40:33] xcloner_database.INFO: Dumping the structure for information_schema.SCHEMA_PRIVILEGES table [""] []
[2025-12-30 09:40:33] xcloner_database.INFO: Dumping 19 records starting position 0 from information_schema.SCHEMA_PRIVILEGES table [""] []
[2025-12-30 09:40:36] xcloner_api.INFO: Processing ajax request ID _os15ay5uw [] []
[2025-12-30 09:40:37] xcloner_database.INFO: Dumping the structure for information_schema.SESSION_STATUS table [""] []
[2025-12-30 09:40:37] xcloner_database.INFO: Dumping 562 records starting position 0 from information_schema.SESSION_STATUS table [""] []
[2025-12-30 09:40:40] xcloner_api.INFO: Processing ajax request ID _huoznrwpw [] []
[2025-12-30 09:40:42] xcloner_database.INFO: Dumping the structure for information_schema.SESSION_VARIABLES table [""] []
[2025-12-30 09:40:42] xcloner_database.INFO: Dumping 672 records starting position 0 from information_schema.SESSION_VARIABLES table [""] []
[2025-12-30 09:40:45] xcloner_api.INFO: Processing ajax request ID _v2nc69q09 [] []
[2025-12-30 09:40:47] xcloner_database.INFO: Dumping the structure for information_schema.STATISTICS table [""] []
[2025-12-30 09:40:47] xcloner_database.INFO: Dumping 168 records starting position 0 from information_schema.STATISTICS table [""] []
[2025-12-30 09:40:50] xcloner_api.INFO: Processing ajax request ID _fgivg6vu0 [] []
[2025-12-30 09:40:51] xcloner_database.INFO: Dumping the structure for information_schema.SQL_FUNCTIONS table [""] []
[2025-12-30 09:40:51] xcloner_database.INFO: Dumping 261 records starting position 0 from information_schema.SQL_FUNCTIONS table [""] []
[2025-12-30 09:40:54] xcloner_api.INFO: Processing ajax request ID _jr4qxgsvo [] []
[2025-12-30 09:40:56] xcloner_database.INFO: Dumping the structure for information_schema.SYSTEM_VARIABLES table [""] []
[2025-12-30 09:40:56] xcloner_database.INFO: Dumping 672 records starting position 0 from information_schema.SYSTEM_VARIABLES table [""] []
[2025-12-30 09:40:59] xcloner_api.INFO: Processing ajax request ID _43j91wwun [] []
[2025-12-30 09:41:01] xcloner_database.INFO: Dumping the structure for information_schema.TABLES table [""] []
[2025-12-30 09:41:01] xcloner_database.INFO: Dumping 127 records starting position 0 from information_schema.TABLES table [""] []
[2025-12-30 09:41:04] xcloner_api.INFO: Processing ajax request ID _v1qm3b0sf [] []
[2025-12-30 09:41:05] xcloner_database.INFO: Dumping the structure for information_schema.TABLESPACES table [""] []
[2025-12-30 09:41:05] xcloner_database.INFO: Dumping 0 records starting position 0 from information_schema.TABLESPACES table [""] []
[2025-12-30 09:41:08] xcloner_api.INFO: Processing ajax request ID _dnkxvujvf [] []
[2025-12-30 09:41:10] xcloner_database.INFO: Dumping the structure for information_schema.TABLE_CONSTRAINTS table [""] []
[2025-12-30 09:41:10] xcloner_database.INFO: Dumping 52 records starting position 0 from information_schema.TABLE_CONSTRAINTS table [""] []
[2025-12-30 09:41:12] xcloner_api.INFO: Processing ajax request ID _zyfe5iuav [] []
[2025-12-30 09:41:14] xcloner_database.INFO: Dumping the structure for information_schema.TABLE_PRIVILEGES table [""] []
[2025-12-30 09:41:14] xcloner_database.INFO: Dumping 0 records starting position 0 from information_schema.TABLE_PRIVILEGES table [""] []
[2025-12-30 09:41:17] xcloner_api.INFO: Processing ajax request ID _cf6qmdqbj [] []
[2025-12-30 09:41:18] xcloner_database.INFO: Dumping the structure for information_schema.TRIGGERS table [""] []
[2025-12-30 09:41:18] xcloner_database.INFO: Dumping 0 records starting position 0 from information_schema.TRIGGERS table [""] []
[2025-12-30 09:41:21] xcloner_api.INFO: Processing ajax request ID _8m509cvh2 [] []
[2025-12-30 09:41:23] xcloner_database.INFO: Dumping the structure for information_schema.USER_PRIVILEGES table [""] []
[2025-12-30 09:41:23] xcloner_database.INFO: Dumping 1 records starting position 0 from information_schema.USER_PRIVILEGES table [""] []
[2025-12-30 09:41:26] xcloner_api.INFO: Processing ajax request ID _t0ynsad7x [] []
[2025-12-30 09:41:27] xcloner_database.INFO: Dumping the structure for information_schema.VIEWS table [""] []
[2025-12-30 09:41:27] xcloner_database.INFO: Dumping 0 records starting position 0 from information_schema.VIEWS table [""] []
[2025-12-30 09:41:30] xcloner_api.INFO: Processing ajax request ID _u9qp4ulac [] []
[2025-12-30 09:41:32] xcloner_database.INFO: Dumping the structure for information_schema.CLIENT_STATISTICS table [""] []
[2025-12-30 09:41:32] xcloner_database.INFO: Dumping 0 records starting position 0 from information_schema.CLIENT_STATISTICS table [""] []
[2025-12-30 09:41:35] xcloner_api.INFO: Processing ajax request ID _ep106m1t0 [] []
[2025-12-30 09:41:36] xcloner_database.INFO: Dumping the structure for information_schema.INDEX_STATISTICS table [""] []
[2025-12-30 09:41:36] xcloner_database.INFO: Dumping 0 records starting position 0 from information_schema.INDEX_STATISTICS table [""] []
[2025-12-30 09:41:39] xcloner_api.INFO: Processing ajax request ID _wa0lf8rgz [] []
[2025-12-30 09:41:41] xcloner_database.INFO: Dumping the structure for information_schema.INNODB_FT_CONFIG table [""] []
[2025-12-30 09:41:41] xcloner_database.INFO: Dumping 0 records starting position 0 from information_schema.INNODB_FT_CONFIG table [""] []
[2025-12-30 09:41:43] xcloner_api.INFO: Processing ajax request ID _sbiaapaiw [] []
[2025-12-30 09:41:45] xcloner_database.INFO: Dumping the structure for information_schema.GEOMETRY_COLUMNS table [""] []
[2025-12-30 09:41:45] xcloner_database.INFO: Dumping 0 records starting position 0 from information_schema.GEOMETRY_COLUMNS table [""] []
[2025-12-30 09:41:48] xcloner_api.INFO: Processing ajax request ID _piyp71bsf [] []
[2025-12-30 09:41:49] xcloner_database.INFO: Dumping the structure for information_schema.INNODB_SYS_TABLESTATS table [""] []
[2025-12-30 09:41:49] xcloner_database.INFO: Dumping 0 records starting position 0 from information_schema.INNODB_SYS_TABLESTATS table [""] []
[2025-12-30 09:41:52] xcloner_api.INFO: Processing ajax request ID _i90jrx7ke [] []
[2025-12-30 09:41:54] xcloner_database.INFO: Dumping the structure for information_schema.SPATIAL_REF_SYS table [""] []
[2025-12-30 09:41:54] xcloner_database.INFO: Dumping 2 records starting position 0 from information_schema.SPATIAL_REF_SYS table [""] []
[2025-12-30 09:41:57] xcloner_api.INFO: Processing ajax request ID _wid349xay [] []
[2025-12-30 09:41:58] xcloner_database.INFO: Dumping the structure for information_schema.USER_STATISTICS table [""] []
[2025-12-30 09:41:58] xcloner_database.INFO: Dumping 0 records starting position 0 from information_schema.USER_STATISTICS table [""] []
[2025-12-30 09:42:01] xcloner_api.INFO: Processing ajax request ID _c4ewcua82 [] []
[2025-12-30 09:42:03] xcloner_database.INFO: Dumping the structure for information_schema.INNODB_TRX table [""] []
[2025-12-30 09:42:03] xcloner_database.INFO: Dumping 0 records starting position 0 from information_schema.INNODB_TRX table [""] []
[2025-12-30 09:42:05] xcloner_api.INFO: Processing ajax request ID _ezrbcogdy [] []
[2025-12-30 09:42:07] xcloner_database.INFO: Dumping the structure for information_schema.INNODB_CMP_PER_INDEX table [""] []
[2025-12-30 09:42:07] xcloner_database.INFO: Dumping 0 records starting position 0 from information_schema.INNODB_CMP_PER_INDEX table [""] []
[2025-12-30 09:42:10] xcloner_api.INFO: Processing ajax request ID _f5cs11eh8 [] []
[2025-12-30 09:42:11] xcloner_database.INFO: Dumping the structure for information_schema.INNODB_METRICS table [""] []
[2025-12-30 09:42:11] xcloner_database.INFO: Dumping 0 records starting position 0 from information_schema.INNODB_METRICS table [""] []
[2025-12-30 09:42:14] xcloner_api.INFO: Processing ajax request ID _e3hsapi7r [] []
[2025-12-30 09:42:16] xcloner_database.INFO: Dumping the structure for information_schema.INNODB_FT_DELETED table [""] []
[2025-12-30 09:42:16] xcloner_database.INFO: Dumping 0 records starting position 0 from information_schema.INNODB_FT_DELETED table [""] []
[2025-12-30 09:42:19] xcloner_api.INFO: Processing ajax request ID _or3g383bb [] []
[2025-12-30 09:42:20] xcloner_database.INFO: Dumping the structure for information_schema.INNODB_CMP table [""] []
[2025-12-30 09:42:20] xcloner_database.INFO: Dumping 0 records starting position 0 from information_schema.INNODB_CMP table [""] []
[2025-12-30 09:42:23] xcloner_api.INFO: Processing ajax request ID _6psyg63pt [] []
[2025-12-30 09:42:25] xcloner_database.INFO: Dumping the structure for information_schema.THREAD_POOL_WAITS table [""] []
[2025-12-30 09:42:25] xcloner_database.INFO: Dumping 0 records starting position 0 from information_schema.THREAD_POOL_WAITS table [""] []
[2025-12-30 09:42:27] xcloner_api.INFO: Processing ajax request ID _yx1tjpfz2 [] []
[2025-12-30 09:42:29] xcloner_database.INFO: Dumping the structure for information_schema.INNODB_CMP_RESET table [""] []
[2025-12-30 09:42:29] xcloner_database.INFO: Dumping 0 records starting position 0 from information_schema.INNODB_CMP_RESET table [""] []
[2025-12-30 09:42:32] xcloner_api.INFO: Processing ajax request ID _triegm4y8 [] []
[2025-12-30 09:42:33] xcloner_database.INFO: Dumping the structure for information_schema.THREAD_POOL_QUEUES table [""] []
[2025-12-30 09:42:33] xcloner_database.INFO: Dumping 0 records starting position 0 from information_schema.THREAD_POOL_QUEUES table [""] []
[2025-12-30 09:42:36] xcloner_api.INFO: Processing ajax request ID _5o9qzoum9 [] []
[2025-12-30 09:42:38] xcloner_database.INFO: Dumping the structure for information_schema.TABLE_STATISTICS table [""] []
[2025-12-30 09:42:38] xcloner_database.INFO: Dumping 0 records starting position 0 from information_schema.TABLE_STATISTICS table [""] []
[2025-12-30 09:42:41] xcloner_api.INFO: Processing ajax request ID _lhbn2dsh9 [] []
[2025-12-30 09:42:42] xcloner_database.INFO: Dumping the structure for information_schema.INNODB_SYS_FIELDS table [""] []
[2025-12-30 09:42:42] xcloner_database.INFO: Dumping 0 records starting position 0 from information_schema.INNODB_SYS_FIELDS table [""] []
[2025-12-30 09:42:45] xcloner_api.INFO: Processing ajax request ID _z8mrnjfsj [] []
[2025-12-30 09:42:47] xcloner_database.INFO: Dumping the structure for information_schema.INNODB_BUFFER_PAGE_LRU table [""] []
[2025-12-30 09:42:47] xcloner_database.INFO: Dumping 0 records starting position 0 from information_schema.INNODB_BUFFER_PAGE_LRU table [""] []
[2025-12-30 09:42:50] xcloner_api.INFO: Processing ajax request ID _0xy0aokw7 [] []
[2025-12-30 09:42:51] xcloner_database.INFO: Dumping the structure for information_schema.INNODB_LOCKS table [""] []
[2025-12-30 09:42:51] xcloner_database.INFO: Dumping 0 records starting position 0 from information_schema.INNODB_LOCKS table [""] []
[2025-12-30 09:42:54] xcloner_api.INFO: Processing ajax request ID _fkacavqjy [] []
[2025-12-30 09:42:56] xcloner_database.INFO: Dumping the structure for information_schema.INNODB_FT_INDEX_TABLE table [""] []
[2025-12-30 09:42:56] xcloner_database.INFO: Dumping 0 records starting position 0 from information_schema.INNODB_FT_INDEX_TABLE table [""] []
[2025-12-30 09:42:58] xcloner_api.INFO: Processing ajax request ID _ciy4svfm3 [] []
[2025-12-30 09:43:00] xcloner_database.INFO: Dumping the structure for information_schema.INNODB_CMPMEM table [""] []
[2025-12-30 09:43:00] xcloner_database.INFO: Dumping 0 records starting position 0 from information_schema.INNODB_CMPMEM table [""] []
[2025-12-30 09:43:03] xcloner_api.INFO: Processing ajax request ID _u7g1xd1du [] []
[2025-12-30 09:43:04] xcloner_database.INFO: Dumping the structure for information_schema.THREAD_POOL_GROUPS table [""] []
[2025-12-30 09:43:04] xcloner_database.INFO: Dumping 0 records starting position 0 from information_schema.THREAD_POOL_GROUPS table [""] []
[2025-12-30 09:43:07] xcloner_api.INFO: Processing ajax request ID _6ecy90bxc [] []
[2025-12-30 09:43:09] xcloner_database.INFO: Dumping the structure for information_schema.INNODB_CMP_PER_INDEX_RESET table [""] []
[2025-12-30 09:43:09] xcloner_database.INFO: Dumping 0 records starting position 0 from information_schema.INNODB_CMP_PER_INDEX_RESET table [""] []
[2025-12-30 09:43:11] xcloner_api.INFO: Processing ajax request ID _tk5sqvx7j [] []
[2025-12-30 09:43:13] xcloner_database.INFO: Dumping the structure for information_schema.INNODB_SYS_FOREIGN_COLS table [""] []
[2025-12-30 09:43:13] xcloner_database.INFO: Dumping 0 records starting position 0 from information_schema.INNODB_SYS_FOREIGN_COLS table [""] []
[2025-12-30 09:43:16] xcloner_api.INFO: Processing ajax request ID _xrdi5s2ux [] []
[2025-12-30 09:43:17] xcloner_database.INFO: Dumping the structure for information_schema.INNODB_FT_INDEX_CACHE table [""] []
[2025-12-30 09:43:17] xcloner_database.INFO: Dumping 0 records starting position 0 from information_schema.INNODB_FT_INDEX_CACHE table [""] []
[2025-12-30 09:43:20] xcloner_api.INFO: Processing ajax request ID _ic76yhmws [] []
[2025-12-30 09:43:22] xcloner_database.INFO: Dumping the structure for information_schema.INNODB_BUFFER_POOL_STATS table [""] []
[2025-12-30 09:43:22] xcloner_database.INFO: Dumping 0 records starting position 0 from information_schema.INNODB_BUFFER_POOL_STATS table [""] []
[2025-12-30 09:43:25] xcloner_api.INFO: Processing ajax request ID _t136kyq2t [] []
[2025-12-30 09:43:26] xcloner_database.INFO: Dumping the structure for information_schema.INNODB_FT_BEING_DELETED table [""] []
[2025-12-30 09:43:26] xcloner_database.INFO: Dumping 0 records starting position 0 from information_schema.INNODB_FT_BEING_DELETED table [""] []
[2025-12-30 09:43:29] xcloner_api.INFO: Processing ajax request ID _0ln0abvyz [] []
[2025-12-30 09:43:31] xcloner_database.INFO: Dumping the structure for information_schema.INNODB_SYS_FOREIGN table [""] []
[2025-12-30 09:43:31] xcloner_database.INFO: Dumping 0 records starting position 0 from information_schema.INNODB_SYS_FOREIGN table [""] []
[2025-12-30 09:43:33] xcloner_api.INFO: Processing ajax request ID _0s34oesnn [] []
[2025-12-30 09:43:35] xcloner_database.INFO: Dumping the structure for information_schema.INNODB_CMPMEM_RESET table [""] []
[2025-12-30 09:43:35] xcloner_database.INFO: Dumping 0 records starting position 0 from information_schema.INNODB_CMPMEM_RESET table [""] []
[2025-12-30 09:43:38] xcloner_api.INFO: Processing ajax request ID _hl3clcaxp [] []
[2025-12-30 09:43:39] xcloner_database.INFO: Dumping the structure for information_schema.INNODB_FT_DEFAULT_STOPWORD table [""] []
[2025-12-30 09:43:39] xcloner_database.INFO: Dumping 36 records starting position 0 from information_schema.INNODB_FT_DEFAULT_STOPWORD table [""] []
[2025-12-30 09:43:42] xcloner_api.INFO: Processing ajax request ID _w18sng3yn [] []
[2025-12-30 09:43:44] xcloner_database.INFO: Dumping the structure for information_schema.INNODB_SYS_TABLES table [""] []
[2025-12-30 09:43:44] xcloner_database.INFO: Dumping 0 records starting position 0 from information_schema.INNODB_SYS_TABLES table [""] []
[2025-12-30 09:43:47] xcloner_api.INFO: Processing ajax request ID _48z33w37x [] []
[2025-12-30 09:43:48] xcloner_database.INFO: Dumping the structure for information_schema.INNODB_SYS_COLUMNS table [""] []
[2025-12-30 09:43:48] xcloner_database.INFO: Dumping 0 records starting position 0 from information_schema.INNODB_SYS_COLUMNS table [""] []
[2025-12-30 09:43:51] xcloner_api.INFO: Processing ajax request ID _j4c89ebhh [] []
[2025-12-30 09:43:53] xcloner_database.INFO: Dumping the structure for information_schema.INNODB_SYS_TABLESPACES table [""] []
[2025-12-30 09:43:53] xcloner_database.INFO: Dumping 0 records starting position 0 from information_schema.INNODB_SYS_TABLESPACES table [""] []
[2025-12-30 09:43:55] xcloner_api.INFO: Processing ajax request ID _jq9fts5hp [] []
[2025-12-30 09:43:57] xcloner_database.INFO: Dumping the structure for information_schema.INNODB_SYS_INDEXES table [""] []
[2025-12-30 09:43:57] xcloner_database.INFO: Dumping 0 records starting position 0 from information_schema.INNODB_SYS_INDEXES table [""] []
[2025-12-30 09:44:00] xcloner_api.INFO: Processing ajax request ID _ow8z0oeca [] []
[2025-12-30 09:44:01] xcloner_database.INFO: Dumping the structure for information_schema.INNODB_BUFFER_PAGE table [""] []
[2025-12-30 09:44:01] xcloner_database.INFO: Dumping 0 records starting position 0 from information_schema.INNODB_BUFFER_PAGE table [""] []
[2025-12-30 09:44:04] xcloner_api.INFO: Processing ajax request ID _fwba0xxwa [] []
[2025-12-30 09:44:06] xcloner_database.INFO: Dumping the structure for information_schema.INNODB_SYS_VIRTUAL table [""] []
[2025-12-30 09:44:06] xcloner_database.INFO: Dumping 0 records starting position 0 from information_schema.INNODB_SYS_VIRTUAL table [""] []
[2025-12-30 09:44:09] xcloner_api.INFO: Processing ajax request ID _77an0cjcv [] []
[2025-12-30 09:44:10] xcloner_database.INFO: Dumping the structure for information_schema.user_variables table [""] []
[2025-12-30 09:44:10] xcloner_database.INFO: Dumping 0 records starting position 0 from information_schema.user_variables table [""] []
[2025-12-30 09:44:13] xcloner_api.INFO: Processing ajax request ID _o0evx3ma2 [] []
[2025-12-30 09:44:15] xcloner_database.INFO: Dumping the structure for information_schema.INNODB_TABLESPACES_ENCRYPTION table [""] []
[2025-12-30 09:44:15] xcloner_database.INFO: Dumping 0 records starting position 0 from information_schema.INNODB_TABLESPACES_ENCRYPTION table [""] []
[2025-12-30 09:44:18] xcloner_api.INFO: Processing ajax request ID _ufm6570qr [] []
[2025-12-30 09:44:19] xcloner_database.INFO: Dumping the structure for information_schema.INNODB_LOCK_WAITS table [""] []
[2025-12-30 09:44:19] xcloner_database.INFO: Dumping 0 records starting position 0 from information_schema.INNODB_LOCK_WAITS table [""] []
[2025-12-30 09:44:22] xcloner_api.INFO: Processing ajax request ID _miagzmy96 [] []
[2025-12-30 09:44:24] xcloner_database.INFO: Dumping the structure for information_schema.THREAD_POOL_STATS table [""] []
[2025-12-30 09:44:24] xcloner_database.INFO: Dumping 0 records starting position 0 from information_schema.THREAD_POOL_STATS table [""] []
[2025-12-30 09:44:26] xcloner_api.INFO: Processing ajax request ID _sxk9toj21 [] []
[2025-12-30 09:44:28] xcloner_database.INFO: Starting new backup dump to file database-backup.sql [""] []
[2025-12-30 09:44:28] xcloner_database.INFO: Writing wordpress_db database dump headers [""] []
[2025-12-30 09:44:28] xcloner_database.INFO: Dumping the structure for wordpress_db.wp_actionscheduler_actions table [""] []
[2025-12-30 09:44:28] xcloner_database.INFO: Dumping 104 records starting position 0 from wordpress_db.wp_actionscheduler_actions table [""] []
[2025-12-30 09:44:31] xcloner_api.INFO: Processing ajax request ID _j7owuevm8 [] []
[2025-12-30 09:44:32] xcloner_database.INFO: Dumping the structure for wordpress_db.wp_actionscheduler_actions table [""] []
[2025-12-30 09:44:33] xcloner_database.INFO: Dumping 104 records starting position 0 from wordpress_db.wp_actionscheduler_actions table [""] []
[2025-12-30 09:44:35] xcloner_api.INFO: Processing ajax request ID _q5udpw7as [] []
[2025-12-30 09:44:37] xcloner_database.INFO: Dumping the structure for wordpress_db.wp_actionscheduler_claims table [""] []
[2025-12-30 09:44:37] xcloner_database.INFO: Dumping 0 records starting position 0 from wordpress_db.wp_actionscheduler_claims table [""] []
[2025-12-30 09:44:40] xcloner_api.INFO: Processing ajax request ID _g70k9f5e0 [] []
[2025-12-30 09:44:41] xcloner_database.INFO: Dumping the structure for wordpress_db.wp_actionscheduler_groups table [""] []
[2025-12-30 09:44:41] xcloner_database.INFO: Dumping 8 records starting position 0 from wordpress_db.wp_actionscheduler_groups table [""] []
[2025-12-30 09:44:44] xcloner_api.INFO: Processing ajax request ID _7aq8u1ejr [] []
[2025-12-30 09:44:46] xcloner_database.INFO: Dumping the structure for wordpress_db.wp_actionscheduler_logs table [""] []
[2025-12-30 09:44:46] xcloner_database.INFO: Dumping 293 records starting position 0 from wordpress_db.wp_actionscheduler_logs table [""] []
[2025-12-30 09:44:49] xcloner_api.INFO: Processing ajax request ID _v2zxztlzu [] []
[2025-12-30 09:44:50] xcloner_database.INFO: Dumping the structure for wordpress_db.wp_commentmeta table [""] []
[2025-12-30 09:44:50] xcloner_database.INFO: Dumping 2 records starting position 0 from wordpress_db.wp_commentmeta table [""] []
[2025-12-30 09:44:53] xcloner_api.INFO: Processing ajax request ID _nmv0s8bgz [] []
[2025-12-30 09:44:55] xcloner_database.INFO: Dumping the structure for wordpress_db.wp_comments table [""] []
[2025-12-30 09:44:55] xcloner_database.INFO: Dumping 2 records starting position 0 from wordpress_db.wp_comments table [""] []
[2025-12-30 09:44:58] xcloner_api.INFO: Processing ajax request ID _yyzl0cq8r [] []
[2025-12-30 09:44:59] xcloner_database.INFO: Dumping the structure for wordpress_db.wp_e_events table [""] []
[2025-12-30 09:44:59] xcloner_database.INFO: Dumping 16 records starting position 0 from wordpress_db.wp_e_events table [""] []
[2025-12-30 09:45:02] xcloner_api.INFO: Processing ajax request ID _et3eonlat [] []
[2025-12-30 09:45:04] xcloner_database.INFO: Dumping the structure for wordpress_db.wp_links table [""] []
[2025-12-30 09:45:04] xcloner_database.INFO: Dumping 0 records starting position 0 from wordpress_db.wp_links table [""] []
[2025-12-30 09:45:06] xcloner_api.INFO: Processing ajax request ID _qtea6nhzd [] []
[2025-12-30 09:45:08] xcloner_database.INFO: Dumping the structure for wordpress_db.wp_login_redirects table [""] []
[2025-12-30 09:45:08] xcloner_database.INFO: Dumping 2 records starting position 0 from wordpress_db.wp_login_redirects table [""] []
[2025-12-30 09:45:11] xcloner_api.INFO: Processing ajax request ID _suchlof8a [] []
[2025-12-30 09:45:12] xcloner_database.INFO: Dumping the structure for wordpress_db.wp_options table [""] []
[2025-12-30 09:45:13] xcloner_database.INFO: Dumping 376 records starting position 0 from wordpress_db.wp_options table [""] []
[2025-12-30 09:45:16] xcloner_api.INFO: Processing ajax request ID _ajrcr00es [] []
[2025-12-30 09:45:17] xcloner_database.INFO: Dumping the structure for wordpress_db.wp_postmeta table [""] []
[2025-12-30 09:45:18] xcloner_database.INFO: Dumping 1496 records starting position 0 from wordpress_db.wp_postmeta table [""] []
[2025-12-30 09:45:21] xcloner_api.INFO: Processing ajax request ID _ya7nz53mk [] []
[2025-12-30 09:45:22] xcloner_database.INFO: Dumping the structure for wordpress_db.wp_posts table [""] []
[2025-12-30 09:45:23] xcloner_database.INFO: Dumping 303 records starting position 0 from wordpress_db.wp_posts table [""] []
[2025-12-30 09:45:26] xcloner_api.INFO: Processing ajax request ID _c7dwul3am [] []
[2025-12-30 09:45:27] xcloner_database.INFO: Dumping the structure for wordpress_db.wp_say_what_strings table [""] []
[2025-12-30 09:45:28] xcloner_database.INFO: Dumping 1 records starting position 0 from wordpress_db.wp_say_what_strings table [""] []
[2025-12-30 09:45:30] xcloner_api.INFO: Processing ajax request ID _x7nwe5cyo [] []
[2025-12-30 09:45:32] xcloner_database.INFO: Dumping the structure for wordpress_db.wp_shepherd_tec_task_logs table [""] []
[2025-12-30 09:45:32] xcloner_database.INFO: Dumping 0 records starting position 0 from wordpress_db.wp_shepherd_tec_task_logs table [""] []
[2025-12-30 09:45:35] xcloner_api.INFO: Processing ajax request ID _5ckq0kkdt [] []
[2025-12-30 09:45:36] xcloner_database.INFO: Dumping the structure for wordpress_db.wp_shepherd_tec_tasks table [""] []
[2025-12-30 09:45:36] xcloner_database.INFO: Dumping 1 records starting position 0 from wordpress_db.wp_shepherd_tec_tasks table [""] []
[2025-12-30 09:45:39] xcloner_api.INFO: Processing ajax request ID _ra1a2trv2 [] []
[2025-12-30 09:45:41] xcloner_database.INFO: Dumping the structure for wordpress_db.wp_tec_events table [""] []
[2025-12-30 09:45:41] xcloner_database.INFO: Dumping 4 records starting position 0 from wordpress_db.wp_tec_events table [""] []
[2025-12-30 09:45:43] xcloner_api.INFO: Processing ajax request ID _5mwicnmp5 [] []
[2025-12-30 09:45:45] xcloner_database.INFO: Dumping the structure for wordpress_db.wp_tec_kv_cache table [""] []
[2025-12-30 09:45:45] xcloner_database.INFO: Dumping 4 records starting position 0 from wordpress_db.wp_tec_kv_cache table [""] []
[2025-12-30 09:45:48] xcloner_api.INFO: Processing ajax request ID _44inhfpl0 [] []
[2025-12-30 09:45:50] xcloner_database.INFO: Dumping the structure for wordpress_db.wp_tec_occurrences table [""] []
[2025-12-30 09:45:50] xcloner_database.INFO: Dumping 4 records starting position 0 from wordpress_db.wp_tec_occurrences table [""] []
[2025-12-30 09:45:52] xcloner_api.INFO: Processing ajax request ID _a8233khqt [] []
[2025-12-30 09:45:54] xcloner_database.INFO: Dumping the structure for wordpress_db.wp_tec_order_modifier_relationships table [""] []
[2025-12-30 09:45:54] xcloner_database.INFO: Dumping 0 records starting position 0 from wordpress_db.wp_tec_order_modifier_relationships table [""] []
[2025-12-30 09:45:57] xcloner_api.INFO: Processing ajax request ID _2dm1zvbip [] []
[2025-12-30 09:45:58] xcloner_database.INFO: Dumping the structure for wordpress_db.wp_tec_order_modifiers table [""] []
[2025-12-30 09:45:58] xcloner_database.INFO: Dumping 0 records starting position 0 from wordpress_db.wp_tec_order_modifiers table [""] []
[2025-12-30 09:46:01] xcloner_api.INFO: Processing ajax request ID _rrfd0h3xh [] []
[2025-12-30 09:46:03] xcloner_database.INFO: Dumping the structure for wordpress_db.wp_tec_order_modifiers_meta table [""] []
[2025-12-30 09:46:03] xcloner_database.INFO: Dumping 0 records starting position 0 from wordpress_db.wp_tec_order_modifiers_meta table [""] []
[2025-12-30 09:46:06] xcloner_api.INFO: Processing ajax request ID _y7rlxsy8o [] []
[2025-12-30 09:46:07] xcloner_database.INFO: Dumping the structure for wordpress_db.wp_tec_slr_layouts table [""] []
[2025-12-30 09:46:07] xcloner_database.INFO: Dumping 0 records starting position 0 from wordpress_db.wp_tec_slr_layouts table [""] []
[2025-12-30 09:46:10] xcloner_api.INFO: Processing ajax request ID _zrn6jiv6i [] []
[2025-12-30 09:46:12] xcloner_database.INFO: Dumping the structure for wordpress_db.wp_tec_slr_maps table [""] []
[2025-12-30 09:46:12] xcloner_database.INFO: Dumping 0 records starting position 0 from wordpress_db.wp_tec_slr_maps table [""] []
[2025-12-30 09:46:14] xcloner_api.INFO: Processing ajax request ID _u6qypbsbq [] []
[2025-12-30 09:46:16] xcloner_database.INFO: Dumping the structure for wordpress_db.wp_tec_slr_seat_types table [""] []
[2025-12-30 09:46:16] xcloner_database.INFO: Dumping 0 records starting position 0 from wordpress_db.wp_tec_slr_seat_types table [""] []
[2025-12-30 09:46:19] xcloner_api.INFO: Processing ajax request ID _7rvfq1lmr [] []
[2025-12-30 09:46:20] xcloner_database.INFO: Dumping the structure for wordpress_db.wp_tec_slr_sessions table [""] []
[2025-12-30 09:46:20] xcloner_database.INFO: Dumping 0 records starting position 0 from wordpress_db.wp_tec_slr_sessions table [""] []
[2025-12-30 09:46:23] xcloner_api.INFO: Processing ajax request ID _4qtgu9fsv [] []
[2025-12-30 09:46:25] xcloner_database.INFO: Dumping the structure for wordpress_db.wp_tec_tickets_commerce_webhooks table [""] []
[2025-12-30 09:46:25] xcloner_database.INFO: Dumping 0 records starting position 0 from wordpress_db.wp_tec_tickets_commerce_webhooks table [""] []
[2025-12-30 09:46:28] xcloner_api.INFO: Processing ajax request ID _hbp2ylfir [] []
[2025-12-30 09:46:29] xcloner_database.INFO: Dumping the structure for wordpress_db.wp_term_relationships table [""] []
[2025-12-30 09:46:29] xcloner_database.INFO: Dumping 24 records starting position 0 from wordpress_db.wp_term_relationships table [""] []
[2025-12-30 09:46:32] xcloner_api.INFO: Processing ajax request ID _yd4427tq4 [] []
[2025-12-30 09:46:34] xcloner_database.INFO: Dumping the structure for wordpress_db.wp_term_taxonomy table [""] []
[2025-12-30 09:46:34] xcloner_database.INFO: Dumping 8 records starting position 0 from wordpress_db.wp_term_taxonomy table [""] []
[2025-12-30 09:46:37] xcloner_api.INFO: Processing ajax request ID _t5kzut3o0 [] []
[2025-12-30 09:46:38] xcloner_database.INFO: Dumping the structure for wordpress_db.wp_termmeta table [""] []
[2025-12-30 09:46:38] xcloner_database.INFO: Dumping 6 records starting position 0 from wordpress_db.wp_termmeta table [""] []
[2025-12-30 09:46:41] xcloner_api.INFO: Processing ajax request ID _h1310i9je [] []
[2025-12-30 09:46:42] xcloner_database.INFO: Dumping the structure for wordpress_db.wp_terms table [""] []
[2025-12-30 09:46:43] xcloner_database.INFO: Dumping 8 records starting position 0 from wordpress_db.wp_terms table [""] []
[2025-12-30 09:46:45] xcloner_api.INFO: Processing ajax request ID _rglm5n68t [] []
[2025-12-30 09:46:47] xcloner_database.INFO: Dumping the structure for wordpress_db.wp_um_metadata table [""] []
[2025-12-30 09:46:47] xcloner_database.INFO: Dumping 0 records starting position 0 from wordpress_db.wp_um_metadata table [""] []
[2025-12-30 09:46:50] xcloner_api.INFO: Processing ajax request ID _pwsb2y5og [] []
[2025-12-30 09:46:51] xcloner_database.INFO: Dumping the structure for wordpress_db.wp_usermeta table [""] []
[2025-12-30 09:46:51] xcloner_database.INFO: Dumping 283 records starting position 0 from wordpress_db.wp_usermeta table [""] []
[2025-12-30 09:46:54] xcloner_api.INFO: Processing ajax request ID _5mlk7jghc [] []
[2025-12-30 09:46:56] xcloner_database.INFO: Dumping the structure for wordpress_db.wp_users table [""] []
[2025-12-30 09:46:56] xcloner_database.INFO: Dumping 13 records starting position 0 from wordpress_db.wp_users table [""] []
[2025-12-30 09:46:59] xcloner_api.INFO: Processing ajax request ID _tugsty8c6 [] []
[2025-12-30 09:47:00] xcloner_database.INFO: Dumping the structure for wordpress_db.wp_wc_comments_subscription table [""] []
[2025-12-30 09:47:00] xcloner_database.INFO: Dumping 0 records starting position 0 from wordpress_db.wp_wc_comments_subscription table [""] []
[2025-12-30 09:47:03] xcloner_api.INFO: Processing ajax request ID _kumuwm9mb [] []
[2025-12-30 09:47:05] xcloner_database.INFO: Dumping the structure for wordpress_db.wp_wc_feedback_forms table [""] []
[2025-12-30 09:47:05] xcloner_database.INFO: Dumping 0 records starting position 0 from wordpress_db.wp_wc_feedback_forms table [""] []
[2025-12-30 09:47:07] xcloner_api.INFO: Processing ajax request ID _mbptsgm0j [] []
[2025-12-30 09:47:09] xcloner_database.INFO: Dumping the structure for wordpress_db.wp_wc_follow_users table [""] []
[2025-12-30 09:47:09] xcloner_database.INFO: Dumping 0 records starting position 0 from wordpress_db.wp_wc_follow_users table [""] []
[2025-12-30 09:47:12] xcloner_api.INFO: Processing ajax request ID _9jtl14qg2 [] []
[2025-12-30 09:47:13] xcloner_database.INFO: Dumping the structure for wordpress_db.wp_wc_phrases table [""] []
[2025-12-30 09:47:13] xcloner_database.INFO: Dumping 206 records starting position 0 from wordpress_db.wp_wc_phrases table [""] []
[2025-12-30 09:47:16] xcloner_api.INFO: Processing ajax request ID _ddhf3m2wc [] []
[2025-12-30 09:47:18] xcloner_database.INFO: Dumping the structure for wordpress_db.wp_wc_users_rated table [""] []
[2025-12-30 09:47:18] xcloner_database.INFO: Dumping 0 records starting position 0 from wordpress_db.wp_wc_users_rated table [""] []
[2025-12-30 09:47:21] xcloner_api.INFO: Processing ajax request ID _uow8m1of0 [] []
[2025-12-30 09:47:22] xcloner_database.INFO: Dumping the structure for wordpress_db.wp_wc_users_voted table [""] []
[2025-12-30 09:47:22] xcloner_database.INFO: Dumping 1 records starting position 0 from wordpress_db.wp_wc_users_voted table [""] []
[2025-12-30 09:47:25] xcloner_api.INFO: Processing ajax request ID _c3elt5sau [] []
[2025-12-30 09:47:27] xcloner_database.INFO: Dumping the structure for wordpress_db.wp_wpforms_db table [""] []
[2025-12-30 09:47:27] xcloner_database.INFO: Dumping 2 records starting position 0 from wordpress_db.wp_wpforms_db table [""] []
[2025-12-30 09:47:30] xcloner_api.INFO: Processing ajax request ID _fal6sb3wc [] []
[2025-12-30 09:47:31] xcloner_database.INFO: Dumping the structure for wordpress_db.wp_wpforms_logs table [""] []
[2025-12-30 09:47:31] xcloner_database.INFO: Dumping 0 records starting position 0 from wordpress_db.wp_wpforms_logs table [""] []
[2025-12-30 09:47:34] xcloner_api.INFO: Processing ajax request ID _kyk3wajtz [] []
[2025-12-30 09:47:35] xcloner_database.INFO: Dumping the structure for wordpress_db.wp_wpforms_payment_meta table [""] []
[2025-12-30 09:47:35] xcloner_database.INFO: Dumping 0 records starting position 0 from wordpress_db.wp_wpforms_payment_meta table [""] []
[2025-12-30 09:47:38] xcloner_api.INFO: Processing ajax request ID _l7ws4762p [] []
[2025-12-30 09:47:40] xcloner_database.INFO: Dumping the structure for wordpress_db.wp_wpforms_payments table [""] []
[2025-12-30 09:47:40] xcloner_database.INFO: Dumping 0 records starting position 0 from wordpress_db.wp_wpforms_payments table [""] []
[2025-12-30 09:47:43] xcloner_api.INFO: Processing ajax request ID _zaflf829z [] []
[2025-12-30 09:47:44] xcloner_database.INFO: Dumping the structure for wordpress_db.wp_wpforms_tasks_meta table [""] []
[2025-12-30 09:47:44] xcloner_database.INFO: Dumping 5 records starting position 0 from wordpress_db.wp_wpforms_tasks_meta table [""] []
[2025-12-30 09:47:47] xcloner_api.INFO: Processing ajax request ID _fvcjz918b [] []
[2025-12-30 09:47:49] xcloner_database.INFO: Dumping the structure for wordpress_db.wp_xcloner_scheduler table [""] []
[2025-12-30 09:47:49] xcloner_database.INFO: Dumping 0 records starting position 0 from wordpress_db.wp_xcloner_scheduler table [""] []
[2025-12-30 09:47:51] xcloner_api.INFO: Processing ajax request ID _bnjk87gxp [] []
[2025-12-30 09:47:56] xcloner_api.INFO: Processing ajax request ID _b0jqbvz5j [] []
[2025-12-30 09:47:57] xcloner_archive.INFO: Initializing the backup archive backup_192.168.0.101-2025-12-30_09-47-nosql [] []
[2025-12-30 09:47:57] xcloner_archive.INFO: Adding 0 bytes of file xcloner-0be97/index.html to archive backup_192.168.0.101-2025-12-30_09-47-nosql-0be97.tar  [] []
[2025-12-30 09:47:57] xcloner_archive.INFO: Adding 399 bytes of file xcloner-0be97/backup_files.csv to archive backup_192.168.0.101-2025-12-30_09-47-nosql-0be97.tar  [] []
[2025-12-30 09:47:57] xcloner_archive.INFO: Adding 51343 bytes of file xcloner-0be97/xcloner-0be97.log to archive backup_192.168.0.101-2025-12-30_09-47-nosql-0be97.tar  [] []
[2025-12-30 09:47:57] xcloner_archive.INFO: Adding 1110362 bytes of file xcloner-0be97/information_schema-backup.sql to archive backup_192.168.0.101-2025-12-30_09-47-nosql-0be97.tar  [] []
[2025-12-30 09:47:58] xcloner_archive.INFO: Adding 4495741 bytes of file xcloner-0be97/database-backup.sql to archive backup_192.168.0.101-2025-12-30_09-47-nosql-0be97.tar  [] []
[2025-12-30 09:47:58] xcloner_archive.INFO: Closing the backup archive backup_192.168.0.101-2025-12-30_09-47-nosql-0be97.tar with 2*512 zero bytes blocks. [] []
[2025-12-30 09:47:58] xcloner_archive.INFO: Sending backup notification to veronique.gru@educa.jcyl.es [] []
