[2025-12-30 09:38:24] xcloner_restore.INFO: Processing ajax request ID _9scpjx4u1 [] []
[2025-12-30 09:38:28] xcloner_restore.INFO: Processing ajax request ID _tth98okaf [] []
[2025-12-30 09:38:33] xcloner_restore.INFO: Processing ajax request ID _9ngag4amc [] []
[2025-12-30 09:38:38] xcloner_restore.INFO: Processing ajax request ID _443oso7db [] []
[2025-12-30 09:38:42] xcloner_restore.INFO: Processing ajax request ID _9jtge0d9s [] []
[2025-12-30 09:38:46] xcloner_restore.INFO: Processing ajax request ID _b6mnwfupo [] []
[2025-12-30 09:38:51] xcloner_restore.INFO: Processing ajax request ID _fqncmwwdx [] []
[2025-12-30 09:38:55] xcloner_restore.INFO: Processing ajax request ID _ffu6jmvt0 [] []
[2025-12-30 09:39:01] xcloner_restore.INFO: Processing ajax request ID _4jd8fc0fn [] []
[2025-12-30 09:39:07] xcloner_restore.INFO: Processing ajax request ID _qvy5o1m66 [] []
[2025-12-30 09:39:11] xcloner_restore.INFO: Processing ajax request ID _r3up3tv7s [] []
[2025-12-30 09:39:15] xcloner_restore.INFO: Processing ajax request ID _z5z1m3opv [] []
[2025-12-30 09:39:20] xcloner_restore.INFO: Processing ajax request ID _9cpnvka24 [] []
[2025-12-30 09:39:24] xcloner_restore.INFO: Processing ajax request ID _5xod92sbh [] []
[2025-12-30 09:39:29] xcloner_restore.INFO: Processing ajax request ID _dzd871o1v [] []
[2025-12-30 09:39:33] xcloner_restore.INFO: Processing ajax request ID _7vgeu1h39 [] []
[2025-12-30 09:39:38] xcloner_restore.INFO: Processing ajax request ID _wbjg499t7 [] []
[2025-12-30 09:39:42] xcloner_restore.INFO: Processing ajax request ID _37mxs84tq [] []
[2025-12-30 09:39:47] xcloner_restore.INFO: Processing ajax request ID _qh78zekls [] []
[2025-12-30 09:39:51] xcloner_restore.INFO: Processing ajax request ID _cnll5ieji [] []
[2025-12-30 09:39:56] xcloner_restore.INFO: Processing ajax request ID _t0b4xilk8 [] []
[2025-12-30 09:40:00] xcloner_restore.INFO: Processing ajax request ID _7hgz0rbuq [] []
[2025-12-30 09:40:05] xcloner_restore.INFO: Processing ajax request ID _ovl1cys8t [] []
[2025-12-30 09:40:09] xcloner_restore.INFO: Processing ajax request ID _n0n9hhid6 [] []
[2025-12-30 09:40:14] xcloner_restore.INFO: Processing ajax request ID _m5eyx0br2 [] []
[2025-12-30 09:40:18] xcloner_restore.INFO: Processing ajax request ID _rfh37tzgy [] []
[2025-12-30 09:40:22] xcloner_restore.INFO: Processing ajax request ID _2pv8x0qxf [] []
[2025-12-30 09:40:27] xcloner_restore.INFO: Processing ajax request ID _kcv5i0qho [] []
[2025-12-30 09:40:31] xcloner_restore.INFO: Processing ajax request ID _up7hdtgvd [] []
[2025-12-30 09:40:36] xcloner_restore.INFO: Processing ajax request ID _os15ay5uw [] []
[2025-12-30 09:40:40] xcloner_restore.INFO: Processing ajax request ID _huoznrwpw [] []
[2025-12-30 09:40:45] xcloner_restore.INFO: Processing ajax request ID _v2nc69q09 [] []
[2025-12-30 09:40:50] xcloner_restore.INFO: Processing ajax request ID _fgivg6vu0 [] []
[2025-12-30 09:40:54] xcloner_restore.INFO: Processing ajax request ID _jr4qxgsvo [] []
[2025-12-30 09:40:59] xcloner_restore.INFO: Processing ajax request ID _43j91wwun [] []
[2025-12-30 09:41:04] xcloner_restore.INFO: Processing ajax request ID _v1qm3b0sf [] []
[2025-12-30 09:41:08] xcloner_restore.INFO: Processing ajax request ID _dnkxvujvf [] []
[2025-12-30 09:41:12] xcloner_restore.INFO: Processing ajax request ID _zyfe5iuav [] []
[2025-12-30 09:41:17] xcloner_restore.INFO: Processing ajax request ID _cf6qmdqbj [] []
[2025-12-30 09:41:21] xcloner_restore.INFO: Processing ajax request ID _8m509cvh2 [] []
[2025-12-30 09:41:26] xcloner_restore.INFO: Processing ajax request ID _t0ynsad7x [] []
[2025-12-30 09:41:30] xcloner_restore.INFO: Processing ajax request ID _u9qp4ulac [] []
[2025-12-30 09:41:35] xcloner_restore.INFO: Processing ajax request ID _ep106m1t0 [] []
[2025-12-30 09:41:39] xcloner_restore.INFO: Processing ajax request ID _wa0lf8rgz [] []
[2025-12-30 09:41:43] xcloner_restore.INFO: Processing ajax request ID _sbiaapaiw [] []
[2025-12-30 09:41:48] xcloner_restore.INFO: Processing ajax request ID _piyp71bsf [] []
[2025-12-30 09:41:52] xcloner_restore.INFO: Processing ajax request ID _i90jrx7ke [] []
[2025-12-30 09:41:57] xcloner_restore.INFO: Processing ajax request ID _wid349xay [] []
[2025-12-30 09:42:01] xcloner_restore.INFO: Processing ajax request ID _c4ewcua82 [] []
[2025-12-30 09:42:05] xcloner_restore.INFO: Processing ajax request ID _ezrbcogdy [] []
[2025-12-30 09:42:10] xcloner_restore.INFO: Processing ajax request ID _f5cs11eh8 [] []
[2025-12-30 09:42:14] xcloner_restore.INFO: Processing ajax request ID _e3hsapi7r [] []
[2025-12-30 09:42:19] xcloner_restore.INFO: Processing ajax request ID _or3g383bb [] []
[2025-12-30 09:42:23] xcloner_restore.INFO: Processing ajax request ID _6psyg63pt [] []
[2025-12-30 09:42:27] xcloner_restore.INFO: Processing ajax request ID _yx1tjpfz2 [] []
[2025-12-30 09:42:32] xcloner_restore.INFO: Processing ajax request ID _triegm4y8 [] []
[2025-12-30 09:42:36] xcloner_restore.INFO: Processing ajax request ID _5o9qzoum9 [] []
[2025-12-30 09:42:41] xcloner_restore.INFO: Processing ajax request ID _lhbn2dsh9 [] []
[2025-12-30 09:42:45] xcloner_restore.INFO: Processing ajax request ID _z8mrnjfsj [] []
[2025-12-30 09:42:50] xcloner_restore.INFO: Processing ajax request ID _0xy0aokw7 [] []
[2025-12-30 09:42:54] xcloner_restore.INFO: Processing ajax request ID _fkacavqjy [] []
[2025-12-30 09:42:58] xcloner_restore.INFO: Processing ajax request ID _ciy4svfm3 [] []
[2025-12-30 09:43:03] xcloner_restore.INFO: Processing ajax request ID _u7g1xd1du [] []
[2025-12-30 09:43:07] xcloner_restore.INFO: Processing ajax request ID _6ecy90bxc [] []
[2025-12-30 09:43:11] xcloner_restore.INFO: Processing ajax request ID _tk5sqvx7j [] []
[2025-12-30 09:43:16] xcloner_restore.INFO: Processing ajax request ID _xrdi5s2ux [] []
[2025-12-30 09:43:20] xcloner_restore.INFO: Processing ajax request ID _ic76yhmws [] []
[2025-12-30 09:43:25] xcloner_restore.INFO: Processing ajax request ID _t136kyq2t [] []
[2025-12-30 09:43:29] xcloner_restore.INFO: Processing ajax request ID _0ln0abvyz [] []
[2025-12-30 09:43:33] xcloner_restore.INFO: Processing ajax request ID _0s34oesnn [] []
[2025-12-30 09:43:38] xcloner_restore.INFO: Processing ajax request ID _hl3clcaxp [] []
[2025-12-30 09:43:42] xcloner_restore.INFO: Processing ajax request ID _w18sng3yn [] []
[2025-12-30 09:43:47] xcloner_restore.INFO: Processing ajax request ID _48z33w37x [] []
[2025-12-30 09:43:51] xcloner_restore.INFO: Processing ajax request ID _j4c89ebhh [] []
[2025-12-30 09:43:56] xcloner_restore.INFO: Processing ajax request ID _jq9fts5hp [] []
[2025-12-30 09:44:00] xcloner_restore.INFO: Processing ajax request ID _ow8z0oeca [] []
[2025-12-30 09:44:04] xcloner_restore.INFO: Processing ajax request ID _fwba0xxwa [] []
[2025-12-30 09:44:09] xcloner_restore.INFO: Processing ajax request ID _77an0cjcv [] []
[2025-12-30 09:44:13] xcloner_restore.INFO: Processing ajax request ID _o0evx3ma2 [] []
[2025-12-30 09:44:18] xcloner_restore.INFO: Processing ajax request ID _ufm6570qr [] []
[2025-12-30 09:44:22] xcloner_restore.INFO: Processing ajax request ID _miagzmy96 [] []
[2025-12-30 09:44:26] xcloner_restore.INFO: Processing ajax request ID _sxk9toj21 [] []
[2025-12-30 09:44:31] xcloner_restore.INFO: Processing ajax request ID _j7owuevm8 [] []
[2025-12-30 09:44:35] xcloner_restore.INFO: Processing ajax request ID _q5udpw7as [] []
[2025-12-30 09:44:40] xcloner_restore.INFO: Processing ajax request ID _g70k9f5e0 [] []
[2025-12-30 09:44:44] xcloner_restore.INFO: Processing ajax request ID _7aq8u1ejr [] []
[2025-12-30 09:44:49] xcloner_restore.INFO: Processing ajax request ID _v2zxztlzu [] []
[2025-12-30 09:44:53] xcloner_restore.INFO: Processing ajax request ID _nmv0s8bgz [] []
[2025-12-30 09:44:58] xcloner_restore.INFO: Processing ajax request ID _yyzl0cq8r [] []
[2025-12-30 09:45:02] xcloner_restore.INFO: Processing ajax request ID _et3eonlat [] []
[2025-12-30 09:45:06] xcloner_restore.INFO: Processing ajax request ID _qtea6nhzd [] []
[2025-12-30 09:45:11] xcloner_restore.INFO: Processing ajax request ID _suchlof8a [] []
[2025-12-30 09:45:16] xcloner_restore.INFO: Processing ajax request ID _ajrcr00es [] []
[2025-12-30 09:45:21] xcloner_restore.INFO: Processing ajax request ID _ya7nz53mk [] []
[2025-12-30 09:45:26] xcloner_restore.INFO: Processing ajax request ID _c7dwul3am [] []
[2025-12-30 09:45:30] xcloner_restore.INFO: Processing ajax request ID _x7nwe5cyo [] []
[2025-12-30 09:45:35] xcloner_restore.INFO: Processing ajax request ID _5ckq0kkdt [] []
[2025-12-30 09:45:39] xcloner_restore.INFO: Processing ajax request ID _ra1a2trv2 [] []
[2025-12-30 09:45:43] xcloner_restore.INFO: Processing ajax request ID _5mwicnmp5 [] []
[2025-12-30 09:45:48] xcloner_restore.INFO: Processing ajax request ID _44inhfpl0 [] []
[2025-12-30 09:45:52] xcloner_restore.INFO: Processing ajax request ID _a8233khqt [] []
[2025-12-30 09:45:57] xcloner_restore.INFO: Processing ajax request ID _2dm1zvbip [] []
[2025-12-30 09:46:01] xcloner_restore.INFO: Processing ajax request ID _rrfd0h3xh [] []
[2025-12-30 09:46:06] xcloner_restore.INFO: Processing ajax request ID _y7rlxsy8o [] []
[2025-12-30 09:46:10] xcloner_restore.INFO: Processing ajax request ID _zrn6jiv6i [] []
[2025-12-30 09:46:14] xcloner_restore.INFO: Processing ajax request ID _u6qypbsbq [] []
[2025-12-30 09:46:19] xcloner_restore.INFO: Processing ajax request ID _7rvfq1lmr [] []
[2025-12-30 09:46:23] xcloner_restore.INFO: Processing ajax request ID _4qtgu9fsv [] []
[2025-12-30 09:46:28] xcloner_restore.INFO: Processing ajax request ID _hbp2ylfir [] []
[2025-12-30 09:46:32] xcloner_restore.INFO: Processing ajax request ID _yd4427tq4 [] []
[2025-12-30 09:46:37] xcloner_restore.INFO: Processing ajax request ID _t5kzut3o0 [] []
[2025-12-30 09:46:41] xcloner_restore.INFO: Processing ajax request ID _h1310i9je [] []
[2025-12-30 09:46:45] xcloner_restore.INFO: Processing ajax request ID _rglm5n68t [] []
[2025-12-30 09:46:50] xcloner_restore.INFO: Processing ajax request ID _pwsb2y5og [] []
[2025-12-30 09:46:54] xcloner_restore.INFO: Processing ajax request ID _5mlk7jghc [] []
[2025-12-30 09:46:59] xcloner_restore.INFO: Processing ajax request ID _tugsty8c6 [] []
[2025-12-30 09:47:03] xcloner_restore.INFO: Processing ajax request ID _kumuwm9mb [] []
[2025-12-30 09:47:07] xcloner_restore.INFO: Processing ajax request ID _mbptsgm0j [] []
[2025-12-30 09:47:12] xcloner_restore.INFO: Processing ajax request ID _9jtl14qg2 [] []
[2025-12-30 09:47:16] xcloner_restore.INFO: Processing ajax request ID _ddhf3m2wc [] []
[2025-12-30 09:47:21] xcloner_restore.INFO: Processing ajax request ID _uow8m1of0 [] []
[2025-12-30 09:47:25] xcloner_restore.INFO: Processing ajax request ID _c3elt5sau [] []
[2025-12-30 09:47:30] xcloner_restore.INFO: Processing ajax request ID _fal6sb3wc [] []
[2025-12-30 09:47:34] xcloner_restore.INFO: Processing ajax request ID _kyk3wajtz [] []
[2025-12-30 09:47:38] xcloner_restore.INFO: Processing ajax request ID _l7ws4762p [] []
[2025-12-30 09:47:43] xcloner_restore.INFO: Processing ajax request ID _zaflf829z [] []
[2025-12-30 09:47:47] xcloner_restore.INFO: Processing ajax request ID _fvcjz918b [] []
[2025-12-30 09:47:51] xcloner_restore.INFO: Processing ajax request ID _bnjk87gxp [] []
[2025-12-30 09:47:56] xcloner_restore.INFO: Processing ajax request ID _b0jqbvz5j [] []
[2026-01-01 08:59:10] xcloner_restore.INFO: Processing ajax request ID _lxd5ol7kh [] []
[2026-01-01 08:59:12] xcloner_restore.DEBUG: Starting action list_backup_archives_action [] []
[2026-01-01 08:59:15] xcloner_restore.INFO: Processing ajax request ID _ia6lokqdy [] []
[2026-01-01 08:59:16] xcloner_restore.DEBUG: Starting action get_current_directory_action [] []
[2026-01-01 08:59:16] xcloner_restore.INFO: Determining current url as /var/www/html/wordpress and path as https://192.168.0.101/wordpress [] []
